Log file open, 04/11/15 23:44:53
LogInit:Display: Running engine without a game
LogInit:Display: Loading recent project file: ../../../../../../../Unreal Projects/Bridge/Bridge.uproject
LogInit: Version: 4.7.5-2503383+++depot+UE4-Releases+4.7
LogInit: API Version: 2455222
LogInit: Compiled (64-bit): Apr  6 2015 23:21:51
LogInit: Compiled with Visual C++: 18.00.21005.01
LogInit: Build Configuration: Development
LogInit: Branch Name: ++depot+UE4-Releases+4.7
LogInit: Command line: 
LogInit: Base directory: J:/Program Files/Unreal/Epic Games/4.7/Engine/Binaries/Win64/
LogInit: Rocket: 1
[2015.04.12-03.44.53:379][  0]LogTaskGraph: Started task graph with 3 named threads and 6 total threads.
[2015.04.12-03.44.53:445][  0]LogOnline:Warning: No default platform service specified for OnlineSubsystem
[2015.04.12-03.44.53:565][  0]LogInit: Presizing for 0 objects not considered by GC, pre-allocating 0 bytes.
[2015.04.12-03.44.53:757][  0]LogInit: Object subsystem initialized
[2015.04.12-03.44.53:963][  0]LogConsoleResponse:Warning: Skipping Unknown console variable: 'TranslucentSortAxis = (X=0.000000,Y=-1.000000,Z=0.000000)'
[2015.04.12-03.44.53:963][  0]LogConsoleResponse:Warning:   Found in ini file 'J:/Unreal Projects/Bridge/Saved/Config/Windows/Engine.ini', in section '[/Script/Engine.RendererSettings]'
[2015.04.12-03.44.53:963][  0]LogConsoleResponse:Warning: Skipping Unknown console variable: 'UIScaleRule = ShortestSide'
[2015.04.12-03.44.53:963][  0]LogConsoleResponse:Warning:   Found in ini file 'J:/Unreal Projects/Bridge/Saved/Config/Windows/Engine.ini', in section '[/Script/Engine.RendererSettings]'
[2015.04.12-03.44.53:963][  0]LogConsoleResponse:Warning: Skipping Unknown console variable: 'UIScaleCurve = (EditorCurveData=(Keys=),ExternalCurve=None)'
[2015.04.12-03.44.53:963][  0]LogConsoleResponse:Warning:   Found in ini file 'J:/Unreal Projects/Bridge/Saved/Config/Windows/Engine.ini', in section '[/Script/Engine.RendererSettings]'
[2015.04.12-03.44.54:014][  0]LogInit: Selected Device Profile: [Windows]
[2015.04.12-03.44.54:014][  0]LogInit: Applying CVar settings loaded from the selected device profile: [Windows]
[2015.04.12-03.44.54:178][  0]LogInit: Computer: RUSTY-PC
[2015.04.12-03.44.54:178][  0]LogInit: User: Rusty
[2015.04.12-03.44.54:178][  0]LogInit: CPU Page size=4096, Cores=4
[2015.04.12-03.44.54:178][  0]LogInit: High frequency timer resolution =3.906660 MHz
[2015.04.12-03.44.54:178][  0]LogMemory: Memory total: Physical=3.9GB (4GB approx) Virtual=8192.0GB
[2015.04.12-03.44.54:179][  0]LogMemory: Platform Memory Stats for Windows
[2015.04.12-03.44.54:179][  0]LogMemory: Process Physical Memory: 47.45 MB used, 47.45 MB peak
[2015.04.12-03.44.54:179][  0]LogMemory: Process Virtual Memory: 26.02 MB used, 26.03 MB peak
[2015.04.12-03.44.54:179][  0]LogMemory: Physical Memory: 2330.22 MB used, 3996.20 MB total
[2015.04.12-03.44.54:179][  0]LogMemory: Virtual Memory: 277.34 MB used, 8388608.00 MB total
[2015.04.12-03.44.54:332][  0]LogD3D11RHI: Found D3D11 adapter 0: NVIDIA GeForce GTX 660   (Feature Level 11_0)
[2015.04.12-03.44.54:332][  0]LogD3D11RHI: Adapter has 1989MB of dedicated video memory, 0MB of dedicated system memory, and 1742MB of shared system memory, 2 output[s]
[2015.04.12-03.44.54:332][  0]LogD3D11RHI: Chosen D3D11 Adapter Id = 0
[2015.04.12-03.44.54:355][  0]LogRHI: Texture pool is 1361 MB (70% of 1945 MB)
[2015.04.12-03.44.54:366][  0]LogD3D11RHI: Async texture creation enabled
[2015.04.12-03.44.55:719][  0]LogTextLocalizationManager: The requested culture ('en_US') has no localization data; parent culture's ('en') localization data will be used.
[2015.04.12-03.44.55:905][  0]LogTextLocalizationManager:Warning: Loading localization resources contain conflicting entries for (Namespace:UICommands, Key:Save_ToolTip):
Resource: (J:/Program Files/Unreal/Epic Games/4.7/Engine/Content/Localization/Editor/en/Editor.locres) Hash: (-29098895) String: (Saves the current level to disk)
Resource: (J:/Program Files/Unreal/Epic Games/4.7/Engine/Content/Localization/Engine/en/Engine.locres) Hash: (-1280300587) String: (Save selected data to vlog file)
[2015.04.12-03.44.55:905][  0]LogTextLocalizationManager:Warning: Loading localization resources contain conflicting entries for (Namespace:ContentBrowser, Key:ImportAssetToolTip):
Resource: (J:/Program Files/Unreal/Epic Games/4.7/Engine/Content/Localization/Editor/en/Editor.locres) Hash: (-630476809) String: (Import to {0}...)
Resource: (J:/Program Files/Unreal/Epic Games/4.7/Engine/Content/Localization/Editor/en/Editor.locres) Hash: (1271782899) String: (Imports an asset from file to this folder.)
[2015.04.12-03.44.56:000][  0]LogContentStreaming: Texture pool size is 0.000000MB
[2015.04.12-03.45.01:184][  0]LogTargetPlatformManager:Display: Building Assets For Windows
[2015.04.12-03.45.02:316][  0]LogTargetPlatformManager:Display: Building Assets For Windows
[2015.04.12-03.45.02:433][  0]LogDerivedDataCache:Display: Max Cache Size: 512 MB
[2015.04.12-03.45.02:660][  0]LogDerivedDataCache: Loaded boot cache 0.23s 39MB C:/Users/Rusty/AppData/Local/UnrealEngine/4.7/DerivedDataCache/Boot.ddc.
[2015.04.12-03.45.02:660][  0]LogDerivedDataCache:Display: Loaded Boot cache: C:/Users/Rusty/AppData/Local/UnrealEngine/4.7/DerivedDataCache/Boot.ddc
[2015.04.12-03.45.02:660][  0]LogDerivedDataCache: FDerivedDataBackendGraph:  Pak pak cache file ../../../../../../../Unreal Projects/Bridge/DerivedDataCache/DDC.ddp not found, will not use a pak cache.
[2015.04.12-03.45.02:660][  0]LogDerivedDataCache: Unable to find inner node Pak for hierarchical cache Hierarchy.
[2015.04.12-03.45.02:819][  0]LogDerivedDataCache:Display: Pak cache opened for reading ../../../Engine/DerivedDataCache/Compressed.ddp.
[2015.04.12-03.45.02:830][  0]LogDerivedDataCache: Using Local data cache path C:/Users/Rusty/AppData/Local/UnrealEngine/Common/DerivedDataCache: Writable
[2015.04.12-03.45.08:332][  0]LogMeshUtilities: No automatic mesh reduction module available
[2015.04.12-03.45.08:332][  0]LogMeshUtilities: No automatic mesh merging module available
[2015.04.12-03.45.09:426][  0]LogInit: WinSock: version 1.1 (2.2), MaxSocks=32767, MaxUdp=65467
[2015.04.12-03.45.09:660][  0]LogSlate:Warning: Failed to load font data from '../../../Engine/Content/Slate/Fonts/Roboto-Italic.ttf'
[2015.04.12-03.45.15:394][  0]UdpMessaging: Initializing bridge on interface 0.0.0.0:0 to multicast group 230.0.0.1:6666.
[2015.04.12-03.45.16:050][  0]SourceControl: Info Source control is disabled
[2015.04.12-03.45.16:050][  0]SourceControl: Info Source control is disabled
[2015.04.12-03.45.16:050][  0]SourceControl: Info Source control is disabled
[2015.04.12-03.45.16:050][  0]LogSourceControl: RunCommandInternalRaw: 'git version'
[2015.04.12-03.45.16:050][  0]LogSourceControl: RunCommandInternalRaw: ExecProcess ReturnCode=2 OutResults=''
[2015.04.12-03.45.16:061][  0]SourceControl: Info Source control is disabled
[2015.04.12-03.45.16:842][  0]LogObj: 24232 objects as part of root set at end of initial load.
[2015.04.12-03.45.16:842][  0]LogUObjectAllocator: 5137168 out of 0 bytes used by permanent object pool.
[2015.04.12-03.45.17:035][  0]LogEngine: Initializing Engine...
[2015.04.12-03.45.20:468][  0]LogInit: XAudio2 using 'Speakers (Realtek High Definition Audio)' : 6 channels at 48 kHz using 32 bits per sample (channel mask 0x3f)
[2015.04.12-03.45.20:487][  0]LogInit: FAudioDevice initialized.
[2015.04.12-03.45.20:598][  0]LogAIModule: Creating AISystem for world NewWorld
[2015.04.12-03.45.20:654][  0]LogDerivedDataCache: Saved boot cache 0.05s 39MB C:/Users/Rusty/AppData/Local/UnrealEngine/4.7/DerivedDataCache/Boot.ddc.
[2015.04.12-03.45.20:668][  0]LogInit: Texture streaming: Enabled
[2015.04.12-03.45.21:216][  0]LogAnalytics: Creating configured Analytics provider AnalyticsET
[2015.04.12-03.45.21:216][  0]LogAnalytics: ET APIKey = Rocket.Release. APIServer = http://et2.epicgames.com/ET2/. AppVersion = 4.7.5-2503383+++depot+UE4-Releases+4.7
[2015.04.12-03.45.21:216][  0]LogAnalytics: ET APIKey = Rocket.Release. DataRouterUploadURL = https://datarouter-public-service-gamedev.ol.epicgames.net/datarouter/api/v1/public/data. AppVersion = 4.7.5-2503383+++depot+UE4-Releases+4.7
[2015.04.12-03.45.21:216][  0]LogAnalytics: SetUserId 76746d4b4fbeed9bd0e2b4a9a4961198|f9ef5879904e45a5a0f4e310fbfb2caf|70f13971-2139-453f-8553-998f7c412fae
[2015.04.12-03.45.21:217][  0]LogAnalytics: AnalyticsET::StartSession [Rocket.Release]
[2015.04.12-03.45.21:298][  0]LogInit: Transaction tracking system initialized
[2015.04.12-03.45.23:918][  0]BlueprintLog: New page: Editor Load
[2015.04.12-03.45.24:117][  0]LogAssetRegistry: FAssetRegistry took 0.0225 seconds to start up
[2015.04.12-03.45.24:118][  0]LogDirectoryWatcher:Warning: Failed to begin reading directory changes for ../../../Engine/Plugins/Experimental/CharacterAI/Content/. Error: 0
[2015.04.12-03.45.27:458][  0]LogTargetPlatformManager:Display: Building Assets For Windows
[2015.04.12-03.45.28:002][  0]LogTargetPlatformManager:Display: Building Assets For Windows
[2015.04.12-03.45.29:804][  0]LogSlate:Warning: Failed to load font data from '../../../Engine/Content/Editor/Slate/Fonts/Roboto-Regular.ttf'
[2015.04.12-03.45.29:805][  0]LogSlate:Warning: Failed to load font data from '../../../Engine/Content/Editor/Slate/Fonts/Roboto-Bold.ttf'
[2015.04.12-03.45.29:953][  0]LogConsoleResponse:Display: 
[2015.04.12-03.45.32:768][  0]LogCook:Display: Done creating registry. It took  0.00s.
[2015.04.12-03.45.34:865][  0]SourceControl: Info Source control is disabled
[2015.04.12-03.45.52:883][  0]Cmd: MAP LOAD FILE="../../../../../../../Unreal Projects/Bridge/Content/StarterContent/Maps/Minimal_Default.umap" TEMPLATE=0 SHOWPROGRESS=1 FEATURELEVEL=3
[2015.04.12-03.45.52:933][  0]LightingResults: New page: Lighting Build
[2015.04.12-03.45.53:188][  0]MapCheck: New page: Map Check
[2015.04.12-03.45.53:188][  0]LightingResults: New page: Lighting Build
[2015.04.12-03.45.53:703][  0]LogParticles: Destroying 0 GPU particle simulations for FXSystem 0x0000000003F22980
[2015.04.12-03.45.58:512][  0]LogEditorServer: Finished looking for orphan Actors (0.000 secs)
[2015.04.12-03.45.58:692][  0]LogAIModule: Creating AISystem for world Minimal_Default
[2015.04.12-03.45.58:778][  0]Cmd: MAP CHECKDEP
[2015.04.12-03.45.58:813][  0]MapCheck: New page: Minimal_Default - Apr 11, 2015, 7:45:58 PM
[2015.04.12-03.45.58:915][  0]MapCheck: Info Map check complete: 0 Error(s), 0 Warning(s), took 136.446ms to complete.
[2015.04.12-03.45.58:915][  0]LogFileHelpers: Loading map 'Minimal_Default' took 6.054
[2015.04.12-03.46.02:181][  0]LogStats:Warning: MetaData mismatch. Did you assign a stat to two groups? New //STATGROUP_Threads//SplashScreenThread///Thread_1878_0///////STATCAT_Advanced//// old //STATGROUP_Threads//SplashScreenThread///Thread_3304_0///////STATCAT_Advanced////
[2015.04.12-03.46.02:181][  0]LogCollectionManager: Loaded 0 collections in 0.001883 seconds
[2015.04.12-03.46.02:225][  0]LogContentBrowser: Native class hierarchy populated in 0.0437 seconds. Added 1696 classes and 261 folders.
[2015.04.12-03.46.02:523][  0]LogContentBrowser: Native class hierarchy updated for 'SceneOutliner' in 0.0017 seconds. Added 1 classes and 2 folders.
[2015.04.12-03.46.03:205][  0]LogCrashTracker: Crashtracker disabled due to settings.
[2015.04.12-03.46.03:283][  0]LogSlate:Warning: Failed to load font data from 'Veranda'
[2015.04.12-03.46.03:340][  0]LogUObjectGlobals:Warning: Failed to find object 'Class None.'
[2015.04.12-03.46.03:436][  0]LogLoad: Full Startup: 81.25 seconds (BP compile: 0.33 seconds)
[2015.04.12-03.46.03:474][  0]LogContentBrowser:Verbose: The content browser source was changed by the sources view to '/Game/Blueprints'
[2015.04.12-03.46.03:903][  0]LogRenderer:Warning: Reallocating scene render targets to support 32x32 (Frame:2).
[2015.04.12-03.46.04:104][  0]LogRenderer:Warning: Reallocating scene render targets to support 856x488 (Frame:7).
[2015.04.12-03.46.04:692][  6]LogAssetRegistry: Asset discovery search completed in 40.5991 seconds
[2015.04.12-03.46.55:283][ 47]Cmd: CLOSE_SLATE_MAINFRAME
[2015.04.12-03.46.56:395][ 48]Cmd: QUIT_EDITOR
[2015.04.12-03.46.56:863][ 48]LogExit: Preparing to exit.
[2015.04.12-03.46.57:816][ 48]LogExit: Editor shut down
[2015.04.12-03.46.57:817][ 48]LogExit: Transaction tracking system shut down
[2015.04.12-03.46.57:818][ 48]LogParticles: Destroying 0 GPU particle simulations for FXSystem 0x00000000135631A0
[2015.04.12-03.46.57:819][ 48]LogParticles: Destroying 0 GPU particle simulations for FXSystem 0x000000001AB416C0
[2015.04.12-03.46.57:819][ 48]LogParticles: Destroying 0 GPU particle simulations for FXSystem 0x000000001AA4D4E0
[2015.04.12-03.46.57:819][ 48]LogParticles: Destroying 0 GPU particle simulations for FXSystem 0x000000001A96B560
[2015.04.12-03.46.57:819][ 48]LogParticles: Destroying 0 GPU particle simulations for FXSystem 0x000000001A96B2E0
[2015.04.12-03.46.58:564][ 48]LogExit: Object subsystem successfully closed.
[2015.04.12-03.46.59:004][ 48]LogModuleManager: Shutting down and abandoning module CrashTracker (177)
[2015.04.12-03.46.59:004][ 48]LogModuleManager: Shutting down and abandoning module SuperSearch (176)
[2015.04.12-03.46.59:004][ 48]LogModuleManager: Shutting down and abandoning module SceneOutliner (175)
[2015.04.12-03.46.59:004][ 48]LogModuleManager: Shutting down and abandoning module EditorWidgets (174)
[2015.04.12-03.46.59:004][ 48]LogModuleManager: Shutting down and abandoning module CollectionManager (173)
[2015.04.12-03.46.59:022][ 48]LogModuleManager: Shutting down and abandoning module StatsViewer (172)
[2015.04.12-03.46.59:022][ 48]LogModuleManager: Shutting down and abandoning module FoliageEdit (171)
[2015.04.12-03.46.59:022][ 48]LogModuleManager: Shutting down and abandoning module LandscapeEditor (170)
[2015.04.12-03.46.59:041][ 48]LogModuleManager: Shutting down and abandoning module MeshPaint (169)
[2015.04.12-03.46.59:041][ 48]LogModuleManager: Shutting down and abandoning module ActorPickerMode (168)
[2015.04.12-03.46.59:041][ 48]LogModuleManager: Shutting down and abandoning module GeometryMode (167)
[2015.04.12-03.46.59:041][ 48]LogModuleManager: Shutting down and abandoning module TextureAlignMode (166)
[2015.04.12-03.46.59:041][ 48]LogModuleManager: Shutting down and abandoning module BspMode (165)
[2015.04.12-03.46.59:041][ 48]LogModuleManager: Shutting down and abandoning module PlacementMode (164)
[2015.04.12-03.46.59:041][ 48]LogModuleManager: Shutting down and abandoning module AutomationWorker (163)
[2015.04.12-03.46.59:041][ 48]LogModuleManager: Shutting down and abandoning module CharacterAI (162)
[2015.04.12-03.46.59:041][ 48]LogModuleManager: Shutting down and abandoning module SmartSnapping (161)
[2015.04.12-03.46.59:041][ 48]LogModuleManager: Shutting down and abandoning module ViewportSnapping (160)
[2015.04.12-03.46.59:041][ 48]LogModuleManager: Shutting down and abandoning module LogVisualizer (159)
[2015.04.12-03.46.59:041][ 48]LogModuleManager: Shutting down and abandoning module GameProjectGeneration (158)
[2015.04.12-03.46.59:041][ 48]LogModuleManager: Shutting down and abandoning module IntroTutorials (157)
[2015.04.12-03.46.59:096][ 48]LogModuleManager: Shutting down and abandoning module EditorLiveStreaming (156)
[2015.04.12-03.46.59:097][ 48]LogModuleManager: Shutting down and abandoning module HardwareTargeting (155)
[2015.04.12-03.46.59:097][ 48]LogModuleManager: Shutting down and abandoning module DeviceProfileEditor (154)
[2015.04.12-03.46.59:097][ 48]LogModuleManager: Shutting down and abandoning module UndoHistory (153)
[2015.04.12-03.46.59:097][ 48]LogModuleManager: Shutting down and abandoning module GameplayTagsEditor (152)
[2015.04.12-03.46.59:097][ 48]LogModuleManager: Shutting down and abandoning module UserFeedback (151)
[2015.04.12-03.46.59:097][ 48]LogModuleManager: Shutting down and abandoning module XmlParser (150)
[2015.04.12-03.46.59:097][ 48]LogModuleManager: Shutting down and abandoning module Blutility (149)
[2015.04.12-03.46.59:097][ 48]LogModuleManager: Shutting down and abandoning module IOSPlatformEditor (148)
[2015.04.12-03.46.59:097][ 48]LogModuleManager: Shutting down and abandoning module IOSRuntimeSettings (147)
[2015.04.12-03.46.59:097][ 48]LogModuleManager: Shutting down and abandoning module AndroidDeviceDetection (146)
[2015.04.12-03.46.59:337][ 48]LogModuleManager: Shutting down and abandoning module AndroidPlatformEditor (145)
[2015.04.12-03.46.59:337][ 48]LogModuleManager: Shutting down and abandoning module AndroidRuntimeSettings (144)
[2015.04.12-03.46.59:337][ 48]LogModuleManager: Shutting down and abandoning module ProjectTargetPlatformEditor (143)
[2015.04.12-03.46.59:337][ 48]LogModuleManager: Shutting down and abandoning module ProjectSettingsViewer (142)
[2015.04.12-03.46.59:337][ 48]LogModuleManager: Shutting down and abandoning module InputBindingEditor (141)
[2015.04.12-03.46.59:337][ 48]LogModuleManager: Shutting down and abandoning module EditorSettingsViewer (140)
[2015.04.12-03.46.59:337][ 48]LogModuleManager: Shutting down and abandoning module SettingsEditor (139)
[2015.04.12-03.46.59:349][ 48]LogModuleManager: Shutting down and abandoning module ProjectLauncher (138)
[2015.04.12-03.46.59:349][ 48]LogModuleManager: Shutting down and abandoning module SessionFrontend (137)
[2015.04.12-03.46.59:349][ 48]LogModuleManager: Shutting down and abandoning module ProfilerClient (136)
[2015.04.12-03.46.59:366][ 48]LogModuleManager: Shutting down and abandoning module TargetDeviceServices (135)
[2015.04.12-03.46.59:366][ 48]LogModuleManager: Shutting down and abandoning module DeviceManager (134)
[2015.04.12-03.46.59:366][ 48]LogModuleManager: Shutting down and abandoning module AutomationController (133)
[2015.04.12-03.46.59:366][ 48]LogModuleManager: Shutting down and abandoning module AutomationWindow (132)
[2015.04.12-03.46.59:382][ 48]LogModuleManager: Shutting down and abandoning module Layers (131)
[2015.04.12-03.46.59:404][ 48]LogModuleManager: Shutting down and abandoning module ComponentVisualizers (130)
[2015.04.12-03.46.59:404][ 48]LogModuleManager: Shutting down and abandoning module DetailCustomizations (129)
[2015.04.12-03.46.59:436][ 48]LogModuleManager: Shutting down and abandoning module PackagesDialog (128)
[2015.04.12-03.46.59:444][ 48]LogModuleManager: Shutting down and abandoning module AssetRegistry (127)
[2015.04.12-03.46.59:557][ 48]LogModuleManager: Shutting down and abandoning module Persona (126)
[2015.04.12-03.46.59:583][ 48]LogModuleManager: Shutting down and abandoning module SlateReflector (125)
[2015.04.12-03.46.59:603][ 48]LogModuleManager: Shutting down and abandoning module LevelEditor (124)
[2015.04.12-03.46.59:604][ 48]LogModuleManager: Shutting down and abandoning module Kismet (123)
[2015.04.12-03.46.59:621][ 48]LogModuleManager: Shutting down and abandoning module GraphEditor (122)
[2015.04.12-03.46.59:688][ 48]LogModuleManager: Shutting down and abandoning module ClassViewer (121)
[2015.04.12-03.46.59:688][ 48]LogModuleManager: Shutting down and abandoning module Toolbox (120)
[2015.04.12-03.46.59:688][ 48]LogModuleManager: Shutting down and abandoning module ModuleUI (119)
[2015.04.12-03.46.59:707][ 48]LogModuleManager: Shutting down and abandoning module MovieSceneTools (118)
[2015.04.12-03.46.59:752][ 48]LogModuleManager: Shutting down and abandoning module OutputLog (117)
[2015.04.12-03.46.59:752][ 48]LogModuleManager: Shutting down and abandoning module GammaUI (116)
[2015.04.12-03.46.59:759][ 48]LogModuleManager: Shutting down and abandoning module Documentation (115)
[2015.04.12-03.46.59:759][ 48]LogModuleManager: Shutting down and abandoning module GameLiveStreaming (114)
[2015.04.12-03.46.59:759][ 48]LogModuleManager: Shutting down and abandoning module StreamingPauseRendering (113)
[2015.04.12-03.46.59:759][ 48]LogModuleManager: Shutting down and abandoning module HTTP (112)
[2015.04.12-03.46.59:760][ 48]LogModuleManager: Shutting down and abandoning module AnalyticsET (111)
[2015.04.12-03.46.59:760][ 48]LogModuleManager: Shutting down and abandoning module Analytics (110)
[2015.04.12-03.46.59:760][ 48]LogModuleManager: Shutting down and abandoning module AITestSuite (109)
[2015.04.12-03.46.59:760][ 48]LogModuleManager: Shutting down and abandoning module GameplayDebugger (108)
[2015.04.12-03.46.59:760][ 48]LogModuleManager: Shutting down and abandoning module AIModule (107)
[2015.04.12-03.46.59:760][ 48]LogModuleManager: Shutting down and abandoning module ProfilerService (106)
[2015.04.12-03.46.59:947][ 48]LogModuleManager: Shutting down and abandoning module TaskGraph (105)
[2015.04.12-03.46.59:963][ 48]LogModuleManager: Shutting down and abandoning module SlateRemote (104)
[2015.04.12-03.46.59:964][ 48]LogModuleManager: Shutting down and abandoning module ScriptEditorPlugin (103)
[2015.04.12-03.46.59:964][ 48]LogModuleManager: Shutting down and abandoning module CustomMeshComponent (102)
[2015.04.12-03.46.59:964][ 48]LogModuleManager: Shutting down and abandoning module CableComponent (101)
[2015.04.12-03.46.59:964][ 48]LogModuleManager: Shutting down and abandoning module MessagingDebugger (100)
[2015.04.12-03.46.59:993][ 48]LogModuleManager: Shutting down and abandoning module MediaPlayerEditor (99)
[2015.04.12-03.47.00:005][ 48]LogModuleManager: Shutting down and abandoning module SpeedTreeImporter (98)
[2015.04.12-03.47.00:005][ 48]LogModuleManager: Shutting down and abandoning module PluginsEditor (97)
[2015.04.12-03.47.00:022][ 48]LogModuleManager: Shutting down and abandoning module MainFrame (96)
[2015.04.12-03.47.00:022][ 48]LogModuleManager: Shutting down and abandoning module EpicSurvey (95)
[2015.04.12-03.47.00:022][ 48]LogModuleManager: Shutting down and abandoning module DesktopPlatform (94)
[2015.04.12-03.47.00:022][ 48]LogModuleManager: Shutting down and abandoning module DirectoryWatcher (93)
[2015.04.12-03.47.00:022][ 48]LogModuleManager: Shutting down and abandoning module HotReload (92)
[2015.04.12-03.47.00:022][ 48]LogModuleManager: Shutting down and abandoning module VisualStudioSourceCodeAccess (91)
[2015.04.12-03.47.00:022][ 48]LogModuleManager: Shutting down and abandoning module UObjectPlugin (90)
[2015.04.12-03.47.00:022][ 48]LogModuleManager: Shutting down and abandoning module SubversionSourceControl (89)
[2015.04.12-03.47.00:037][ 48]LogModuleManager: Shutting down and abandoning module PerforceSourceControl (88)
[2015.04.12-03.47.00:060][ 48]LogModuleManager: Shutting down and abandoning module SourceControl (87)
[2015.04.12-03.47.00:060][ 48]LogModuleManager: Shutting down and abandoning module GitSourceControl (86)
[2015.04.12-03.47.00:073][ 48]LogModuleManager: Shutting down and abandoning module BlankPlugin (85)
[2015.04.12-03.47.00:073][ 48]LogModuleManager: Shutting down and abandoning module PaperTiledImporter (84)
[2015.04.12-03.47.00:073][ 48]LogModuleManager: Shutting down and abandoning module PaperJsonImporter (83)
[2015.04.12-03.47.00:073][ 48]LogModuleManager: Shutting down and abandoning module ContentBrowser (82)
[2015.04.12-03.47.00:073][ 48]LogModuleManager: Shutting down and abandoning module Paper2DEditor (81)
[2015.04.12-03.47.00:081][ 48]LogModuleManager: Shutting down and abandoning module ScriptPlugin (80)
[2015.04.12-03.47.00:105][ 48]LogModuleManager: Shutting down and abandoning module UdpMessaging (79)
[2015.04.12-03.47.00:205][ 48]LogModuleManager: Shutting down and abandoning module Paper2D (78)
[2015.04.12-03.47.00:205][ 48]LogModuleManager: Shutting down and abandoning module WindowsMoviePlayer (77)
[2015.04.12-03.47.00:208][ 48]LogModuleManager: Shutting down and abandoning module Media (76)
[2015.04.12-03.47.00:208][ 48]LogModuleManager: Shutting down and abandoning module WmfMedia (75)
[2015.04.12-03.47.00:209][ 48]LogModuleManager: Shutting down and abandoning module OnlineBlueprintSupport (74)
[2015.04.12-03.47.00:209][ 48]LogModuleManager: Shutting down and abandoning module PropertyEditor (73)
[2015.04.12-03.47.00:209][ 48]LogModuleManager: Shutting down and abandoning module BehaviorTreeEditor (72)
[2015.04.12-03.47.00:233][ 48]LogModuleManager: Shutting down and abandoning module FunctionalTesting (71)
[2015.04.12-03.47.00:233][ 48]LogModuleManager: Shutting down and abandoning module CollisionAnalyzer (70)
[2015.04.12-03.47.00:255][ 48]LogModuleManager: Shutting down and abandoning module WorkspaceMenuStructure (69)
[2015.04.12-03.47.00:255][ 48]LogModuleManager: Shutting down and abandoning module MessageLog (68)
[2015.04.12-03.47.00:287][ 48]LogModuleManager: Shutting down and abandoning module Sequencer (67)
[2015.04.12-03.47.00:306][ 48]LogModuleManager: Shutting down and abandoning module AssetTools (66)
[2015.04.12-03.47.00:344][ 48]LogModuleManager: Shutting down and abandoning module UMGEditor (65)
[2015.04.12-03.47.00:363][ 48]LogModuleManager: Shutting down and abandoning module UMG (64)
[2015.04.12-03.47.00:373][ 48]LogModuleManager: Shutting down and abandoning module Slate (63)
[2015.04.12-03.47.00:373][ 48]LogModuleManager: Shutting down and abandoning module EditorStyle (62)
[2015.04.12-03.47.00:378][ 48]LogModuleManager: Shutting down and abandoning module SessionServices (61)
[2015.04.12-03.47.00:378][ 48]LogModuleManager: Shutting down and abandoning module SourceCodeAccess (60)
[2015.04.12-03.47.00:378][ 48]LogModuleManager: Shutting down and abandoning module HeadMountedDisplay (59)
[2015.04.12-03.47.00:378][ 48]LogModuleManager: Shutting down and abandoning module XAudio2 (58)
[2015.04.12-03.47.00:378][ 48]LogModuleManager: Shutting down and abandoning module Networking (56)
[2015.04.12-03.47.00:378][ 48]LogModuleManager: Shutting down and abandoning module Core (55)
[2015.04.12-03.47.00:378][ 48]LogModuleManager: Shutting down and abandoning module KismetCompiler (54)
[2015.04.12-03.47.00:378][ 48]LogModuleManager: Shutting down and abandoning module PhysXFormats (53)
[2015.04.12-03.47.00:378][ 48]LogModuleManager: Shutting down and abandoning module MeshUtilities (52)
[2015.04.12-03.47.00:405][ 48]LogModuleManager: Shutting down and abandoning module DerivedDataCache (51)
[2015.04.12-03.47.00:831][ 48]LogDerivedDataCache: Shutdown
[2015.04.12-03.47.00:831][ 48]LogModuleManager: Shutting down and abandoning module ShaderFormatOpenGL (50)
[2015.04.12-03.47.00:846][ 48]LogModuleManager: Shutting down and abandoning module ShaderFormatD3D (49)
[2015.04.12-03.47.00:846][ 48]LogModuleManager: Shutting down and abandoning module MetalShaderFormat (48)
[2015.04.12-03.47.00:869][ 48]LogModuleManager: Shutting down and abandoning module TextureFormatUncompressed (47)
[2015.04.12-03.47.00:869][ 48]LogModuleManager: Shutting down and abandoning module TextureFormatPVR (46)
[2015.04.12-03.47.00:869][ 48]LogModuleManager: Shutting down and abandoning module TextureFormatIntelISPCTexComp (45)
[2015.04.12-03.47.00:869][ 48]LogModuleManager: Shutting down and abandoning module TextureFormatDXT (44)
[2015.04.12-03.47.00:869][ 48]LogModuleManager: Shutting down and abandoning module ImageWrapper (43)
[2015.04.12-03.47.00:869][ 48]LogModuleManager: Shutting down and abandoning module TextureFormatASTC (42)
[2015.04.12-03.47.00:869][ 48]LogModuleManager: Shutting down and abandoning module TextureFormatAndroid (41)
[2015.04.12-03.47.00:869][ 48]LogModuleManager: Shutting down and abandoning module AudioFormatOpus (40)
[2015.04.12-03.47.00:869][ 48]LogModuleManager: Shutting down and abandoning module AudioFormatOgg (39)
[2015.04.12-03.47.00:869][ 48]LogModuleManager: Shutting down and abandoning module AudioFormatADPCM (38)
[2015.04.12-03.47.00:869][ 48]LogModuleManager: Shutting down and abandoning module LinuxTargetPlatform (37)
[2015.04.12-03.47.00:869][ 48]LogModuleManager: Shutting down and abandoning module LinuxServerTargetPlatform (36)
[2015.04.12-03.47.00:869][ 48]LogModuleManager: Shutting down and abandoning module LinuxNoEditorTargetPlatform (35)
[2015.04.12-03.47.00:869][ 48]LogModuleManager: Shutting down and abandoning module Messaging (34)
[2015.04.12-03.47.00:869][ 48]LogModuleManager: Shutting down and abandoning module IOSTargetPlatform (33)
[2015.04.12-03.47.00:869][ 48]LogModuleManager: Shutting down and abandoning module HTML5TargetPlatform (32)
[2015.04.12-03.47.00:869][ 48]LogModuleManager: Shutting down and abandoning module Android_PVRTCTargetPlatform (31)
[2015.04.12-03.47.00:869][ 48]LogModuleManager: Shutting down and abandoning module Android_ETC2TargetPlatform (30)
[2015.04.12-03.47.00:869][ 48]LogModuleManager: Shutting down and abandoning module Android_ETC1TargetPlatform (29)
[2015.04.12-03.47.00:869][ 48]LogModuleManager: Shutting down and abandoning module Android_ES31TargetPlatform (28)
[2015.04.12-03.47.00:870][ 48]LogModuleManager: Shutting down and abandoning module Android_DXTTargetPlatform (27)
[2015.04.12-03.47.00:870][ 48]LogModuleManager: Shutting down and abandoning module Android_ATCTargetPlatform (26)
[2015.04.12-03.47.00:870][ 48]LogModuleManager: Shutting down and abandoning module AndroidTargetPlatform (25)
[2015.04.12-03.47.00:870][ 48]LogModuleManager: Shutting down and abandoning module WindowsTargetPlatform (24)
[2015.04.12-03.47.00:870][ 48]LogModuleManager: Shutting down and abandoning module WindowsServerTargetPlatform (23)
[2015.04.12-03.47.00:870][ 48]LogModuleManager: Shutting down and abandoning module WindowsNoEditorTargetPlatform (22)
[2015.04.12-03.47.00:870][ 48]LogModuleManager: Shutting down and abandoning module WindowsClientTargetPlatform (21)
[2015.04.12-03.47.00:870][ 48]LogModuleManager: Shutting down and abandoning module TargetPlatform (20)
[2015.04.12-03.47.00:870][ 48]LogModuleManager: Shutting down and abandoning module InputCore (19)
[2015.04.12-03.47.00:870][ 48]LogModuleManager: Shutting down and abandoning module Settings (18)
[2015.04.12-03.47.00:870][ 48]LogModuleManager: Shutting down and abandoning module OnlineSubsystem (16)
[2015.04.12-03.47.00:870][ 48]LogModuleManager: Shutting down and abandoning module OculusRift (15)
[2015.04.12-03.47.00:870][ 48]LogModuleManager: Shutting down and abandoning module ExampleDeviceProfileSelector (14)
[2015.04.12-03.47.00:870][ 48]LogModuleManager: Shutting down and abandoning module TextureCompressor (13)
[2015.04.12-03.47.00:870][ 48]LogModuleManager: Shutting down and abandoning module ShaderCore (12)
[2015.04.12-03.47.00:870][ 48]LogModuleManager: Shutting down and abandoning module Landscape (11)
[2015.04.12-03.47.00:870][ 48]LogModuleManager: Shutting down and abandoning module SlateRHIRenderer (10)
[2015.04.12-03.47.00:894][ 48]LogModuleManager: Shutting down and abandoning module OpenGLDrv (9)
[2015.04.12-03.47.00:894][ 48]LogModuleManager: Shutting down and abandoning module D3D11RHI (8)
[2015.04.12-03.47.00:894][ 48]LogModuleManager: Shutting down and abandoning module Renderer (7)
[2015.04.12-03.47.00:894][ 48]LogModuleManager: Shutting down and abandoning module Engine (6)
[2015.04.12-03.47.00:894][ 48]LogModuleManager: Shutting down and abandoning module CoreUObject (5)
[2015.04.12-03.47.00:894][ 48]LogModuleManager: Shutting down and abandoning module NetworkFile (4)
[2015.04.12-03.47.00:894][ 48]LogModuleManager: Shutting down and abandoning module StreamingFile (3)
[2015.04.12-03.47.00:894][ 48]LogModuleManager: Shutting down and abandoning module SandboxFile (2)
[2015.04.12-03.47.00:894][ 48]LogModuleManager: Shutting down and abandoning module PakFile (1)
[2015.04.12-03.47.00:916][ 48]LogExit: Exiting.
[2015.04.12-03.47.00:922][ 48]Log file closed, 04/11/15 23:47:00
