Log file open, 04/18/15 15:14:23
LogInit:Display: Running engine for game: Bridge
LogInit: Version: 4.7.5-2503383+++depot+UE4-Releases+4.7
LogInit: API Version: 2455222
LogInit: Compiled (64-bit): Apr  6 2015 23:21:51
LogInit: Compiled with Visual C++: 18.00.21005.01
LogInit: Build Configuration: Development
LogInit: Branch Name: ++depot+UE4-Releases+4.7
LogInit: Command line:  
LogInit: Base directory: J:/Program Files/Unreal/Epic Games/4.7/Engine/Binaries/Win64/
LogInit: Rocket: 1
[2015.04.18-19.14.23:881][  0]LogTaskGraph: Started task graph with 3 named threads and 6 total threads.
[2015.04.18-19.14.23:948][  0]LogOnline:Warning: No default platform service specified for OnlineSubsystem
[2015.04.18-19.14.24:074][  0]LogInit: Presizing for 0 objects not considered by GC, pre-allocating 0 bytes.
[2015.04.18-19.14.24:228][  0]LogInit: Object subsystem initialized
[2015.04.18-19.14.24:372][  0]LogConsoleResponse:Warning: Skipping Unknown console variable: 'TranslucentSortAxis = (X=0.000000,Y=-1.000000,Z=0.000000)'
[2015.04.18-19.14.24:372][  0]LogConsoleResponse:Warning:   Found in ini file 'J:/Unreal Projects/RaspiGitTest/Saved/Config/Windows/Engine.ini', in section '[/Script/Engine.RendererSettings]'
[2015.04.18-19.14.24:372][  0]LogConsoleResponse:Warning: Skipping Unknown console variable: 'UIScaleRule = ShortestSide'
[2015.04.18-19.14.24:372][  0]LogConsoleResponse:Warning:   Found in ini file 'J:/Unreal Projects/RaspiGitTest/Saved/Config/Windows/Engine.ini', in section '[/Script/Engine.RendererSettings]'
[2015.04.18-19.14.24:372][  0]LogConsoleResponse:Warning: Skipping Unknown console variable: 'UIScaleCurve = (EditorCurveData=(Keys=),ExternalCurve=None)'
[2015.04.18-19.14.24:372][  0]LogConsoleResponse:Warning:   Found in ini file 'J:/Unreal Projects/RaspiGitTest/Saved/Config/Windows/Engine.ini', in section '[/Script/Engine.RendererSettings]'
[2015.04.18-19.14.24:437][  0]LogInit: Selected Device Profile: [Windows]
[2015.04.18-19.14.24:449][  0]LogInit: Applying CVar settings loaded from the selected device profile: [Windows]
[2015.04.18-19.14.24:585][  0]LogInit: Computer: RUSTY-PC
[2015.04.18-19.14.24:585][  0]LogInit: User: Rusty
[2015.04.18-19.14.24:585][  0]LogInit: CPU Page size=4096, Cores=4
[2015.04.18-19.14.24:585][  0]LogInit: High frequency timer resolution =3.919570 MHz
[2015.04.18-19.14.24:585][  0]LogMemory: Memory total: Physical=3.9GB (4GB approx) Virtual=8192.0GB
[2015.04.18-19.14.24:585][  0]LogMemory: Platform Memory Stats for Windows
[2015.04.18-19.14.24:585][  0]LogMemory: Process Physical Memory: 48.02 MB used, 48.02 MB peak
[2015.04.18-19.14.24:585][  0]LogMemory: Process Virtual Memory: 28.05 MB used, 28.05 MB peak
[2015.04.18-19.14.24:585][  0]LogMemory: Physical Memory: 3429.31 MB used, 3996.20 MB total
[2015.04.18-19.14.24:585][  0]LogMemory: Virtual Memory: 275.91 MB used, 8388608.00 MB total
[2015.04.18-19.14.24:722][  0]LogD3D11RHI: Found D3D11 adapter 0: NVIDIA GeForce GTX 660   (Feature Level 11_0)
[2015.04.18-19.14.24:722][  0]LogD3D11RHI: Adapter has 1990MB of dedicated video memory, 0MB of dedicated system memory, and 1742MB of shared system memory, 2 output[s]
[2015.04.18-19.14.24:722][  0]LogD3D11RHI: Chosen D3D11 Adapter Id = 0
[2015.04.18-19.14.24:735][  0]LogRHI: Texture pool is 1361 MB (70% of 1945 MB)
[2015.04.18-19.14.24:748][  0]LogD3D11RHI: Async texture creation enabled
[2015.04.18-19.14.26:091][  0]LogTextLocalizationManager: The requested culture ('en_US') has no localization data; parent culture's ('en') localization data will be used.
[2015.04.18-19.14.26:232][  0]LogTextLocalizationManager:Warning: Loading localization resources contain conflicting entries for (Namespace:UICommands, Key:Save_ToolTip):
Resource: (J:/Program Files/Unreal/Epic Games/4.7/Engine/Content/Localization/Editor/en/Editor.locres) Hash: (-29098895) String: (Saves the current level to disk)
Resource: (J:/Program Files/Unreal/Epic Games/4.7/Engine/Content/Localization/Engine/en/Engine.locres) Hash: (-1280300587) String: (Save selected data to vlog file)
[2015.04.18-19.14.26:232][  0]LogTextLocalizationManager:Warning: Loading localization resources contain conflicting entries for (Namespace:ContentBrowser, Key:ImportAssetToolTip):
Resource: (J:/Program Files/Unreal/Epic Games/4.7/Engine/Content/Localization/Editor/en/Editor.locres) Hash: (-630476809) String: (Import to {0}...)
Resource: (J:/Program Files/Unreal/Epic Games/4.7/Engine/Content/Localization/Editor/en/Editor.locres) Hash: (1271782899) String: (Imports an asset from file to this folder.)
[2015.04.18-19.14.26:334][  0]LogContentStreaming: Texture pool size is 0.000000MB
[2015.04.18-19.14.31:081][  0]LogTargetPlatformManager:Display: Building Assets For Windows
[2015.04.18-19.14.32:089][  0]LogTargetPlatformManager:Display: Building Assets For Windows
[2015.04.18-19.14.32:209][  0]LogDerivedDataCache:Display: Max Cache Size: 512 MB
[2015.04.18-19.14.32:431][  0]LogDerivedDataCache: Loaded boot cache 0.22s 39MB C:/Users/Rusty/AppData/Local/UnrealEngine/4.7/DerivedDataCache/Boot.ddc.
[2015.04.18-19.14.32:431][  0]LogDerivedDataCache:Display: Loaded Boot cache: C:/Users/Rusty/AppData/Local/UnrealEngine/4.7/DerivedDataCache/Boot.ddc
[2015.04.18-19.14.32:431][  0]LogDerivedDataCache: FDerivedDataBackendGraph:  Pak pak cache file ../../../../../../../Unreal Projects/RaspiGitTest/DerivedDataCache/DDC.ddp not found, will not use a pak cache.
[2015.04.18-19.14.32:431][  0]LogDerivedDataCache: Unable to find inner node Pak for hierarchical cache Hierarchy.
[2015.04.18-19.14.32:614][  0]LogDerivedDataCache:Display: Pak cache opened for reading ../../../Engine/DerivedDataCache/Compressed.ddp.
[2015.04.18-19.14.32:627][  0]LogDerivedDataCache: Using Local data cache path C:/Users/Rusty/AppData/Local/UnrealEngine/Common/DerivedDataCache: Writable
[2015.04.18-19.14.39:505][  0]LogMeshUtilities: No automatic mesh reduction module available
[2015.04.18-19.14.39:505][  0]LogMeshUtilities: No automatic mesh merging module available
[2015.04.18-19.14.42:145][  0]LogInit: WinSock: version 1.1 (2.2), MaxSocks=32767, MaxUdp=65467
[2015.04.18-19.14.42:489][  0]LogSlate:Warning: Failed to load font data from '../../../Engine/Content/Slate/Fonts/Roboto-Italic.ttf'
[2015.04.18-19.14.49:113][  0]UdpMessaging: Initializing bridge on interface 0.0.0.0:0 to multicast group 230.0.0.1:6666.
[2015.04.18-19.14.50:127][  0]SourceControl: Info Source control is disabled
[2015.04.18-19.14.50:151][  0]SourceControl: Info Source control is disabled
[2015.04.18-19.14.50:151][  0]SourceControl: Info Source control is disabled
[2015.04.18-19.14.50:151][  0]LogSourceControl: RunCommandInternalRaw: 'git version'
[2015.04.18-19.14.50:151][  0]LogSourceControl: RunCommandInternalRaw: ExecProcess ReturnCode=2 OutResults=''
[2015.04.18-19.14.50:161][  0]SourceControl: Info Source control is disabled
[2015.04.18-19.14.51:138][  0]LogObj: 24232 objects as part of root set at end of initial load.
[2015.04.18-19.14.51:138][  0]LogUObjectAllocator: 5137176 out of 0 bytes used by permanent object pool.
[2015.04.18-19.14.51:793][  0]LogEngine: Initializing Engine...
[2015.04.18-19.14.55:431][  0]LogInit: XAudio2 using 'Speakers (Realtek High Definition Audio)' : 6 channels at 48 kHz using 32 bits per sample (channel mask 0x3f)
[2015.04.18-19.14.55:461][  0]LogInit: FAudioDevice initialized.
[2015.04.18-19.14.55:917][  0]LogAIModule: Creating AISystem for world NewWorld
[2015.04.18-19.14.56:065][  0]LogDerivedDataCache: Saved boot cache 0.05s 39MB C:/Users/Rusty/AppData/Local/UnrealEngine/4.7/DerivedDataCache/Boot.ddc.
[2015.04.18-19.14.56:080][  0]LogInit: Texture streaming: Enabled
[2015.04.18-19.14.56:456][  0]LogAnalytics: Creating configured Analytics provider AnalyticsET
[2015.04.18-19.14.56:456][  0]LogAnalytics: ET APIKey = Rocket.Release. APIServer = http://et2.epicgames.com/ET2/. AppVersion = 4.7.5-2503383+++depot+UE4-Releases+4.7
[2015.04.18-19.14.56:456][  0]LogAnalytics: ET APIKey = Rocket.Release. DataRouterUploadURL = https://datarouter-public-service-gamedev.ol.epicgames.net/datarouter/api/v1/public/data. AppVersion = 4.7.5-2503383+++depot+UE4-Releases+4.7
[2015.04.18-19.14.56:456][  0]LogAnalytics: SetUserId 76746d4b4fbeed9bd0e2b4a9a4961198|f9ef5879904e45a5a0f4e310fbfb2caf|70f13971-2139-453f-8553-998f7c412fae
[2015.04.18-19.14.56:479][  0]LogAnalytics: AnalyticsET::StartSession [Rocket.Release]
[2015.04.18-19.14.56:610][  0]LogInit: Transaction tracking system initialized
[2015.04.18-19.14.58:170][  0]BlueprintLog: New page: Editor Load
[2015.04.18-19.14.58:314][  0]LogAssetRegistry: FAssetRegistry took 0.0504 seconds to start up
[2015.04.18-19.14.58:315][  0]LogDirectoryWatcher:Warning: Failed to begin reading directory changes for ../../../Engine/Plugins/Experimental/CharacterAI/Content/. Error: 0
[2015.04.18-19.15.02:343][  0]LogTargetPlatformManager:Display: Building Assets For Windows
[2015.04.18-19.15.02:787][  0]LogTargetPlatformManager:Display: Building Assets For Windows
[2015.04.18-19.15.06:958][  0]LogSlate:Warning: Failed to load font data from '../../../Engine/Content/Editor/Slate/Fonts/Roboto-Regular.ttf'
[2015.04.18-19.15.06:959][  0]LogSlate:Warning: Failed to load font data from '../../../Engine/Content/Editor/Slate/Fonts/Roboto-Bold.ttf'
[2015.04.18-19.15.07:150][  0]LogConsoleResponse:Display: 
[2015.04.18-19.15.10:273][  0]LogCook:Display: Done creating registry. It took  0.00s.
[2015.04.18-19.15.15:006][  0]SourceControl: Info Source control is disabled
[2015.04.18-19.15.15:221][  0]Cmd: MAP LOAD FILE="../../../../../../../Unreal Projects/RaspiGitTest/Content/StarterContent/Maps/Minimal_Default.umap" TEMPLATE=0 SHOWPROGRESS=1 FEATURELEVEL=3
[2015.04.18-19.15.15:366][  0]LightingResults: New page: Lighting Build
[2015.04.18-19.15.16:266][  0]MapCheck: New page: Map Check
[2015.04.18-19.15.16:267][  0]LightingResults: New page: Lighting Build
[2015.04.18-19.15.17:710][  0]LogParticles: Destroying 0 GPU particle simulations for FXSystem 0x0000000013796980
[2015.04.18-19.15.27:046][  0]LogEditorServer: Finished looking for orphan Actors (0.000 secs)
[2015.04.18-19.15.27:375][  0]LogAIModule: Creating AISystem for world Minimal_Default
[2015.04.18-19.15.27:514][  0]Cmd: MAP CHECKDEP
[2015.04.18-19.15.27:523][  0]MapCheck: New page: Minimal_Default - Apr 18, 2015, 11:15:27 AM
[2015.04.18-19.15.27:845][  0]MapCheck: Info Map check complete: 0 Error(s), 0 Warning(s), took 331.246ms to complete.
[2015.04.18-19.15.27:861][  0]LogFileHelpers: Loading map 'Minimal_Default' took 12.750
[2015.04.18-19.15.35:830][  0]LogCollectionManager: Loaded 0 collections in 0.001991 seconds
[2015.04.18-19.15.35:894][  0]LogContentBrowser: Native class hierarchy populated in 0.0473 seconds. Added 1696 classes and 261 folders.
[2015.04.18-19.15.36:902][  0]LogContentBrowser: Native class hierarchy updated for 'SceneOutliner' in 0.0019 seconds. Added 1 classes and 2 folders.
[2015.04.18-19.15.39:012][  0]LogCrashTracker: Crashtracker disabled due to settings.
[2015.04.18-19.15.39:412][  0]LogSlate:Warning: Failed to load font data from 'Veranda'
[2015.04.18-19.15.40:111][  0]LogUObjectGlobals:Warning: Failed to find object 'Class None.'
[2015.04.18-19.15.40:550][  0]LogLoad: Full Startup: 84.96 seconds (BP compile: 1.68 seconds)
[2015.04.18-19.15.45:555][  0]LogRenderer:Warning: Reallocating scene render targets to support 32x32 (Frame:2).
[2015.04.18-19.15.48:983][  0]LogRenderer:Warning: Reallocating scene render targets to support 768x488 (Frame:3).
[2015.04.18-19.15.49:232][  1]LogContentBrowser:Verbose: The content browser source was changed by the sources view to '/Game/Levels'
[2015.04.18-19.15.49:837][  9]LogAssetRegistry: Asset discovery search completed in 51.5806 seconds
[2015.04.18-19.16.07:417][287]LogLinker:Warning: Can't find file '/Game/Blueprints/Monitor'
[2015.04.18-19.16.07:430][287]LogLinker:Warning: Can't find file for asset '/Game/Blueprints/Monitor' while loading ../../../../../../../Unreal Projects/RaspiGitTest/Content/Levels/Bridge.umap.
[2015.04.18-19.16.07:430][287]LoadErrors:Error: Error /Game/Levels/Bridge : Can't find file for asset. /Game/Blueprints/Monitor
[2015.04.18-19.16.08:507][287]LogLinker:Warning: Can't find file '/Game/Blueprints/Monitor'
[2015.04.18-19.16.08:508][287]LogLinker:Warning: Can't find file for asset '/Game/Blueprints/Monitor' while loading ../../../../../../../Unreal Projects/RaspiGitTest/Content/Levels/Bridge.umap.
[2015.04.18-19.16.08:618][287]LogLinker:Warning: Can't find file '/Game/Blueprints/Monitor'
[2015.04.18-19.16.08:619][287]LogLinker:Warning: Can't find file for asset '/Game/Blueprints/Monitor' while loading ../../../../../../../Unreal Projects/RaspiGitTest/Content/Levels/Bridge.umap.
[2015.04.18-19.16.08:620][287]LogLinker:Warning: Can't find file '/Game/Blueprints/Monitor'
[2015.04.18-19.16.08:620][287]LogLinker:Warning: Can't find file for asset '/Game/Blueprints/Monitor' while loading ../../../../../../../Unreal Projects/RaspiGitTest/Content/Levels/Bridge.umap.
[2015.04.18-19.16.08:620][287]LogLinker:Warning: Can't find file '/Game/Blueprints/Monitor'
[2015.04.18-19.16.08:620][287]LogLinker:Warning: Can't find file for asset '/Game/Blueprints/Monitor' while loading ../../../../../../../Unreal Projects/RaspiGitTest/Content/Levels/Bridge.umap.
[2015.04.18-19.16.08:621][287]LogLinker:Warning: Can't find file '/Game/Blueprints/Monitor'
[2015.04.18-19.16.08:621][287]LogLinker:Warning: Can't find file for asset '/Game/Blueprints/Monitor' while loading ../../../../../../../Unreal Projects/RaspiGitTest/Content/Levels/Bridge.umap.
[2015.04.18-19.16.08:626][287]LogLinker:Warning: Can't find file '/Game/Blueprints/Monitor'
[2015.04.18-19.16.08:626][287]LogLinker:Warning: Can't find file for asset '/Game/Blueprints/Monitor' while loading NULL.
[2015.04.18-19.16.08:626][287]LogLinker:Warning: Can't find file '/Game/Blueprints/Monitor'
[2015.04.18-19.16.08:626][287]LogLinker:Warning: Can't find file for asset '/Game/Blueprints/Monitor' while loading NULL.
[2015.04.18-19.16.08:627][287]LogLinker:Warning: Can't find file '/Game/Blueprints/Monitor'
[2015.04.18-19.16.08:627][287]LogLinker:Warning: Can't find file for asset '/Game/Blueprints/Monitor' while loading NULL.
[2015.04.18-19.16.08:627][287]LogLinker:Warning: Can't find file '/Game/Blueprints/Monitor'
[2015.04.18-19.16.08:627][287]LogLinker:Warning: Can't find file for asset '/Game/Blueprints/Monitor' while loading NULL.
[2015.04.18-19.16.08:627][287]LogLinker:Warning: Can't find file '/Game/Blueprints/Monitor'
[2015.04.18-19.16.08:627][287]LogLinker:Warning: Can't find file for asset '/Game/Blueprints/Monitor' while loading NULL.
[2015.04.18-19.16.08:628][287]LogLinker:Warning: Can't find file '/Game/Blueprints/Monitor'
[2015.04.18-19.16.08:628][287]LogLinker:Warning: Can't find file for asset '/Game/Blueprints/Monitor' while loading NULL.
[2015.04.18-19.16.08:749][287]LogLinker:Warning: Can't find file '/Game/Blueprints/Monitor'
[2015.04.18-19.16.08:749][287]LogLinker:Warning: Can't find file for asset '/Game/Blueprints/Monitor' while loading NULL.
[2015.04.18-19.16.08:749][287]LogLinker:Warning: Can't find file '/Game/Blueprints/Monitor'
[2015.04.18-19.16.08:750][287]LogLinker:Warning: Can't find file for asset '/Game/Blueprints/Monitor' while loading NULL.
[2015.04.18-19.16.08:751][287]LogLinker:Warning: Can't find file '/Game/Blueprints/Monitor'
[2015.04.18-19.16.08:751][287]LogLinker:Warning: Can't find file for asset '/Game/Blueprints/Monitor' while loading NULL.
[2015.04.18-19.16.08:752][287]LogLinker:Warning: Can't find file '/Game/Blueprints/Monitor'
[2015.04.18-19.16.08:752][287]LogLinker:Warning: Can't find file for asset '/Game/Blueprints/Monitor' while loading NULL.
[2015.04.18-19.16.08:752][287]LogLinker:Warning: CreateExport: Failed to load Outer for resource 'Scene': Monitor_C /Game/Levels/Bridge.Bridge:PersistentLevel.Monitor_C_2
[2015.04.18-19.16.08:753][287]LogLinker:Warning: Can't find file '/Game/Blueprints/Monitor'
[2015.04.18-19.16.08:753][287]LogLinker:Warning: Can't find file for asset '/Game/Blueprints/Monitor' while loading NULL.
[2015.04.18-19.16.08:753][287]LogLinker:Warning: Can't find file '/Game/Blueprints/Monitor'
[2015.04.18-19.16.08:753][287]LogLinker:Warning: Can't find file for asset '/Game/Blueprints/Monitor' while loading NULL.
[2015.04.18-19.16.08:753][287]LogLinker:Warning: CreateExport: Failed to load Outer for resource 'Monitor': Monitor_C /Game/Levels/Bridge.Bridge:PersistentLevel.Monitor_C_2
[2015.04.18-19.16.08:754][287]LogLinker:Warning: Can't find file '/Game/Blueprints/Monitor'
[2015.04.18-19.16.08:754][287]LogLinker:Warning: Can't find file for asset '/Game/Blueprints/Monitor' while loading NULL.
[2015.04.18-19.16.08:754][287]LogLinker:Warning: Can't find file '/Game/Blueprints/Monitor'
[2015.04.18-19.16.08:754][287]LogLinker:Warning: Can't find file for asset '/Game/Blueprints/Monitor' while loading NULL.
[2015.04.18-19.16.08:754][287]LogLinker:Warning: CreateExport: Failed to load Outer for resource 'Wall': Monitor_C /Game/Levels/Bridge.Bridge:PersistentLevel.Monitor_C_2
[2015.04.18-19.16.08:755][287]LogLinker:Warning: Can't find file '/Game/Blueprints/Monitor'
[2015.04.18-19.16.08:755][287]LogLinker:Warning: Can't find file for asset '/Game/Blueprints/Monitor' while loading NULL.
[2015.04.18-19.16.08:755][287]LogLinker:Warning: Can't find file '/Game/Blueprints/Monitor'
[2015.04.18-19.16.08:756][287]LogLinker:Warning: Can't find file for asset '/Game/Blueprints/Monitor' while loading NULL.
[2015.04.18-19.16.08:756][287]LogLinker:Warning: CreateExport: Failed to load Outer for resource 'Contents': Monitor_C /Game/Levels/Bridge.Bridge:PersistentLevel.Monitor_C_2
[2015.04.18-19.16.08:780][287]LogLinker:Warning: Can't find file '/Game/Blueprints/Monitor'
[2015.04.18-19.16.08:780][287]LogLinker:Warning: Can't find file for asset '/Game/Blueprints/Monitor' while loading NULL.
[2015.04.18-19.16.08:780][287]LogLinker:Warning: Can't find file '/Game/Blueprints/Monitor'
[2015.04.18-19.16.08:815][287]LoadErrors: Info Failed to load /Game/Blueprints/Monitor.Monitor_C Referenced by PersistentLevel
[2015.04.18-19.16.08:815][287]LogLinker:Warning: Can't find file for asset '/Game/Blueprints/Monitor' while loading NULL.
[2015.04.18-19.16.09:806][287]Cmd: MAP LOAD FILE="../../../../../../../Unreal Projects/RaspiGitTest/Content/Levels/Bridge.umap" TEMPLATE=0 SHOWPROGRESS=1 FEATURELEVEL=3
[2015.04.18-19.16.09:807][287]LightingResults: New page: Lighting Build
[2015.04.18-19.16.09:863][287]LoadErrors: New page: Loading map: Bridge.umap
[2015.04.18-19.16.09:902][287]MapCheck: New page: Map Check
[2015.04.18-19.16.09:902][287]LightingResults: New page: Lighting Build
[2015.04.18-19.16.09:980][287]LogParticles: Destroying 0 GPU particle simulations for FXSystem 0x000000000D23F420
[2015.04.18-19.16.10:321][287]LogEditorServer: Finished looking for orphan Actors (0.000 secs)
[2015.04.18-19.16.10:339][287]LogAIModule: Creating AISystem for world Bridge
[2015.04.18-19.16.10:376][287]Cmd: MAP CHECKDEP
[2015.04.18-19.16.10:376][287]MapCheck: New page: Bridge - Apr 18, 2015, 11:16:10 AM
[2015.04.18-19.16.10:467][287]MapCheck: Info Map check complete: 0 Error(s), 0 Warning(s), took 90.426ms to complete.
[2015.04.18-19.16.10:468][287]LogFileHelpers: Loading map 'Bridge' took 0.753
[2015.04.18-19.16.16:571][891]BlueprintLog: New page: Pre-PIE auto-recompile
[2015.04.18-19.16.16:571][891]LogPlayLevel: [PIE] Compiling Bridge before PIE...
[2015.04.18-19.16.16:915][891]LogPlayLevel: PIE:  Blueprint regeneration took 344 ms (1 blueprints)
[2015.04.18-19.16.16:943][891]PIE: New page: PIE session: Bridge (Apr 18, 2015, 11:16:16 AM)
[2015.04.18-19.16.17:003][891]LogPlayLevel: PIE: StaticDuplicateObject took: (0.060035s)
[2015.04.18-19.16.17:004][891]LogPlayLevel: PIE: World Init took: (0.000776s)
[2015.04.18-19.16.17:005][891]LogPlayLevel: PIE: Created PIE world by copying editor world from /Game/Levels/Bridge.Bridge to /Game/Levels/UEDPIE_0_Bridge.Bridge (0.061262s)
[2015.04.18-19.16.17:165][891]LogWorld: Game class is 'GameMode_Bridge_C'
[2015.04.18-19.16.17:328][891]LogAIModule: Creating AISystem for world Bridge
[2015.04.18-19.16.17:332][891]LogWorld: Bringing World /Game/Levels/UEDPIE_0_Bridge.Bridge up for play (max tick rate 0) at 2015.04.18-15.16.17
[2015.04.18-19.16.17:382][891]LogWorld: Bringing up level for play took: 0.053819
[2015.04.18-19.16.17:601][891]PIE: Info Play in editor start time for /Game/Levels/UEDPIE_0_Bridge 1.892
[2015.04.18-19.17.32:957][316]LogParticles: Destroying 0 GPU particle simulations for FXSystem 0x000000001B9D9800
[2015.04.18-19.17.35:298][432]LogEditorViewport: Clicking on Actor (LMB): SkyBox_Child_C (SkyBox_Child)
[2015.04.18-19.17.38:532][517]LogEditorViewport: Clicking on Actor (LMB): SkyBox_Child_C (SkyBox_Child)
[2015.04.18-19.17.46:003][738]BlueprintLog: New page: Pre-PIE auto-recompile
[2015.04.18-19.17.46:003][738]LogPlayLevel: [PIE] Compiling Bridge before PIE...
[2015.04.18-19.17.46:078][738]LogPlayLevel: PIE:  Blueprint regeneration took 75 ms (1 blueprints)
[2015.04.18-19.17.46:079][738]PIE: New page: PIE session: Bridge (Apr 18, 2015, 11:17:46 AM)
[2015.04.18-19.17.46:092][738]LogPlayLevel: PIE: StaticDuplicateObject took: (0.012672s)
[2015.04.18-19.17.46:093][738]LogPlayLevel: PIE: World Init took: (0.000975s)
[2015.04.18-19.17.46:093][738]LogPlayLevel: PIE: Created PIE world by copying editor world from /Game/Levels/Bridge.Bridge to /Game/Levels/UEDPIE_0_Bridge.Bridge (0.013825s)
[2015.04.18-19.17.46:124][738]LogWorld: Game class is 'GameMode_Bridge_C'
[2015.04.18-19.17.46:126][738]LogAIModule: Creating AISystem for world Bridge
[2015.04.18-19.17.46:131][738]LogWorld: Bringing World /Game/Levels/UEDPIE_0_Bridge.Bridge up for play (max tick rate 0) at 2015.04.18-15.17.46
[2015.04.18-19.17.46:132][738]LogWorld: Bringing up level for play took: 0.004791
[2015.04.18-19.17.46:143][738]PIE: Info Play in editor start time for /Game/Levels/UEDPIE_0_Bridge 0.439
[2015.04.18-19.18.30:839][ 25]LogParticles: Destroying 0 GPU particle simulations for FXSystem 0x000000000C798180
[2015.04.18-19.18.37:047][118]LogEditorViewport: Clicking on Actor (LMB): SkyBox_Child_C (SkyBox_Child)
[2015.04.18-19.18.37:741][186]LogEditorViewport: Clicking on Actor (LMB): SkyBox_Child_C (SkyBox_Child)
[2015.04.18-19.18.38:766][259]BlueprintLog: New page: Pre-PIE auto-recompile
[2015.04.18-19.18.38:766][259]LogPlayLevel: [PIE] Compiling Bridge before PIE...
[2015.04.18-19.18.38:831][259]LogPlayLevel: PIE:  Blueprint regeneration took 64 ms (1 blueprints)
[2015.04.18-19.18.38:836][259]PIE: New page: PIE session: Bridge (Apr 18, 2015, 11:18:38 AM)
[2015.04.18-19.18.38:850][259]LogPlayLevel: PIE: StaticDuplicateObject took: (0.012938s)
[2015.04.18-19.18.38:851][259]LogPlayLevel: PIE: World Init took: (0.000908s)
[2015.04.18-19.18.38:851][259]LogPlayLevel: PIE: Created PIE world by copying editor world from /Game/Levels/Bridge.Bridge to /Game/Levels/UEDPIE_0_Bridge.Bridge (0.014033s)
[2015.04.18-19.18.38:886][259]LogWorld: Game class is 'GameMode_Bridge_C'
[2015.04.18-19.18.38:888][259]LogAIModule: Creating AISystem for world Bridge
[2015.04.18-19.18.38:893][259]LogWorld: Bringing World /Game/Levels/UEDPIE_0_Bridge.Bridge up for play (max tick rate 0) at 2015.04.18-15.18.38
[2015.04.18-19.18.38:894][259]LogWorld: Bringing up level for play took: 0.005101
[2015.04.18-19.18.38:896][259]PIE: Info Play in editor start time for /Game/Levels/UEDPIE_0_Bridge -0.804
[2015.04.18-19.18.52:945][911]LogParticles: Destroying 0 GPU particle simulations for FXSystem 0x000000000D8B7C40
[2015.04.18-19.19.13:865][ 59]LogEditorViewport: Clicking on Actor (LMB): SkyBox_Child_C (SkyBox_Child)
[2015.04.18-19.19.14:331][100]LogEditorViewport: Clicking Background
[2015.04.18-19.19.15:158][197]LogEditorViewport: Clicking Background
[2015.04.18-19.19.16:638][329]BlueprintLog: New page: Pre-PIE auto-recompile
[2015.04.18-19.19.16:638][329]LogPlayLevel: [PIE] Compiling Bridge before PIE...
[2015.04.18-19.19.16:701][329]LogPlayLevel: PIE:  Blueprint regeneration took 63 ms (1 blueprints)
[2015.04.18-19.19.16:702][329]PIE: New page: PIE session: Bridge (Apr 18, 2015, 11:19:16 AM)
[2015.04.18-19.19.16:715][329]LogPlayLevel: PIE: StaticDuplicateObject took: (0.012952s)
[2015.04.18-19.19.16:716][329]LogPlayLevel: PIE: World Init took: (0.000995s)
[2015.04.18-19.19.16:716][329]LogPlayLevel: PIE: Created PIE world by copying editor world from /Game/Levels/Bridge.Bridge to /Game/Levels/UEDPIE_0_Bridge.Bridge (0.014181s)
[2015.04.18-19.19.16:748][329]LogWorld: Game class is 'GameMode_Bridge_C'
[2015.04.18-19.19.16:751][329]LogAIModule: Creating AISystem for world Bridge
[2015.04.18-19.19.16:755][329]LogWorld: Bringing World /Game/Levels/UEDPIE_0_Bridge.Bridge up for play (max tick rate 0) at 2015.04.18-15.19.16
[2015.04.18-19.19.16:756][329]LogWorld: Bringing up level for play took: 0.004824
[2015.04.18-19.19.16:758][329]PIE: Info Play in editor start time for /Game/Levels/UEDPIE_0_Bridge 1.063
[2015.04.18-19.19.21:326][853]LogParticles: Destroying 0 GPU particle simulations for FXSystem 0x000000000A8A37E0
[2015.04.18-19.19.49:231][ 33]BlueprintLog: New page: Pre-PIE auto-recompile
[2015.04.18-19.19.49:231][ 33]LogPlayLevel: [PIE] Compiling Bridge before PIE...
[2015.04.18-19.19.49:302][ 33]LogPlayLevel: PIE:  Blueprint regeneration took 70 ms (1 blueprints)
[2015.04.18-19.19.49:302][ 33]PIE: New page: PIE session: Bridge (Apr 18, 2015, 11:19:49 AM)
[2015.04.18-19.19.49:316][ 33]LogPlayLevel: PIE: StaticDuplicateObject took: (0.013780s)
[2015.04.18-19.19.49:318][ 33]LogPlayLevel: PIE: World Init took: (0.001744s)
[2015.04.18-19.19.49:318][ 33]LogPlayLevel: PIE: Created PIE world by copying editor world from /Game/Levels/Bridge.Bridge to /Game/Levels/UEDPIE_0_Bridge.Bridge (0.015874s)
[2015.04.18-19.19.49:352][ 33]LogWorld: Game class is 'GameMode_Bridge_C'
[2015.04.18-19.19.49:355][ 33]LogAIModule: Creating AISystem for world Bridge
[2015.04.18-19.19.49:360][ 33]LogWorld: Bringing World /Game/Levels/UEDPIE_0_Bridge.Bridge up for play (max tick rate 0) at 2015.04.18-15.19.49
[2015.04.18-19.19.49:360][ 33]LogWorld: Bringing up level for play took: 0.005061
[2015.04.18-19.19.49:363][ 33]PIE: Info Play in editor start time for /Game/Levels/UEDPIE_0_Bridge -0.333
[2015.04.18-19.21.17:794][471]LogParticles: Destroying 0 GPU particle simulations for FXSystem 0x000000000D98A480
[2015.04.18-19.22.09:427][755]Cmd: QUIT_EDITOR
[2015.04.18-19.22.09:982][755]LogExit: Preparing to exit.
[2015.04.18-19.22.10:534][755]LogExit: Editor shut down
[2015.04.18-19.22.10:534][755]LogExit: Transaction tracking system shut down
[2015.04.18-19.22.10:535][755]LogParticles: Destroying 0 GPU particle simulations for FXSystem 0x0000000017410E00
[2015.04.18-19.22.10:535][755]LogParticles: Destroying 0 GPU particle simulations for FXSystem 0x0000000019074AE0
[2015.04.18-19.22.10:535][755]LogParticles: Destroying 0 GPU particle simulations for FXSystem 0x000000001C3BB7E0
[2015.04.18-19.22.10:536][755]LogParticles: Destroying 0 GPU particle simulations for FXSystem 0x000000001A9C2840
[2015.04.18-19.22.10:536][755]LogParticles: Destroying 0 GPU particle simulations for FXSystem 0x000000001B7E5DA0
[2015.04.18-19.22.11:565][755]LogExit: Object subsystem successfully closed.
[2015.04.18-19.22.12:037][755]LogModuleManager: Shutting down and abandoning module CrashTracker (177)
[2015.04.18-19.22.12:037][755]LogModuleManager: Shutting down and abandoning module SuperSearch (176)
[2015.04.18-19.22.12:037][755]LogModuleManager: Shutting down and abandoning module SceneOutliner (175)
[2015.04.18-19.22.12:037][755]LogModuleManager: Shutting down and abandoning module EditorWidgets (174)
[2015.04.18-19.22.12:037][755]LogModuleManager: Shutting down and abandoning module CollectionManager (173)
[2015.04.18-19.22.12:053][755]LogModuleManager: Shutting down and abandoning module StatsViewer (172)
[2015.04.18-19.22.12:079][755]LogModuleManager: Shutting down and abandoning module FoliageEdit (171)
[2015.04.18-19.22.12:079][755]LogModuleManager: Shutting down and abandoning module LandscapeEditor (170)
[2015.04.18-19.22.12:109][755]LogModuleManager: Shutting down and abandoning module MeshPaint (169)
[2015.04.18-19.22.12:123][755]LogModuleManager: Shutting down and abandoning module ActorPickerMode (168)
[2015.04.18-19.22.12:123][755]LogModuleManager: Shutting down and abandoning module GeometryMode (167)
[2015.04.18-19.22.12:123][755]LogModuleManager: Shutting down and abandoning module TextureAlignMode (166)
[2015.04.18-19.22.12:123][755]LogModuleManager: Shutting down and abandoning module BspMode (165)
[2015.04.18-19.22.12:123][755]LogModuleManager: Shutting down and abandoning module PlacementMode (164)
[2015.04.18-19.22.12:123][755]LogModuleManager: Shutting down and abandoning module AutomationWorker (163)
[2015.04.18-19.22.12:123][755]LogModuleManager: Shutting down and abandoning module CharacterAI (162)
[2015.04.18-19.22.12:123][755]LogModuleManager: Shutting down and abandoning module SmartSnapping (161)
[2015.04.18-19.22.12:123][755]LogModuleManager: Shutting down and abandoning module ViewportSnapping (160)
[2015.04.18-19.22.12:123][755]LogModuleManager: Shutting down and abandoning module LogVisualizer (159)
[2015.04.18-19.22.12:154][755]LogModuleManager: Shutting down and abandoning module GameProjectGeneration (158)
[2015.04.18-19.22.12:159][755]LogModuleManager: Shutting down and abandoning module IntroTutorials (157)
[2015.04.18-19.22.12:199][755]LogModuleManager: Shutting down and abandoning module EditorLiveStreaming (156)
[2015.04.18-19.22.12:199][755]LogModuleManager: Shutting down and abandoning module HardwareTargeting (155)
[2015.04.18-19.22.12:199][755]LogModuleManager: Shutting down and abandoning module DeviceProfileEditor (154)
[2015.04.18-19.22.12:207][755]LogModuleManager: Shutting down and abandoning module UndoHistory (153)
[2015.04.18-19.22.12:219][755]LogModuleManager: Shutting down and abandoning module GameplayTagsEditor (152)
[2015.04.18-19.22.12:219][755]LogModuleManager: Shutting down and abandoning module UserFeedback (151)
[2015.04.18-19.22.12:220][755]LogModuleManager: Shutting down and abandoning module XmlParser (150)
[2015.04.18-19.22.12:228][755]LogModuleManager: Shutting down and abandoning module Blutility (149)
[2015.04.18-19.22.12:228][755]LogModuleManager: Shutting down and abandoning module IOSPlatformEditor (148)
[2015.04.18-19.22.12:228][755]LogModuleManager: Shutting down and abandoning module IOSRuntimeSettings (147)
[2015.04.18-19.22.12:228][755]LogModuleManager: Shutting down and abandoning module AndroidDeviceDetection (146)
[2015.04.18-19.22.12:395][755]LogModuleManager: Shutting down and abandoning module AndroidPlatformEditor (145)
[2015.04.18-19.22.12:395][755]LogModuleManager: Shutting down and abandoning module AndroidRuntimeSettings (144)
[2015.04.18-19.22.12:395][755]LogModuleManager: Shutting down and abandoning module ProjectTargetPlatformEditor (143)
[2015.04.18-19.22.12:395][755]LogModuleManager: Shutting down and abandoning module ProjectSettingsViewer (142)
[2015.04.18-19.22.12:395][755]LogModuleManager: Shutting down and abandoning module InputBindingEditor (141)
[2015.04.18-19.22.12:424][755]LogModuleManager: Shutting down and abandoning module EditorSettingsViewer (140)
[2015.04.18-19.22.12:424][755]LogModuleManager: Shutting down and abandoning module SettingsEditor (139)
[2015.04.18-19.22.12:432][755]LogModuleManager: Shutting down and abandoning module ProjectLauncher (138)
[2015.04.18-19.22.12:451][755]LogModuleManager: Shutting down and abandoning module SessionFrontend (137)
[2015.04.18-19.22.12:462][755]LogModuleManager: Shutting down and abandoning module ProfilerClient (136)
[2015.04.18-19.22.12:463][755]LogModuleManager: Shutting down and abandoning module TargetDeviceServices (135)
[2015.04.18-19.22.12:468][755]LogModuleManager: Shutting down and abandoning module DeviceManager (134)
[2015.04.18-19.22.12:500][755]LogModuleManager: Shutting down and abandoning module AutomationController (133)
[2015.04.18-19.22.12:510][755]LogModuleManager: Shutting down and abandoning module AutomationWindow (132)
[2015.04.18-19.22.12:520][755]LogModuleManager: Shutting down and abandoning module Layers (131)
[2015.04.18-19.22.12:544][755]LogModuleManager: Shutting down and abandoning module ComponentVisualizers (130)
[2015.04.18-19.22.12:544][755]LogModuleManager: Shutting down and abandoning module DetailCustomizations (129)
[2015.04.18-19.22.12:544][755]LogModuleManager: Shutting down and abandoning module PackagesDialog (128)
[2015.04.18-19.22.12:569][755]LogModuleManager: Shutting down and abandoning module AssetRegistry (127)
[2015.04.18-19.22.12:620][755]LogModuleManager: Shutting down and abandoning module Persona (126)
[2015.04.18-19.22.12:662][755]LogModuleManager: Shutting down and abandoning module SlateReflector (125)
[2015.04.18-19.22.12:684][755]LogModuleManager: Shutting down and abandoning module LevelEditor (124)
[2015.04.18-19.22.12:691][755]LogModuleManager: Shutting down and abandoning module Kismet (123)
[2015.04.18-19.22.12:691][755]LogModuleManager: Shutting down and abandoning module GraphEditor (122)
[2015.04.18-19.22.12:723][755]LogModuleManager: Shutting down and abandoning module ClassViewer (121)
[2015.04.18-19.22.12:723][755]LogModuleManager: Shutting down and abandoning module Toolbox (120)
[2015.04.18-19.22.12:723][755]LogModuleManager: Shutting down and abandoning module ModuleUI (119)
[2015.04.18-19.22.12:734][755]LogModuleManager: Shutting down and abandoning module MovieSceneTools (118)
[2015.04.18-19.22.12:753][755]LogModuleManager: Shutting down and abandoning module OutputLog (117)
[2015.04.18-19.22.12:753][755]LogModuleManager: Shutting down and abandoning module GammaUI (116)
[2015.04.18-19.22.12:762][755]LogModuleManager: Shutting down and abandoning module Documentation (115)
[2015.04.18-19.22.12:762][755]LogModuleManager: Shutting down and abandoning module GameLiveStreaming (114)
[2015.04.18-19.22.12:762][755]LogModuleManager: Shutting down and abandoning module StreamingPauseRendering (113)
[2015.04.18-19.22.12:770][755]LogModuleManager: Shutting down and abandoning module HTTP (112)
[2015.04.18-19.22.12:771][755]LogModuleManager: Shutting down and abandoning module AnalyticsET (111)
[2015.04.18-19.22.12:771][755]LogModuleManager: Shutting down and abandoning module Analytics (110)
[2015.04.18-19.22.12:771][755]LogModuleManager: Shutting down and abandoning module AITestSuite (109)
[2015.04.18-19.22.12:784][755]LogModuleManager: Shutting down and abandoning module GameplayDebugger (108)
[2015.04.18-19.22.12:784][755]LogModuleManager: Shutting down and abandoning module AIModule (107)
[2015.04.18-19.22.12:784][755]LogModuleManager: Shutting down and abandoning module ProfilerService (106)
[2015.04.18-19.22.12:824][755]LogModuleManager: Shutting down and abandoning module TaskGraph (105)
[2015.04.18-19.22.12:839][755]LogModuleManager: Shutting down and abandoning module SlateRemote (104)
[2015.04.18-19.22.12:839][755]LogModuleManager: Shutting down and abandoning module ScriptEditorPlugin (103)
[2015.04.18-19.22.12:839][755]LogModuleManager: Shutting down and abandoning module CustomMeshComponent (102)
[2015.04.18-19.22.12:839][755]LogModuleManager: Shutting down and abandoning module CableComponent (101)
[2015.04.18-19.22.12:851][755]LogModuleManager: Shutting down and abandoning module MessagingDebugger (100)
[2015.04.18-19.22.12:861][755]LogModuleManager: Shutting down and abandoning module MediaPlayerEditor (99)
[2015.04.18-19.22.12:882][755]LogModuleManager: Shutting down and abandoning module SpeedTreeImporter (98)
[2015.04.18-19.22.12:882][755]LogModuleManager: Shutting down and abandoning module PluginsEditor (97)
[2015.04.18-19.22.12:891][755]LogModuleManager: Shutting down and abandoning module MainFrame (96)
[2015.04.18-19.22.12:891][755]LogModuleManager: Shutting down and abandoning module EpicSurvey (95)
[2015.04.18-19.22.12:901][755]LogModuleManager: Shutting down and abandoning module DesktopPlatform (94)
[2015.04.18-19.22.12:915][755]LogModuleManager: Shutting down and abandoning module DirectoryWatcher (93)
[2015.04.18-19.22.12:916][755]LogModuleManager: Shutting down and abandoning module HotReload (92)
[2015.04.18-19.22.12:916][755]LogModuleManager: Shutting down and abandoning module VisualStudioSourceCodeAccess (91)
[2015.04.18-19.22.12:916][755]LogModuleManager: Shutting down and abandoning module UObjectPlugin (90)
[2015.04.18-19.22.12:916][755]LogModuleManager: Shutting down and abandoning module SubversionSourceControl (89)
[2015.04.18-19.22.12:927][755]LogModuleManager: Shutting down and abandoning module PerforceSourceControl (88)
[2015.04.18-19.22.12:934][755]LogModuleManager: Shutting down and abandoning module SourceControl (87)
[2015.04.18-19.22.12:946][755]LogModuleManager: Shutting down and abandoning module GitSourceControl (86)
[2015.04.18-19.22.12:958][755]LogModuleManager: Shutting down and abandoning module BlankPlugin (85)
[2015.04.18-19.22.12:958][755]LogModuleManager: Shutting down and abandoning module PaperTiledImporter (84)
[2015.04.18-19.22.12:958][755]LogModuleManager: Shutting down and abandoning module PaperJsonImporter (83)
[2015.04.18-19.22.12:958][755]LogModuleManager: Shutting down and abandoning module ContentBrowser (82)
[2015.04.18-19.22.12:959][755]LogModuleManager: Shutting down and abandoning module Paper2DEditor (81)
[2015.04.18-19.22.12:982][755]LogModuleManager: Shutting down and abandoning module ScriptPlugin (80)
[2015.04.18-19.22.12:995][755]LogModuleManager: Shutting down and abandoning module UdpMessaging (79)
[2015.04.18-19.22.13:095][755]LogModuleManager: Shutting down and abandoning module Paper2D (78)
[2015.04.18-19.22.13:108][755]LogModuleManager: Shutting down and abandoning module WindowsMoviePlayer (77)
[2015.04.18-19.22.13:139][755]LogModuleManager: Shutting down and abandoning module Media (76)
[2015.04.18-19.22.13:139][755]LogModuleManager: Shutting down and abandoning module WmfMedia (75)
[2015.04.18-19.22.13:140][755]LogModuleManager: Shutting down and abandoning module OnlineBlueprintSupport (74)
[2015.04.18-19.22.13:140][755]LogModuleManager: Shutting down and abandoning module PropertyEditor (73)
[2015.04.18-19.22.13:140][755]LogModuleManager: Shutting down and abandoning module BehaviorTreeEditor (72)
[2015.04.18-19.22.13:171][755]LogModuleManager: Shutting down and abandoning module FunctionalTesting (71)
[2015.04.18-19.22.13:178][755]LogModuleManager: Shutting down and abandoning module CollisionAnalyzer (70)
[2015.04.18-19.22.13:188][755]LogModuleManager: Shutting down and abandoning module WorkspaceMenuStructure (69)
[2015.04.18-19.22.13:188][755]LogModuleManager: Shutting down and abandoning module MessageLog (68)
[2015.04.18-19.22.13:188][755]LogModuleManager: Shutting down and abandoning module Sequencer (67)
[2015.04.18-19.22.13:208][755]LogModuleManager: Shutting down and abandoning module AssetTools (66)
[2015.04.18-19.22.13:239][755]LogModuleManager: Shutting down and abandoning module UMGEditor (65)
[2015.04.18-19.22.13:258][755]LogModuleManager: Shutting down and abandoning module UMG (64)
[2015.04.18-19.22.13:269][755]LogModuleManager: Shutting down and abandoning module Slate (63)
[2015.04.18-19.22.13:270][755]LogModuleManager: Shutting down and abandoning module EditorStyle (62)
[2015.04.18-19.22.13:273][755]LogModuleManager: Shutting down and abandoning module SessionServices (61)
[2015.04.18-19.22.13:273][755]LogModuleManager: Shutting down and abandoning module SourceCodeAccess (60)
[2015.04.18-19.22.13:273][755]LogModuleManager: Shutting down and abandoning module HeadMountedDisplay (59)
[2015.04.18-19.22.13:273][755]LogModuleManager: Shutting down and abandoning module XAudio2 (58)
[2015.04.18-19.22.13:273][755]LogModuleManager: Shutting down and abandoning module Networking (56)
[2015.04.18-19.22.13:273][755]LogModuleManager: Shutting down and abandoning module Core (55)
[2015.04.18-19.22.13:273][755]LogModuleManager: Shutting down and abandoning module KismetCompiler (54)
[2015.04.18-19.22.13:273][755]LogModuleManager: Shutting down and abandoning module PhysXFormats (53)
[2015.04.18-19.22.13:273][755]LogModuleManager: Shutting down and abandoning module MeshUtilities (52)
[2015.04.18-19.22.13:294][755]LogModuleManager: Shutting down and abandoning module DerivedDataCache (51)
[2015.04.18-19.22.13:329][755]LogDerivedDataCache: Shutdown
[2015.04.18-19.22.13:329][755]LogModuleManager: Shutting down and abandoning module ShaderFormatOpenGL (50)
[2015.04.18-19.22.13:341][755]LogModuleManager: Shutting down and abandoning module ShaderFormatD3D (49)
[2015.04.18-19.22.13:345][755]LogModuleManager: Shutting down and abandoning module MetalShaderFormat (48)
[2015.04.18-19.22.13:357][755]LogModuleManager: Shutting down and abandoning module TextureFormatUncompressed (47)
[2015.04.18-19.22.13:357][755]LogModuleManager: Shutting down and abandoning module TextureFormatPVR (46)
[2015.04.18-19.22.13:367][755]LogModuleManager: Shutting down and abandoning module TextureFormatIntelISPCTexComp (45)
[2015.04.18-19.22.13:378][755]LogModuleManager: Shutting down and abandoning module TextureFormatDXT (44)
[2015.04.18-19.22.13:387][755]LogModuleManager: Shutting down and abandoning module ImageWrapper (43)
[2015.04.18-19.22.13:387][755]LogModuleManager: Shutting down and abandoning module TextureFormatASTC (42)
[2015.04.18-19.22.13:400][755]LogModuleManager: Shutting down and abandoning module TextureFormatAndroid (41)
[2015.04.18-19.22.13:400][755]LogModuleManager: Shutting down and abandoning module AudioFormatOpus (40)
[2015.04.18-19.22.13:410][755]LogModuleManager: Shutting down and abandoning module AudioFormatOgg (39)
[2015.04.18-19.22.13:411][755]LogModuleManager: Shutting down and abandoning module AudioFormatADPCM (38)
[2015.04.18-19.22.13:411][755]LogModuleManager: Shutting down and abandoning module LinuxTargetPlatform (37)
[2015.04.18-19.22.13:411][755]LogModuleManager: Shutting down and abandoning module LinuxServerTargetPlatform (36)
[2015.04.18-19.22.13:421][755]LogModuleManager: Shutting down and abandoning module LinuxNoEditorTargetPlatform (35)
[2015.04.18-19.22.13:437][755]LogModuleManager: Shutting down and abandoning module Messaging (34)
[2015.04.18-19.22.13:437][755]LogModuleManager: Shutting down and abandoning module IOSTargetPlatform (33)
[2015.04.18-19.22.13:437][755]LogModuleManager: Shutting down and abandoning module HTML5TargetPlatform (32)
[2015.04.18-19.22.13:437][755]LogModuleManager: Shutting down and abandoning module Android_PVRTCTargetPlatform (31)
[2015.04.18-19.22.13:437][755]LogModuleManager: Shutting down and abandoning module Android_ETC2TargetPlatform (30)
[2015.04.18-19.22.13:437][755]LogModuleManager: Shutting down and abandoning module Android_ETC1TargetPlatform (29)
[2015.04.18-19.22.13:437][755]LogModuleManager: Shutting down and abandoning module Android_ES31TargetPlatform (28)
[2015.04.18-19.22.13:437][755]LogModuleManager: Shutting down and abandoning module Android_DXTTargetPlatform (27)
[2015.04.18-19.22.13:437][755]LogModuleManager: Shutting down and abandoning module Android_ATCTargetPlatform (26)
[2015.04.18-19.22.13:437][755]LogModuleManager: Shutting down and abandoning module AndroidTargetPlatform (25)
[2015.04.18-19.22.13:437][755]LogModuleManager: Shutting down and abandoning module WindowsTargetPlatform (24)
[2015.04.18-19.22.13:437][755]LogModuleManager: Shutting down and abandoning module WindowsServerTargetPlatform (23)
[2015.04.18-19.22.13:437][755]LogModuleManager: Shutting down and abandoning module WindowsNoEditorTargetPlatform (22)
[2015.04.18-19.22.13:437][755]LogModuleManager: Shutting down and abandoning module WindowsClientTargetPlatform (21)
[2015.04.18-19.22.13:437][755]LogModuleManager: Shutting down and abandoning module TargetPlatform (20)
[2015.04.18-19.22.13:437][755]LogModuleManager: Shutting down and abandoning module InputCore (19)
[2015.04.18-19.22.13:437][755]LogModuleManager: Shutting down and abandoning module Settings (18)
[2015.04.18-19.22.13:437][755]LogModuleManager: Shutting down and abandoning module OnlineSubsystem (16)
[2015.04.18-19.22.13:437][755]LogModuleManager: Shutting down and abandoning module OculusRift (15)
[2015.04.18-19.22.13:437][755]LogModuleManager: Shutting down and abandoning module ExampleDeviceProfileSelector (14)
[2015.04.18-19.22.13:437][755]LogModuleManager: Shutting down and abandoning module TextureCompressor (13)
[2015.04.18-19.22.13:454][755]LogModuleManager: Shutting down and abandoning module ShaderCore (12)
[2015.04.18-19.22.13:454][755]LogModuleManager: Shutting down and abandoning module Landscape (11)
[2015.04.18-19.22.13:454][755]LogModuleManager: Shutting down and abandoning module SlateRHIRenderer (10)
[2015.04.18-19.22.13:489][755]LogModuleManager: Shutting down and abandoning module OpenGLDrv (9)
[2015.04.18-19.22.13:489][755]LogModuleManager: Shutting down and abandoning module D3D11RHI (8)
[2015.04.18-19.22.13:489][755]LogModuleManager: Shutting down and abandoning module Renderer (7)
[2015.04.18-19.22.13:489][755]LogModuleManager: Shutting down and abandoning module Engine (6)
[2015.04.18-19.22.13:489][755]LogModuleManager: Shutting down and abandoning module CoreUObject (5)
[2015.04.18-19.22.13:489][755]LogModuleManager: Shutting down and abandoning module NetworkFile (4)
[2015.04.18-19.22.13:504][755]LogModuleManager: Shutting down and abandoning module StreamingFile (3)
[2015.04.18-19.22.13:521][755]LogModuleManager: Shutting down and abandoning module SandboxFile (2)
[2015.04.18-19.22.13:532][755]LogModuleManager: Shutting down and abandoning module PakFile (1)
[2015.04.18-19.22.13:549][755]LogExit: Exiting.
[2015.04.18-19.22.13:567][755]Log file closed, 04/18/15 15:22:13
