Log file open, 04/18/15 15:22:42
LogInit:Display: Running engine for game: Bridge
LogInit: Version: 4.7.5-2503383+++depot+UE4-Releases+4.7
LogInit: API Version: 2455222
LogInit: Compiled (64-bit): Apr  6 2015 23:21:51
LogInit: Compiled with Visual C++: 18.00.21005.01
LogInit: Build Configuration: Development
LogInit: Branch Name: ++depot+UE4-Releases+4.7
LogInit: Command line:  
LogInit: Base directory: J:/Program Files/Unreal/Epic Games/4.7/Engine/Binaries/Win64/
LogInit: Rocket: 1
[2015.04.18-19.22.42:940][  0]LogTaskGraph: Started task graph with 3 named threads and 6 total threads.
[2015.04.18-19.22.42:993][  0]LogOnline:Warning: No default platform service specified for OnlineSubsystem
[2015.04.18-19.22.43:050][  0]LogInit: Presizing for 0 objects not considered by GC, pre-allocating 0 bytes.
[2015.04.18-19.22.43:060][  0]LogInit: Object subsystem initialized
[2015.04.18-19.22.43:062][  0]LogConsoleResponse:Warning: Skipping Unknown console variable: 'TranslucentSortAxis = (X=0.000000,Y=-1.000000,Z=0.000000)'
[2015.04.18-19.22.43:062][  0]LogConsoleResponse:Warning:   Found in ini file 'J:/Unreal Projects/RaspiGitTest/Saved/Config/Windows/Engine.ini', in section '[/Script/Engine.RendererSettings]'
[2015.04.18-19.22.43:062][  0]LogConsoleResponse:Warning: Skipping Unknown console variable: 'UIScaleRule = ShortestSide'
[2015.04.18-19.22.43:062][  0]LogConsoleResponse:Warning:   Found in ini file 'J:/Unreal Projects/RaspiGitTest/Saved/Config/Windows/Engine.ini', in section '[/Script/Engine.RendererSettings]'
[2015.04.18-19.22.43:062][  0]LogConsoleResponse:Warning: Skipping Unknown console variable: 'UIScaleCurve = (EditorCurveData=(Keys=),ExternalCurve=None)'
[2015.04.18-19.22.43:062][  0]LogConsoleResponse:Warning:   Found in ini file 'J:/Unreal Projects/RaspiGitTest/Saved/Config/Windows/Engine.ini', in section '[/Script/Engine.RendererSettings]'
[2015.04.18-19.22.43:063][  0]LogInit: Selected Device Profile: [Windows]
[2015.04.18-19.22.43:063][  0]LogInit: Applying CVar settings loaded from the selected device profile: [Windows]
[2015.04.18-19.22.43:081][  0]LogInit: Computer: RUSTY-PC
[2015.04.18-19.22.43:081][  0]LogInit: User: Rusty
[2015.04.18-19.22.43:081][  0]LogInit: CPU Page size=4096, Cores=4
[2015.04.18-19.22.43:081][  0]LogInit: High frequency timer resolution =3.919570 MHz
[2015.04.18-19.22.43:081][  0]LogMemory: Memory total: Physical=3.9GB (4GB approx) Virtual=8192.0GB
[2015.04.18-19.22.43:081][  0]LogMemory: Platform Memory Stats for Windows
[2015.04.18-19.22.43:081][  0]LogMemory: Process Physical Memory: 47.95 MB used, 47.95 MB peak
[2015.04.18-19.22.43:081][  0]LogMemory: Process Virtual Memory: 28.07 MB used, 28.08 MB peak
[2015.04.18-19.22.43:081][  0]LogMemory: Physical Memory: 3378.03 MB used, 3996.20 MB total
[2015.04.18-19.22.43:081][  0]LogMemory: Virtual Memory: 275.91 MB used, 8388608.00 MB total
[2015.04.18-19.22.43:130][  0]LogD3D11RHI: Found D3D11 adapter 0: NVIDIA GeForce GTX 660   (Feature Level 11_0)
[2015.04.18-19.22.43:130][  0]LogD3D11RHI: Adapter has 1990MB of dedicated video memory, 0MB of dedicated system memory, and 1742MB of shared system memory, 2 output[s]
[2015.04.18-19.22.43:130][  0]LogD3D11RHI: Chosen D3D11 Adapter Id = 0
[2015.04.18-19.22.43:136][  0]LogRHI: Texture pool is 1361 MB (70% of 1945 MB)
[2015.04.18-19.22.43:146][  0]LogD3D11RHI: Async texture creation enabled
[2015.04.18-19.22.43:581][  0]LogTextLocalizationManager: The requested culture ('en_US') has no localization data; parent culture's ('en') localization data will be used.
[2015.04.18-19.22.43:700][  0]LogTextLocalizationManager:Warning: Loading localization resources contain conflicting entries for (Namespace:UICommands, Key:Save_ToolTip):
Resource: (J:/Program Files/Unreal/Epic Games/4.7/Engine/Content/Localization/Editor/en/Editor.locres) Hash: (-29098895) String: (Saves the current level to disk)
Resource: (J:/Program Files/Unreal/Epic Games/4.7/Engine/Content/Localization/Engine/en/Engine.locres) Hash: (-1280300587) String: (Save selected data to vlog file)
[2015.04.18-19.22.43:700][  0]LogTextLocalizationManager:Warning: Loading localization resources contain conflicting entries for (Namespace:ContentBrowser, Key:ImportAssetToolTip):
Resource: (J:/Program Files/Unreal/Epic Games/4.7/Engine/Content/Localization/Editor/en/Editor.locres) Hash: (-630476809) String: (Import to {0}...)
Resource: (J:/Program Files/Unreal/Epic Games/4.7/Engine/Content/Localization/Editor/en/Editor.locres) Hash: (1271782899) String: (Imports an asset from file to this folder.)
[2015.04.18-19.22.43:783][  0]LogContentStreaming: Texture pool size is 0.000000MB
[2015.04.18-19.22.47:263][  0]LogTargetPlatformManager:Display: Building Assets For Windows
[2015.04.18-19.22.48:156][  0]LogTargetPlatformManager:Display: Building Assets For Windows
[2015.04.18-19.22.48:230][  0]LogDerivedDataCache:Display: Max Cache Size: 512 MB
[2015.04.18-19.22.48:432][  0]LogDerivedDataCache: Loaded boot cache 0.20s 39MB C:/Users/Rusty/AppData/Local/UnrealEngine/4.7/DerivedDataCache/Boot.ddc.
[2015.04.18-19.22.48:432][  0]LogDerivedDataCache:Display: Loaded Boot cache: C:/Users/Rusty/AppData/Local/UnrealEngine/4.7/DerivedDataCache/Boot.ddc
[2015.04.18-19.22.48:432][  0]LogDerivedDataCache: FDerivedDataBackendGraph:  Pak pak cache file ../../../../../../../Unreal Projects/RaspiGitTest/DerivedDataCache/DDC.ddp not found, will not use a pak cache.
[2015.04.18-19.22.48:432][  0]LogDerivedDataCache: Unable to find inner node Pak for hierarchical cache Hierarchy.
[2015.04.18-19.22.48:568][  0]LogDerivedDataCache:Display: Pak cache opened for reading ../../../Engine/DerivedDataCache/Compressed.ddp.
[2015.04.18-19.22.48:579][  0]LogDerivedDataCache: Using Local data cache path C:/Users/Rusty/AppData/Local/UnrealEngine/Common/DerivedDataCache: Writable
[2015.04.18-19.22.51:771][  0]LogMeshUtilities: No automatic mesh reduction module available
[2015.04.18-19.22.51:771][  0]LogMeshUtilities: No automatic mesh merging module available
[2015.04.18-19.22.52:194][  0]LogInit: WinSock: version 1.1 (2.2), MaxSocks=32767, MaxUdp=65467
[2015.04.18-19.22.52:355][  0]LogSlate:Warning: Failed to load font data from '../../../Engine/Content/Slate/Fonts/Roboto-Italic.ttf'
[2015.04.18-19.22.57:033][  0]UdpMessaging: Initializing bridge on interface 0.0.0.0:0 to multicast group 230.0.0.1:6666.
[2015.04.18-19.22.57:538][  0]SourceControl: Info Source control is disabled
[2015.04.18-19.22.57:538][  0]SourceControl: Info Source control is disabled
[2015.04.18-19.22.57:538][  0]SourceControl: Info Source control is disabled
[2015.04.18-19.22.57:538][  0]LogSourceControl: RunCommandInternalRaw: 'git version'
[2015.04.18-19.22.57:538][  0]LogSourceControl: RunCommandInternalRaw: ExecProcess ReturnCode=2 OutResults=''
[2015.04.18-19.22.57:548][  0]SourceControl: Info Source control is disabled
[2015.04.18-19.22.58:149][  0]LogObj: 24232 objects as part of root set at end of initial load.
[2015.04.18-19.22.58:149][  0]LogUObjectAllocator: 5137176 out of 0 bytes used by permanent object pool.
[2015.04.18-19.22.58:284][  0]LogEngine: Initializing Engine...
[2015.04.18-19.23.01:460][  0]LogInit: XAudio2 using 'Speakers (Realtek High Definition Audio)' : 6 channels at 48 kHz using 32 bits per sample (channel mask 0x3f)
[2015.04.18-19.23.01:490][  0]LogInit: FAudioDevice initialized.
[2015.04.18-19.23.01:559][  0]LogAIModule: Creating AISystem for world NewWorld
[2015.04.18-19.23.01:607][  0]LogDerivedDataCache: Saved boot cache 0.05s 39MB C:/Users/Rusty/AppData/Local/UnrealEngine/4.7/DerivedDataCache/Boot.ddc.
[2015.04.18-19.23.01:622][  0]LogInit: Texture streaming: Enabled
[2015.04.18-19.23.01:797][  0]LogAnalytics: Creating configured Analytics provider AnalyticsET
[2015.04.18-19.23.01:797][  0]LogAnalytics: ET APIKey = Rocket.Release. APIServer = http://et2.epicgames.com/ET2/. AppVersion = 4.7.5-2503383+++depot+UE4-Releases+4.7
[2015.04.18-19.23.01:797][  0]LogAnalytics: ET APIKey = Rocket.Release. DataRouterUploadURL = https://datarouter-public-service-gamedev.ol.epicgames.net/datarouter/api/v1/public/data. AppVersion = 4.7.5-2503383+++depot+UE4-Releases+4.7
[2015.04.18-19.23.01:797][  0]LogAnalytics: SetUserId 76746d4b4fbeed9bd0e2b4a9a4961198|f9ef5879904e45a5a0f4e310fbfb2caf|70f13971-2139-453f-8553-998f7c412fae
[2015.04.18-19.23.01:797][  0]LogAnalytics: AnalyticsET::StartSession [Rocket.Release]
[2015.04.18-19.23.01:864][  0]LogInit: Transaction tracking system initialized
[2015.04.18-19.23.02:400][  0]BlueprintLog: New page: Editor Load
[2015.04.18-19.23.02:452][  0]LogAssetRegistry: FAssetRegistry took 0.0096 seconds to start up
[2015.04.18-19.23.02:453][  0]LogDirectoryWatcher:Warning: Failed to begin reading directory changes for ../../../Engine/Plugins/Experimental/CharacterAI/Content/. Error: 0
[2015.04.18-19.23.03:623][  0]LogTargetPlatformManager:Display: Building Assets For Windows
[2015.04.18-19.23.04:066][  0]LogTargetPlatformManager:Display: Building Assets For Windows
[2015.04.18-19.23.04:550][  0]LogSlate:Warning: Failed to load font data from '../../../Engine/Content/Editor/Slate/Fonts/Roboto-Regular.ttf'
[2015.04.18-19.23.04:551][  0]LogSlate:Warning: Failed to load font data from '../../../Engine/Content/Editor/Slate/Fonts/Roboto-Bold.ttf'
[2015.04.18-19.23.04:587][  0]LogConsoleResponse:Display: 
[2015.04.18-19.23.05:031][  0]LogCook:Display: Done creating registry. It took  0.00s.
[2015.04.18-19.23.05:635][  0]SourceControl: Info Source control is disabled
[2015.04.18-19.23.05:635][  0]Cmd: MAP LOAD FILE="../../../../../../../Unreal Projects/RaspiGitTest/Content/StarterContent/Maps/Minimal_Default.umap" TEMPLATE=0 SHOWPROGRESS=1 FEATURELEVEL=3
[2015.04.18-19.23.05:686][  0]LightingResults: New page: Lighting Build
[2015.04.18-19.23.05:699][  0]MapCheck: New page: Map Check
[2015.04.18-19.23.05:699][  0]LightingResults: New page: Lighting Build
[2015.04.18-19.23.05:711][  0]LogParticles: Destroying 0 GPU particle simulations for FXSystem 0x0000000013842980
[2015.04.18-19.23.06:645][  0]LogEditorServer: Finished looking for orphan Actors (0.000 secs)
[2015.04.18-19.23.06:657][  0]LogAIModule: Creating AISystem for world Minimal_Default
[2015.04.18-19.23.06:658][  0]Cmd: MAP CHECKDEP
[2015.04.18-19.23.06:658][  0]MapCheck: New page: Minimal_Default - Apr 18, 2015, 11:23:06 AM
[2015.04.18-19.23.06:736][  0]MapCheck: Info Map check complete: 0 Error(s), 0 Warning(s), took 78.366ms to complete.
[2015.04.18-19.23.06:736][  0]LogFileHelpers: Loading map 'Minimal_Default' took 1.101
[2015.04.18-19.23.06:975][  0]LogCollectionManager: Loaded 0 collections in 0.001724 seconds
[2015.04.18-19.23.06:987][  0]LogContentBrowser: Native class hierarchy populated in 0.0110 seconds. Added 1696 classes and 261 folders.
[2015.04.18-19.23.07:047][  0]LogContentBrowser: Native class hierarchy updated for 'SceneOutliner' in 0.0017 seconds. Added 1 classes and 2 folders.
[2015.04.18-19.23.07:128][  0]LogCrashTracker: Crashtracker disabled due to settings.
[2015.04.18-19.23.07:129][  0]LogSlate:Warning: Failed to load font data from 'Veranda'
[2015.04.18-19.23.07:135][  0]LogUObjectGlobals:Warning: Failed to find object 'Class None.'
[2015.04.18-19.23.07:162][  0]LogLoad: Full Startup: 28.09 seconds (BP compile: 0.09 seconds)
[2015.04.18-19.23.07:539][  0]LogContentBrowser:Verbose: The content browser source was changed by the sources view to '/Game/Levels'
[2015.04.18-19.23.07:680][  0]LogRenderer:Warning: Reallocating scene render targets to support 32x32 (Frame:2).
[2015.04.18-19.23.07:872][  0]LogRenderer:Warning: Reallocating scene render targets to support 768x488 (Frame:7).
[2015.04.18-19.23.09:338][  5]LogAssetRegistry: Asset discovery search completed in 6.8976 seconds
[2015.04.18-19.23.19:088][ 64]LogStaticMesh: Building static mesh Wall_400x200...
[2015.04.18-19.23.19:132][ 64]LogStaticMesh: Built static mesh [55.259632ms] /Game/StarterContent/Architecture/Wall_400x200.Wall_400x200
[2015.04.18-19.23.19:890][ 64]Cmd: MAP LOAD FILE="../../../../../../../Unreal Projects/RaspiGitTest/Content/Levels/Bridge.umap" TEMPLATE=0 SHOWPROGRESS=1 FEATURELEVEL=3
[2015.04.18-19.23.19:891][ 64]LightingResults: New page: Lighting Build
[2015.04.18-19.23.19:929][ 64]LoadErrors: New page: Loading map: Bridge.umap
[2015.04.18-19.23.19:942][ 64]MapCheck: New page: Map Check
[2015.04.18-19.23.19:942][ 64]LightingResults: New page: Lighting Build
[2015.04.18-19.23.20:009][ 64]LogParticles: Destroying 0 GPU particle simulations for FXSystem 0x000000000D3BF420
[2015.04.18-19.23.20:146][ 64]LogPhysics:Warning: PHYSX: ..\..\PhysXExtensions\src\ExtRigidBodyExt.cpp (234) 4 : computeMassAndInertia: Dynamic actor with illegal collision shapes
[2015.04.18-19.23.20:146][ 64]LogPhysics:Warning: PHYSX: ..\..\PhysXExtensions\src\ExtRigidBodyExt.cpp (283) 4 : PxRigidBodyExt::updateMassAndInertia: Mass and inertia computation failed, setting mass to 1 and inertia to (1,1,1)
[2015.04.18-19.23.20:182][ 64]LogPhysics:Warning: PHYSX: ..\..\PhysXExtensions\src\ExtRigidBodyExt.cpp (234) 4 : computeMassAndInertia: Dynamic actor with illegal collision shapes
[2015.04.18-19.23.20:182][ 64]LogPhysics:Warning: PHYSX: ..\..\PhysXExtensions\src\ExtRigidBodyExt.cpp (283) 4 : PxRigidBodyExt::updateMassAndInertia: Mass and inertia computation failed, setting mass to 1 and inertia to (1,1,1)
[2015.04.18-19.23.20:240][ 64]LogEditorServer: Finished looking for orphan Actors (0.000 secs)
[2015.04.18-19.23.20:280][ 64]LogAIModule: Creating AISystem for world Bridge
[2015.04.18-19.23.20:328][ 64]Cmd: MAP CHECKDEP
[2015.04.18-19.23.20:328][ 64]MapCheck: New page: Bridge - Apr 18, 2015, 11:23:20 AM
[2015.04.18-19.23.20:421][ 64]MapCheck: Info Map check complete: 0 Error(s), 0 Warning(s), took 92.863ms to complete.
[2015.04.18-19.23.20:423][ 64]LogFileHelpers: Loading map 'Bridge' took 0.580
[2015.04.18-19.23.23:102][273]BlueprintLog: New page: Pre-PIE auto-recompile
[2015.04.18-19.23.23:102][273]LogPlayLevel: [PIE] Compiling Bridge before PIE...
[2015.04.18-19.23.23:482][273]LogPlayLevel: PIE:  Blueprint regeneration took 379 ms (1 blueprints)
[2015.04.18-19.23.23:518][273]PIE: New page: PIE session: Bridge (Apr 18, 2015, 11:23:23 AM)
[2015.04.18-19.23.23:590][273]LogPlayLevel: PIE: StaticDuplicateObject took: (0.071037s)
[2015.04.18-19.23.23:591][273]LogPlayLevel: PIE: World Init took: (0.000804s)
[2015.04.18-19.23.23:591][273]LogPlayLevel: PIE: Created PIE world by copying editor world from /Game/Levels/Bridge.Bridge to /Game/Levels/UEDPIE_0_Bridge.Bridge (0.072227s)
[2015.04.18-19.23.23:786][273]LogWorld: Game class is 'GameMode_Bridge_C'
[2015.04.18-19.23.23:926][273]LogAIModule: Creating AISystem for world Bridge
[2015.04.18-19.23.23:930][273]LogPhysics:Warning: PHYSX: ..\..\PhysXExtensions\src\ExtRigidBodyExt.cpp (234) 4 : computeMassAndInertia: Dynamic actor with illegal collision shapes
[2015.04.18-19.23.23:930][273]LogPhysics:Warning: PHYSX: ..\..\PhysXExtensions\src\ExtRigidBodyExt.cpp (283) 4 : PxRigidBodyExt::updateMassAndInertia: Mass and inertia computation failed, setting mass to 1 and inertia to (1,1,1)
[2015.04.18-19.23.23:937][273]LogWorld: Bringing World /Game/Levels/UEDPIE_0_Bridge.Bridge up for play (max tick rate 0) at 2015.04.18-15.23.23
[2015.04.18-19.23.23:991][273]LogWorld: Bringing up level for play took: 0.064812
[2015.04.18-19.23.24:197][273]PIE: Info Play in editor start time for /Game/Levels/UEDPIE_0_Bridge 0.516
[2015.04.18-19.23.40:337][ 39]LogParticles: Destroying 0 GPU particle simulations for FXSystem 0x000000000B1360C0
[2015.04.18-19.23.53:872][247]LogEditorViewport: Clicking on Actor (LMB): Monitor_C (Monitor)
[2015.04.18-19.23.55:548][331]BlueprintLog: New page: Pre-PIE auto-recompile
[2015.04.18-19.23.55:548][331]LogPlayLevel: [PIE] Compiling Bridge before PIE...
[2015.04.18-19.23.55:622][331]LogPlayLevel: PIE:  Blueprint regeneration took 73 ms (1 blueprints)
[2015.04.18-19.23.55:622][331]PIE: New page: PIE session: Bridge (Apr 18, 2015, 11:23:55 AM)
[2015.04.18-19.23.55:635][331]LogPlayLevel: PIE: StaticDuplicateObject took: (0.013412s)
[2015.04.18-19.23.55:636][331]LogPlayLevel: PIE: World Init took: (0.000797s)
[2015.04.18-19.23.55:636][331]LogPlayLevel: PIE: Created PIE world by copying editor world from /Game/Levels/Bridge.Bridge to /Game/Levels/UEDPIE_0_Bridge.Bridge (0.014378s)
[2015.04.18-19.23.55:670][331]LogWorld: Game class is 'GameMode_Bridge_C'
[2015.04.18-19.23.55:672][331]LogAIModule: Creating AISystem for world Bridge
[2015.04.18-19.23.55:676][331]LogPhysics:Warning: PHYSX: ..\..\PhysXExtensions\src\ExtRigidBodyExt.cpp (234) 4 : computeMassAndInertia: Dynamic actor with illegal collision shapes
[2015.04.18-19.23.55:677][331]LogPhysics:Warning: PHYSX: ..\..\PhysXExtensions\src\ExtRigidBodyExt.cpp (283) 4 : PxRigidBodyExt::updateMassAndInertia: Mass and inertia computation failed, setting mass to 1 and inertia to (1,1,1)
[2015.04.18-19.23.55:677][331]LogWorld: Bringing World /Game/Levels/UEDPIE_0_Bridge.Bridge up for play (max tick rate 0) at 2015.04.18-15.23.55
[2015.04.18-19.23.55:678][331]LogWorld: Bringing up level for play took: 0.005105
[2015.04.18-19.23.55:709][331]PIE: Info Play in editor start time for /Game/Levels/UEDPIE_0_Bridge 0.03
[2015.04.18-19.24.04:749][333]LogParticles: Destroying 0 GPU particle simulations for FXSystem 0x000000000D3BD760
[2015.04.18-19.27.18:580][  4]Cmd: QUIT_EDITOR
[2015.04.18-19.27.19:072][  4]LogExit: Preparing to exit.
[2015.04.18-19.27.20:464][  4]LogExit: Editor shut down
[2015.04.18-19.27.20:465][  4]LogExit: Transaction tracking system shut down
[2015.04.18-19.27.20:466][  4]LogParticles: Destroying 0 GPU particle simulations for FXSystem 0x0000000018C90360
[2015.04.18-19.27.20:466][  4]LogParticles: Destroying 0 GPU particle simulations for FXSystem 0x0000000018BC0180
[2015.04.18-19.27.20:466][  4]LogParticles: Destroying 0 GPU particle simulations for FXSystem 0x000000001C55AD40
[2015.04.18-19.27.20:466][  4]LogParticles: Destroying 0 GPU particle simulations for FXSystem 0x000000001C55AAC0
[2015.04.18-19.27.20:467][  4]LogParticles: Destroying 0 GPU particle simulations for FXSystem 0x000000000B136020
[2015.04.18-19.27.21:517][  4]LogExit: Object subsystem successfully closed.
[2015.04.18-19.27.21:957][  4]LogModuleManager: Shutting down and abandoning module CrashTracker (177)
[2015.04.18-19.27.21:957][  4]LogModuleManager: Shutting down and abandoning module SuperSearch (176)
[2015.04.18-19.27.21:957][  4]LogModuleManager: Shutting down and abandoning module SceneOutliner (175)
[2015.04.18-19.27.21:957][  4]LogModuleManager: Shutting down and abandoning module EditorWidgets (174)
[2015.04.18-19.27.21:957][  4]LogModuleManager: Shutting down and abandoning module CollectionManager (173)
[2015.04.18-19.27.21:972][  4]LogModuleManager: Shutting down and abandoning module StatsViewer (172)
[2015.04.18-19.27.22:000][  4]LogModuleManager: Shutting down and abandoning module FoliageEdit (171)
[2015.04.18-19.27.22:000][  4]LogModuleManager: Shutting down and abandoning module LandscapeEditor (170)
[2015.04.18-19.27.22:018][  4]LogModuleManager: Shutting down and abandoning module MeshPaint (169)
[2015.04.18-19.27.22:032][  4]LogModuleManager: Shutting down and abandoning module ActorPickerMode (168)
[2015.04.18-19.27.22:032][  4]LogModuleManager: Shutting down and abandoning module GeometryMode (167)
[2015.04.18-19.27.22:032][  4]LogModuleManager: Shutting down and abandoning module TextureAlignMode (166)
[2015.04.18-19.27.22:032][  4]LogModuleManager: Shutting down and abandoning module BspMode (165)
[2015.04.18-19.27.22:032][  4]LogModuleManager: Shutting down and abandoning module PlacementMode (164)
[2015.04.18-19.27.22:032][  4]LogModuleManager: Shutting down and abandoning module AutomationWorker (163)
[2015.04.18-19.27.22:032][  4]LogModuleManager: Shutting down and abandoning module CharacterAI (162)
[2015.04.18-19.27.22:032][  4]LogModuleManager: Shutting down and abandoning module SmartSnapping (161)
[2015.04.18-19.27.22:032][  4]LogModuleManager: Shutting down and abandoning module ViewportSnapping (160)
[2015.04.18-19.27.22:032][  4]LogModuleManager: Shutting down and abandoning module LogVisualizer (159)
[2015.04.18-19.27.22:062][  4]LogModuleManager: Shutting down and abandoning module GameProjectGeneration (158)
[2015.04.18-19.27.22:067][  4]LogModuleManager: Shutting down and abandoning module IntroTutorials (157)
[2015.04.18-19.27.22:122][  4]LogModuleManager: Shutting down and abandoning module EditorLiveStreaming (156)
[2015.04.18-19.27.22:122][  4]LogModuleManager: Shutting down and abandoning module HardwareTargeting (155)
[2015.04.18-19.27.22:122][  4]LogModuleManager: Shutting down and abandoning module DeviceProfileEditor (154)
[2015.04.18-19.27.22:138][  4]LogModuleManager: Shutting down and abandoning module UndoHistory (153)
[2015.04.18-19.27.22:150][  4]LogModuleManager: Shutting down and abandoning module GameplayTagsEditor (152)
[2015.04.18-19.27.22:150][  4]LogModuleManager: Shutting down and abandoning module UserFeedback (151)
[2015.04.18-19.27.22:150][  4]LogModuleManager: Shutting down and abandoning module XmlParser (150)
[2015.04.18-19.27.22:158][  4]LogModuleManager: Shutting down and abandoning module Blutility (149)
[2015.04.18-19.27.22:158][  4]LogModuleManager: Shutting down and abandoning module IOSPlatformEditor (148)
[2015.04.18-19.27.22:158][  4]LogModuleManager: Shutting down and abandoning module IOSRuntimeSettings (147)
[2015.04.18-19.27.22:158][  4]LogModuleManager: Shutting down and abandoning module AndroidDeviceDetection (146)
[2015.04.18-19.27.22:198][  4]LogModuleManager: Shutting down and abandoning module AndroidPlatformEditor (145)
[2015.04.18-19.27.22:198][  4]LogModuleManager: Shutting down and abandoning module AndroidRuntimeSettings (144)
[2015.04.18-19.27.22:198][  4]LogModuleManager: Shutting down and abandoning module ProjectTargetPlatformEditor (143)
[2015.04.18-19.27.22:214][  4]LogModuleManager: Shutting down and abandoning module ProjectSettingsViewer (142)
[2015.04.18-19.27.22:214][  4]LogModuleManager: Shutting down and abandoning module InputBindingEditor (141)
[2015.04.18-19.27.22:234][  4]LogModuleManager: Shutting down and abandoning module EditorSettingsViewer (140)
[2015.04.18-19.27.22:234][  4]LogModuleManager: Shutting down and abandoning module SettingsEditor (139)
[2015.04.18-19.27.22:241][  4]LogModuleManager: Shutting down and abandoning module ProjectLauncher (138)
[2015.04.18-19.27.22:260][  4]LogModuleManager: Shutting down and abandoning module SessionFrontend (137)
[2015.04.18-19.27.22:271][  4]LogModuleManager: Shutting down and abandoning module ProfilerClient (136)
[2015.04.18-19.27.22:272][  4]LogModuleManager: Shutting down and abandoning module TargetDeviceServices (135)
[2015.04.18-19.27.22:277][  4]LogModuleManager: Shutting down and abandoning module DeviceManager (134)
[2015.04.18-19.27.22:287][  4]LogModuleManager: Shutting down and abandoning module AutomationController (133)
[2015.04.18-19.27.22:297][  4]LogModuleManager: Shutting down and abandoning module AutomationWindow (132)
[2015.04.18-19.27.22:307][  4]LogModuleManager: Shutting down and abandoning module Layers (131)
[2015.04.18-19.27.22:331][  4]LogModuleManager: Shutting down and abandoning module ComponentVisualizers (130)
[2015.04.18-19.27.22:331][  4]LogModuleManager: Shutting down and abandoning module DetailCustomizations (129)
[2015.04.18-19.27.22:331][  4]LogModuleManager: Shutting down and abandoning module PackagesDialog (128)
[2015.04.18-19.27.22:355][  4]LogModuleManager: Shutting down and abandoning module AssetRegistry (127)
[2015.04.18-19.27.22:429][  4]LogModuleManager: Shutting down and abandoning module Persona (126)
[2015.04.18-19.27.22:482][  4]LogModuleManager: Shutting down and abandoning module SlateReflector (125)
[2015.04.18-19.27.22:504][  4]LogModuleManager: Shutting down and abandoning module LevelEditor (124)
[2015.04.18-19.27.22:512][  4]LogModuleManager: Shutting down and abandoning module Kismet (123)
[2015.04.18-19.27.22:512][  4]LogModuleManager: Shutting down and abandoning module GraphEditor (122)
[2015.04.18-19.27.22:543][  4]LogModuleManager: Shutting down and abandoning module ClassViewer (121)
[2015.04.18-19.27.22:543][  4]LogModuleManager: Shutting down and abandoning module Toolbox (120)
[2015.04.18-19.27.22:543][  4]LogModuleManager: Shutting down and abandoning module ModuleUI (119)
[2015.04.18-19.27.22:554][  4]LogModuleManager: Shutting down and abandoning module MovieSceneTools (118)
[2015.04.18-19.27.22:573][  4]LogModuleManager: Shutting down and abandoning module OutputLog (117)
[2015.04.18-19.27.22:573][  4]LogModuleManager: Shutting down and abandoning module GammaUI (116)
[2015.04.18-19.27.22:582][  4]LogModuleManager: Shutting down and abandoning module Documentation (115)
[2015.04.18-19.27.22:582][  4]LogModuleManager: Shutting down and abandoning module GameLiveStreaming (114)
[2015.04.18-19.27.22:582][  4]LogModuleManager: Shutting down and abandoning module StreamingPauseRendering (113)
[2015.04.18-19.27.22:591][  4]LogModuleManager: Shutting down and abandoning module HTTP (112)
[2015.04.18-19.27.22:591][  4]LogModuleManager: Shutting down and abandoning module AnalyticsET (111)
[2015.04.18-19.27.22:591][  4]LogModuleManager: Shutting down and abandoning module Analytics (110)
[2015.04.18-19.27.22:591][  4]LogModuleManager: Shutting down and abandoning module AITestSuite (109)
[2015.04.18-19.27.22:604][  4]LogModuleManager: Shutting down and abandoning module GameplayDebugger (108)
[2015.04.18-19.27.22:604][  4]LogModuleManager: Shutting down and abandoning module AIModule (107)
[2015.04.18-19.27.22:604][  4]LogModuleManager: Shutting down and abandoning module ProfilerService (106)
[2015.04.18-19.27.22:743][  4]LogModuleManager: Shutting down and abandoning module TaskGraph (105)
[2015.04.18-19.27.22:758][  4]LogModuleManager: Shutting down and abandoning module SlateRemote (104)
[2015.04.18-19.27.22:759][  4]LogModuleManager: Shutting down and abandoning module ScriptEditorPlugin (103)
[2015.04.18-19.27.22:759][  4]LogModuleManager: Shutting down and abandoning module CustomMeshComponent (102)
[2015.04.18-19.27.22:759][  4]LogModuleManager: Shutting down and abandoning module CableComponent (101)
[2015.04.18-19.27.22:770][  4]LogModuleManager: Shutting down and abandoning module MessagingDebugger (100)
[2015.04.18-19.27.22:780][  4]LogModuleManager: Shutting down and abandoning module MediaPlayerEditor (99)
[2015.04.18-19.27.22:801][  4]LogModuleManager: Shutting down and abandoning module SpeedTreeImporter (98)
[2015.04.18-19.27.22:801][  4]LogModuleManager: Shutting down and abandoning module PluginsEditor (97)
[2015.04.18-19.27.22:811][  4]LogModuleManager: Shutting down and abandoning module MainFrame (96)
[2015.04.18-19.27.22:811][  4]LogModuleManager: Shutting down and abandoning module EpicSurvey (95)
[2015.04.18-19.27.22:821][  4]LogModuleManager: Shutting down and abandoning module DesktopPlatform (94)
[2015.04.18-19.27.22:847][  4]LogModuleManager: Shutting down and abandoning module DirectoryWatcher (93)
[2015.04.18-19.27.22:848][  4]LogModuleManager: Shutting down and abandoning module HotReload (92)
[2015.04.18-19.27.22:848][  4]LogModuleManager: Shutting down and abandoning module VisualStudioSourceCodeAccess (91)
[2015.04.18-19.27.22:848][  4]LogModuleManager: Shutting down and abandoning module UObjectPlugin (90)
[2015.04.18-19.27.22:848][  4]LogModuleManager: Shutting down and abandoning module SubversionSourceControl (89)
[2015.04.18-19.27.22:858][  4]LogModuleManager: Shutting down and abandoning module PerforceSourceControl (88)
[2015.04.18-19.27.22:865][  4]LogModuleManager: Shutting down and abandoning module SourceControl (87)
[2015.04.18-19.27.22:878][  4]LogModuleManager: Shutting down and abandoning module GitSourceControl (86)
[2015.04.18-19.27.22:890][  4]LogModuleManager: Shutting down and abandoning module BlankPlugin (85)
[2015.04.18-19.27.22:890][  4]LogModuleManager: Shutting down and abandoning module PaperTiledImporter (84)
[2015.04.18-19.27.22:890][  4]LogModuleManager: Shutting down and abandoning module PaperJsonImporter (83)
[2015.04.18-19.27.22:890][  4]LogModuleManager: Shutting down and abandoning module ContentBrowser (82)
[2015.04.18-19.27.22:890][  4]LogModuleManager: Shutting down and abandoning module Paper2DEditor (81)
[2015.04.18-19.27.22:913][  4]LogModuleManager: Shutting down and abandoning module ScriptPlugin (80)
[2015.04.18-19.27.22:926][  4]LogModuleManager: Shutting down and abandoning module UdpMessaging (79)
[2015.04.18-19.27.23:026][  4]LogModuleManager: Shutting down and abandoning module Paper2D (78)
[2015.04.18-19.27.23:040][  4]LogModuleManager: Shutting down and abandoning module WindowsMoviePlayer (77)
[2015.04.18-19.27.23:075][  4]LogModuleManager: Shutting down and abandoning module Media (76)
[2015.04.18-19.27.23:075][  4]LogModuleManager: Shutting down and abandoning module WmfMedia (75)
[2015.04.18-19.27.23:076][  4]LogModuleManager: Shutting down and abandoning module OnlineBlueprintSupport (74)
[2015.04.18-19.27.23:076][  4]LogModuleManager: Shutting down and abandoning module PropertyEditor (73)
[2015.04.18-19.27.23:076][  4]LogModuleManager: Shutting down and abandoning module BehaviorTreeEditor (72)
[2015.04.18-19.27.23:103][  4]LogModuleManager: Shutting down and abandoning module FunctionalTesting (71)
[2015.04.18-19.27.23:109][  4]LogModuleManager: Shutting down and abandoning module CollisionAnalyzer (70)
[2015.04.18-19.27.23:119][  4]LogModuleManager: Shutting down and abandoning module WorkspaceMenuStructure (69)
[2015.04.18-19.27.23:119][  4]LogModuleManager: Shutting down and abandoning module MessageLog (68)
[2015.04.18-19.27.23:119][  4]LogModuleManager: Shutting down and abandoning module Sequencer (67)
[2015.04.18-19.27.23:139][  4]LogModuleManager: Shutting down and abandoning module AssetTools (66)
[2015.04.18-19.27.23:171][  4]LogModuleManager: Shutting down and abandoning module UMGEditor (65)
[2015.04.18-19.27.23:189][  4]LogModuleManager: Shutting down and abandoning module UMG (64)
[2015.04.18-19.27.23:201][  4]LogModuleManager: Shutting down and abandoning module Slate (63)
[2015.04.18-19.27.23:201][  4]LogModuleManager: Shutting down and abandoning module EditorStyle (62)
[2015.04.18-19.27.23:205][  4]LogModuleManager: Shutting down and abandoning module SessionServices (61)
[2015.04.18-19.27.23:205][  4]LogModuleManager: Shutting down and abandoning module SourceCodeAccess (60)
[2015.04.18-19.27.23:205][  4]LogModuleManager: Shutting down and abandoning module HeadMountedDisplay (59)
[2015.04.18-19.27.23:205][  4]LogModuleManager: Shutting down and abandoning module XAudio2 (58)
[2015.04.18-19.27.23:205][  4]LogModuleManager: Shutting down and abandoning module Networking (56)
[2015.04.18-19.27.23:205][  4]LogModuleManager: Shutting down and abandoning module Core (55)
[2015.04.18-19.27.23:205][  4]LogModuleManager: Shutting down and abandoning module KismetCompiler (54)
[2015.04.18-19.27.23:205][  4]LogModuleManager: Shutting down and abandoning module PhysXFormats (53)
[2015.04.18-19.27.23:205][  4]LogModuleManager: Shutting down and abandoning module MeshUtilities (52)
[2015.04.18-19.27.23:214][  4]LogModuleManager: Shutting down and abandoning module DerivedDataCache (51)
[2015.04.18-19.27.23:258][  4]LogDerivedDataCache: Shutdown
[2015.04.18-19.27.23:258][  4]LogModuleManager: Shutting down and abandoning module ShaderFormatOpenGL (50)
[2015.04.18-19.27.23:272][  4]LogModuleManager: Shutting down and abandoning module ShaderFormatD3D (49)
[2015.04.18-19.27.23:276][  4]LogModuleManager: Shutting down and abandoning module MetalShaderFormat (48)
[2015.04.18-19.27.23:288][  4]LogModuleManager: Shutting down and abandoning module TextureFormatUncompressed (47)
[2015.04.18-19.27.23:288][  4]LogModuleManager: Shutting down and abandoning module TextureFormatPVR (46)
[2015.04.18-19.27.23:298][  4]LogModuleManager: Shutting down and abandoning module TextureFormatIntelISPCTexComp (45)
[2015.04.18-19.27.23:310][  4]LogModuleManager: Shutting down and abandoning module TextureFormatDXT (44)
[2015.04.18-19.27.23:319][  4]LogModuleManager: Shutting down and abandoning module ImageWrapper (43)
[2015.04.18-19.27.23:319][  4]LogModuleManager: Shutting down and abandoning module TextureFormatASTC (42)
[2015.04.18-19.27.23:331][  4]LogModuleManager: Shutting down and abandoning module TextureFormatAndroid (41)
[2015.04.18-19.27.23:331][  4]LogModuleManager: Shutting down and abandoning module AudioFormatOpus (40)
[2015.04.18-19.27.23:342][  4]LogModuleManager: Shutting down and abandoning module AudioFormatOgg (39)
[2015.04.18-19.27.23:342][  4]LogModuleManager: Shutting down and abandoning module AudioFormatADPCM (38)
[2015.04.18-19.27.23:342][  4]LogModuleManager: Shutting down and abandoning module LinuxTargetPlatform (37)
[2015.04.18-19.27.23:342][  4]LogModuleManager: Shutting down and abandoning module LinuxServerTargetPlatform (36)
[2015.04.18-19.27.23:375][  4]LogModuleManager: Shutting down and abandoning module LinuxNoEditorTargetPlatform (35)
[2015.04.18-19.27.23:391][  4]LogModuleManager: Shutting down and abandoning module Messaging (34)
[2015.04.18-19.27.23:391][  4]LogModuleManager: Shutting down and abandoning module IOSTargetPlatform (33)
[2015.04.18-19.27.23:391][  4]LogModuleManager: Shutting down and abandoning module HTML5TargetPlatform (32)
[2015.04.18-19.27.23:391][  4]LogModuleManager: Shutting down and abandoning module Android_PVRTCTargetPlatform (31)
[2015.04.18-19.27.23:391][  4]LogModuleManager: Shutting down and abandoning module Android_ETC2TargetPlatform (30)
[2015.04.18-19.27.23:391][  4]LogModuleManager: Shutting down and abandoning module Android_ETC1TargetPlatform (29)
[2015.04.18-19.27.23:391][  4]LogModuleManager: Shutting down and abandoning module Android_ES31TargetPlatform (28)
[2015.04.18-19.27.23:391][  4]LogModuleManager: Shutting down and abandoning module Android_DXTTargetPlatform (27)
[2015.04.18-19.27.23:391][  4]LogModuleManager: Shutting down and abandoning module Android_ATCTargetPlatform (26)
[2015.04.18-19.27.23:391][  4]LogModuleManager: Shutting down and abandoning module AndroidTargetPlatform (25)
[2015.04.18-19.27.23:391][  4]LogModuleManager: Shutting down and abandoning module WindowsTargetPlatform (24)
[2015.04.18-19.27.23:391][  4]LogModuleManager: Shutting down and abandoning module WindowsServerTargetPlatform (23)
[2015.04.18-19.27.23:391][  4]LogModuleManager: Shutting down and abandoning module WindowsNoEditorTargetPlatform (22)
[2015.04.18-19.27.23:391][  4]LogModuleManager: Shutting down and abandoning module WindowsClientTargetPlatform (21)
[2015.04.18-19.27.23:391][  4]LogModuleManager: Shutting down and abandoning module TargetPlatform (20)
[2015.04.18-19.27.23:391][  4]LogModuleManager: Shutting down and abandoning module InputCore (19)
[2015.04.18-19.27.23:391][  4]LogModuleManager: Shutting down and abandoning module Settings (18)
[2015.04.18-19.27.23:391][  4]LogModuleManager: Shutting down and abandoning module OnlineSubsystem (16)
[2015.04.18-19.27.23:391][  4]LogModuleManager: Shutting down and abandoning module OculusRift (15)
[2015.04.18-19.27.23:391][  4]LogModuleManager: Shutting down and abandoning module ExampleDeviceProfileSelector (14)
[2015.04.18-19.27.23:391][  4]LogModuleManager: Shutting down and abandoning module TextureCompressor (13)
[2015.04.18-19.27.23:408][  4]LogModuleManager: Shutting down and abandoning module ShaderCore (12)
[2015.04.18-19.27.23:408][  4]LogModuleManager: Shutting down and abandoning module Landscape (11)
[2015.04.18-19.27.23:408][  4]LogModuleManager: Shutting down and abandoning module SlateRHIRenderer (10)
[2015.04.18-19.27.23:444][  4]LogModuleManager: Shutting down and abandoning module OpenGLDrv (9)
[2015.04.18-19.27.23:444][  4]LogModuleManager: Shutting down and abandoning module D3D11RHI (8)
[2015.04.18-19.27.23:444][  4]LogModuleManager: Shutting down and abandoning module Renderer (7)
[2015.04.18-19.27.23:444][  4]LogModuleManager: Shutting down and abandoning module Engine (6)
[2015.04.18-19.27.23:444][  4]LogModuleManager: Shutting down and abandoning module CoreUObject (5)
[2015.04.18-19.27.23:444][  4]LogModuleManager: Shutting down and abandoning module NetworkFile (4)
[2015.04.18-19.27.23:458][  4]LogModuleManager: Shutting down and abandoning module StreamingFile (3)
[2015.04.18-19.27.23:476][  4]LogModuleManager: Shutting down and abandoning module SandboxFile (2)
[2015.04.18-19.27.23:487][  4]LogModuleManager: Shutting down and abandoning module PakFile (1)
[2015.04.18-19.27.23:504][  4]LogExit: Exiting.
[2015.04.18-19.27.23:508][  4]Log file closed, 04/18/15 15:27:23
