Log file open, 04/11/15 21:17:06
LogInit:Display: Running engine for game: Bridge
LogInit: Version: 4.7.5-2503383+++depot+UE4-Releases+4.7
LogInit: API Version: 2455222
LogInit: Compiled (64-bit): Apr  6 2015 23:21:51
LogInit: Compiled with Visual C++: 18.00.21005.01
LogInit: Build Configuration: Development
LogInit: Branch Name: ++depot+UE4-Releases+4.7
LogInit: Command line:  
LogInit: Base directory: J:/Program Files/Unreal/Epic Games/4.7/Engine/Binaries/Win64/
LogInit: Rocket: 1
[2015.04.12-01.17.06:899][  0]LogTaskGraph: Started task graph with 3 named threads and 6 total threads.
[2015.04.12-01.17.06:952][  0]LogOnline:Warning: No default platform service specified for OnlineSubsystem
[2015.04.12-01.17.07:113][  0]LogInit: Presizing for 0 objects not considered by GC, pre-allocating 0 bytes.
[2015.04.12-01.17.07:378][  0]LogInit: Object subsystem initialized
[2015.04.12-01.17.07:586][  0]LogConsoleResponse:Warning: Skipping Unknown console variable: 'TranslucentSortAxis = (X=0.000000,Y=-1.000000,Z=0.000000)'
[2015.04.12-01.17.07:586][  0]LogConsoleResponse:Warning:   Found in ini file 'J:/Unreal Projects/Bridge/Saved/Config/Windows/Engine.ini', in section '[/Script/Engine.RendererSettings]'
[2015.04.12-01.17.07:586][  0]LogConsoleResponse:Warning: Skipping Unknown console variable: 'UIScaleRule = ShortestSide'
[2015.04.12-01.17.07:586][  0]LogConsoleResponse:Warning:   Found in ini file 'J:/Unreal Projects/Bridge/Saved/Config/Windows/Engine.ini', in section '[/Script/Engine.RendererSettings]'
[2015.04.12-01.17.07:586][  0]LogConsoleResponse:Warning: Skipping Unknown console variable: 'UIScaleCurve = (EditorCurveData=(Keys=),ExternalCurve=None)'
[2015.04.12-01.17.07:586][  0]LogConsoleResponse:Warning:   Found in ini file 'J:/Unreal Projects/Bridge/Saved/Config/Windows/Engine.ini', in section '[/Script/Engine.RendererSettings]'
[2015.04.12-01.17.07:667][  0]LogInit: Selected Device Profile: [Windows]
[2015.04.12-01.17.07:676][  0]LogInit: Applying CVar settings loaded from the selected device profile: [Windows]
[2015.04.12-01.17.07:894][  0]LogInit: Computer: RUSTY-PC
[2015.04.12-01.17.07:894][  0]LogInit: User: Rusty
[2015.04.12-01.17.07:894][  0]LogInit: CPU Page size=4096, Cores=4
[2015.04.12-01.17.07:894][  0]LogInit: High frequency timer resolution =3.906660 MHz
[2015.04.12-01.17.07:895][  0]LogMemory: Memory total: Physical=3.9GB (4GB approx) Virtual=8192.0GB
[2015.04.12-01.17.07:895][  0]LogMemory: Platform Memory Stats for Windows
[2015.04.12-01.17.07:895][  0]LogMemory: Process Physical Memory: 47.47 MB used, 47.47 MB peak
[2015.04.12-01.17.07:895][  0]LogMemory: Process Virtual Memory: 26.01 MB used, 26.01 MB peak
[2015.04.12-01.17.07:895][  0]LogMemory: Physical Memory: 2561.73 MB used, 3996.20 MB total
[2015.04.12-01.17.07:895][  0]LogMemory: Virtual Memory: 277.34 MB used, 8388608.00 MB total
[2015.04.12-01.17.08:036][  0]LogD3D11RHI: Found D3D11 adapter 0: NVIDIA GeForce GTX 660   (Feature Level 11_0)
[2015.04.12-01.17.08:036][  0]LogD3D11RHI: Adapter has 1989MB of dedicated video memory, 0MB of dedicated system memory, and 1742MB of shared system memory, 2 output[s]
[2015.04.12-01.17.08:036][  0]LogD3D11RHI: Chosen D3D11 Adapter Id = 0
[2015.04.12-01.17.08:046][  0]LogRHI: Texture pool is 1361 MB (70% of 1945 MB)
[2015.04.12-01.17.08:057][  0]LogD3D11RHI: Async texture creation enabled
[2015.04.12-01.17.09:523][  0]LogTextLocalizationManager: The requested culture ('en_US') has no localization data; parent culture's ('en') localization data will be used.
[2015.04.12-01.17.09:754][  0]LogTextLocalizationManager:Warning: Loading localization resources contain conflicting entries for (Namespace:UICommands, Key:Save_ToolTip):
Resource: (J:/Program Files/Unreal/Epic Games/4.7/Engine/Content/Localization/Editor/en/Editor.locres) Hash: (-29098895) String: (Saves the current level to disk)
Resource: (J:/Program Files/Unreal/Epic Games/4.7/Engine/Content/Localization/Engine/en/Engine.locres) Hash: (-1280300587) String: (Save selected data to vlog file)
[2015.04.12-01.17.09:755][  0]LogTextLocalizationManager:Warning: Loading localization resources contain conflicting entries for (Namespace:ContentBrowser, Key:ImportAssetToolTip):
Resource: (J:/Program Files/Unreal/Epic Games/4.7/Engine/Content/Localization/Editor/en/Editor.locres) Hash: (-630476809) String: (Import to {0}...)
Resource: (J:/Program Files/Unreal/Epic Games/4.7/Engine/Content/Localization/Editor/en/Editor.locres) Hash: (1271782899) String: (Imports an asset from file to this folder.)
[2015.04.12-01.17.09:864][  0]LogContentStreaming: Texture pool size is 0.000000MB
[2015.04.12-01.17.15:375][  0]LogTargetPlatformManager:Display: Building Assets For Windows
[2015.04.12-01.17.16:643][  0]LogTargetPlatformManager:Display: Building Assets For Windows
[2015.04.12-01.17.16:796][  0]LogDerivedDataCache:Display: Max Cache Size: 512 MB
[2015.04.12-01.17.17:022][  0]LogDerivedDataCache: Loaded boot cache 0.22s 39MB C:/Users/Rusty/AppData/Local/UnrealEngine/4.7/DerivedDataCache/Boot.ddc.
[2015.04.12-01.17.17:022][  0]LogDerivedDataCache:Display: Loaded Boot cache: C:/Users/Rusty/AppData/Local/UnrealEngine/4.7/DerivedDataCache/Boot.ddc
[2015.04.12-01.17.17:022][  0]LogDerivedDataCache: FDerivedDataBackendGraph:  Pak pak cache file ../../../../../../../Unreal Projects/Bridge/DerivedDataCache/DDC.ddp not found, will not use a pak cache.
[2015.04.12-01.17.17:022][  0]LogDerivedDataCache: Unable to find inner node Pak for hierarchical cache Hierarchy.
[2015.04.12-01.17.17:247][  0]LogDerivedDataCache:Display: Pak cache opened for reading ../../../Engine/DerivedDataCache/Compressed.ddp.
[2015.04.12-01.17.17:259][  0]LogDerivedDataCache: Using Local data cache path C:/Users/Rusty/AppData/Local/UnrealEngine/Common/DerivedDataCache: Writable
[2015.04.12-01.17.26:938][  0]LogMeshUtilities: No automatic mesh reduction module available
[2015.04.12-01.17.26:938][  0]LogMeshUtilities: No automatic mesh merging module available
[2015.04.12-01.17.30:299][  0]LogInit: WinSock: version 1.1 (2.2), MaxSocks=32767, MaxUdp=65467
[2015.04.12-01.17.30:586][  0]LogSlate:Warning: Failed to load font data from '../../../Engine/Content/Slate/Fonts/Roboto-Italic.ttf'
[2015.04.12-01.17.38:349][  0]UdpMessaging: Initializing bridge on interface 0.0.0.0:0 to multicast group 230.0.0.1:6666.
[2015.04.12-01.17.39:370][  0]SourceControl: Info Source control is disabled
[2015.04.12-01.17.39:379][  0]SourceControl: Info Source control is disabled
[2015.04.12-01.17.39:379][  0]SourceControl: Info Source control is disabled
[2015.04.12-01.17.39:379][  0]LogSourceControl: RunCommandInternalRaw: 'git version'
[2015.04.12-01.17.39:379][  0]LogSourceControl: RunCommandInternalRaw: ExecProcess ReturnCode=2 OutResults=''
[2015.04.12-01.17.39:389][  0]SourceControl: Info Source control is disabled
[2015.04.12-01.17.40:263][  0]LogObj: 24232 objects as part of root set at end of initial load.
[2015.04.12-01.17.40:263][  0]LogUObjectAllocator: 5137176 out of 0 bytes used by permanent object pool.
[2015.04.12-01.17.41:033][  0]LogEngine: Initializing Engine...
[2015.04.12-01.17.43:747][  0]LogInit: XAudio2 using 'Speakers (Realtek High Definition Audio)' : 6 channels at 48 kHz using 32 bits per sample (channel mask 0x3f)
[2015.04.12-01.17.43:762][  0]LogInit: FAudioDevice initialized.
[2015.04.12-01.17.44:366][  0]LogAIModule: Creating AISystem for world NewWorld
[2015.04.12-01.17.44:562][  0]LogDerivedDataCache: Saved boot cache 0.05s 39MB C:/Users/Rusty/AppData/Local/UnrealEngine/4.7/DerivedDataCache/Boot.ddc.
[2015.04.12-01.17.44:576][  0]LogInit: Texture streaming: Enabled
[2015.04.12-01.17.45:098][  0]LogAnalytics: Creating configured Analytics provider AnalyticsET
[2015.04.12-01.17.45:098][  0]LogAnalytics: ET APIKey = Rocket.Release. APIServer = http://et2.epicgames.com/ET2/. AppVersion = 4.7.5-2503383+++depot+UE4-Releases+4.7
[2015.04.12-01.17.45:098][  0]LogAnalytics: ET APIKey = Rocket.Release. DataRouterUploadURL = https://datarouter-public-service-gamedev.ol.epicgames.net/datarouter/api/v1/public/data. AppVersion = 4.7.5-2503383+++depot+UE4-Releases+4.7
[2015.04.12-01.17.45:098][  0]LogAnalytics: SetUserId 76746d4b4fbeed9bd0e2b4a9a4961198|f9ef5879904e45a5a0f4e310fbfb2caf|70f13971-2139-453f-8553-998f7c412fae
[2015.04.12-01.17.45:132][  0]LogAnalytics: AnalyticsET::StartSession [Rocket.Release]
[2015.04.12-01.17.45:352][  0]LogInit: Transaction tracking system initialized
[2015.04.12-01.17.46:311][  0]BlueprintLog: New page: Editor Load
[2015.04.12-01.17.46:448][  0]LogAssetRegistry: FAssetRegistry took 0.0159 seconds to start up
[2015.04.12-01.17.46:449][  0]LogDirectoryWatcher:Warning: Failed to begin reading directory changes for ../../../Engine/Plugins/Experimental/CharacterAI/Content/. Error: 0
[2015.04.12-01.17.49:179][  0]LogTargetPlatformManager:Display: Building Assets For Windows
[2015.04.12-01.17.49:597][  0]LogTargetPlatformManager:Display: Building Assets For Windows
[2015.04.12-01.17.51:162][  0]LogSlate:Warning: Failed to load font data from '../../../Engine/Content/Editor/Slate/Fonts/Roboto-Regular.ttf'
[2015.04.12-01.17.51:162][  0]LogSlate:Warning: Failed to load font data from '../../../Engine/Content/Editor/Slate/Fonts/Roboto-Bold.ttf'
[2015.04.12-01.17.51:304][  0]LogConsoleResponse:Display: 
[2015.04.12-01.17.53:869][  0]LogCook:Display: Done creating registry. It took  0.00s.
[2015.04.12-01.17.55:791][  0]SourceControl: Info Source control is disabled
[2015.04.12-01.17.55:894][  0]Cmd: MAP LOAD FILE="../../../../../../../Unreal Projects/Bridge/Content/StarterContent/Maps/Minimal_Default.umap" TEMPLATE=0 SHOWPROGRESS=1 FEATURELEVEL=3
[2015.04.12-01.17.55:911][  0]LightingResults: New page: Lighting Build
[2015.04.12-01.17.56:159][  0]MapCheck: New page: Map Check
[2015.04.12-01.17.56:159][  0]LightingResults: New page: Lighting Build
[2015.04.12-01.17.56:404][  0]LogParticles: Destroying 0 GPU particle simulations for FXSystem 0x0000000016C3E980
[2015.04.12-01.17.59:824][  0]LogEditorServer: Finished looking for orphan Actors (0.000 secs)
[2015.04.12-01.17.59:881][  0]LogAIModule: Creating AISystem for world Minimal_Default
[2015.04.12-01.17.59:910][  0]Cmd: MAP CHECKDEP
[2015.04.12-01.17.59:926][  0]MapCheck: New page: Minimal_Default - Apr 11, 2015, 5:17:59 PM
[2015.04.12-01.18.00:033][  0]MapCheck: Info Map check complete: 0 Error(s), 0 Warning(s), took 122.922ms to complete.
[2015.04.12-01.18.00:033][  0]LogFileHelpers: Loading map 'Minimal_Default' took 4.172
[2015.04.12-01.18.01:659][  0]LogCollectionManager: Loaded 0 collections in 0.001836 seconds
[2015.04.12-01.18.01:687][  0]LogContentBrowser: Native class hierarchy populated in 0.0284 seconds. Added 1696 classes and 261 folders.
[2015.04.12-01.18.01:883][  0]LogContentBrowser: Native class hierarchy updated for 'SceneOutliner' in 0.0018 seconds. Added 1 classes and 2 folders.
[2015.04.12-01.18.02:602][  0]LogCrashTracker: Crashtracker disabled due to settings.
[2015.04.12-01.18.02:668][  0]LogSlate:Warning: Failed to load font data from 'Veranda'
[2015.04.12-01.18.02:756][  0]LogUObjectGlobals:Warning: Failed to find object 'Class None.'
[2015.04.12-01.18.02:916][  0]LogLoad: Full Startup: 66.56 seconds (BP compile: 0.49 seconds)
[2015.04.12-01.18.03:345][  0]LogContentBrowser:Verbose: The content browser source was changed by the sources view to '/Game/Blueprints'
[2015.04.12-01.18.04:096][  0]LogRenderer:Warning: Reallocating scene render targets to support 32x32 (Frame:2).
[2015.04.12-01.18.04:592][  0]LogRenderer:Warning: Reallocating scene render targets to support 856x488 (Frame:3).
[2015.04.12-01.18.06:067][  5]LogAssetRegistry: Asset discovery search completed in 19.6343 seconds
[2015.04.12-01.19.20:976][994]BlueprintLog: New page: Compile SimpleProximityLight
[2015.04.12-01.19.21:289][994]BlueprintEditorCompileResults: Info [0144.94] Compile of SimpleProximityLight successful! [in 312 ms]
[2015.04.12-01.19.42:081][565]LogContentBrowser:Verbose: The content browser source was changed by the sources view to '/Game'
[2015.04.12-01.19.46:874][805]LogContentBrowser:Verbose: The content browser source was changed by the sources view to '/Game/NewFolder'
[2015.04.12-01.19.50:145][ 60]LogContentBrowser:Verbose: The content browser source was changed by the sources view to '/Game/Levels'
[2015.04.12-01.19.51:795][218]LogContentBrowser:Verbose: The content browser source was changed by the sources view to '/Game'
[2015.04.12-01.20.01:446][966]LogContentBrowser:Verbose: The content browser source was changed by the sources view to '/Game/Levels'
[2015.04.12-01.20.02:386][ 53]LogContentBrowser:Verbose: The content browser source was changed by the sources view to '/Game'
[2015.04.12-01.20.13:323][567]LogMetaData: Removing '/Game/Levels/Bridge.SKEL_Bridge_C' ref from Metadata '/Game/Bridge.PackageMetaData'
[2015.04.12-01.20.13:323][567]LogMetaData: Removing '/Game/Levels/Bridge.Bridge_C' ref from Metadata '/Game/Bridge.PackageMetaData'
[2015.04.12-01.20.13:498][567]Cmd: OBJ SAVEPACKAGE PACKAGE="/Game/Levels/Bridge" FILE="../../../../../../../Unreal Projects/Bridge/Content/Levels/Bridge.umap" SILENT=true AUTOSAVING=false KEEPDIRTY=false
[2015.04.12-01.20.13:702][567]LogSavePackage: Save=178.139633ms
[2015.04.12-01.20.13:702][567]LogSavePackage: Moving '../../../../../../../Unreal Projects/Bridge/Saved/BridgeCC6E05C04C141E55456EE7995DADDFA5.tmp' to '../../../../../../../Unreal Projects/Bridge/Content/Levels/Bridge.umap'
[2015.04.12-01.20.13:704][567]LogFileHelpers: Saving map 'Bridge' took 0.308
[2015.04.12-01.20.22:628][ 35]LogContentBrowser:Verbose: The content browser source was changed by the sources view to '/Game/NewFolder'
[2015.04.12-01.20.24:925][305]LogContentBrowser:Verbose: The content browser source was changed by the sources view to '/Game/Meshes'
[2015.04.12-01.20.26:551][462]LogContentBrowser:Verbose: The content browser source was changed by the sources view to '/Game'
[2015.04.12-01.20.36:944][961]Cmd: OBJ SAVEPACKAGE PACKAGE="/Game/Meshes/Linear_Stair_Brush_StaticMesh" FILE="../../../../../../../Unreal Projects/Bridge/Content/Meshes/Linear_Stair_Brush_StaticMesh.uasset" SILENT=true
[2015.04.12-01.20.37:234][961]LogSavePackage: Save=289.611847ms
[2015.04.12-01.20.37:234][961]LogSavePackage: Moving '../../../../../../../Unreal Projects/Bridge/Saved/Linear_Stair_Brush_StaticMesh4500B65340B0A2B8CF3469BED76C277B.tmp' to '../../../../../../../Unreal Projects/Bridge/Content/Meshes/Linear_Stair_Brush_StaticMesh.uasset'
[2015.04.12-01.20.37:251][961]Cmd: OBJ SAVEPACKAGE PACKAGE="/Game/Linear_Stair_Brush_StaticMesh" FILE="../../../../../../../Unreal Projects/Bridge/Content/Linear_Stair_Brush_StaticMesh.uasset" SILENT=true
[2015.04.12-01.20.37:458][961]LogSavePackage: Save=3.212207ms
[2015.04.12-01.20.37:458][961]LogSavePackage: Moving '../../../../../../../Unreal Projects/Bridge/Saved/Linear_Stair_Brush_StaticMeshCD88F5354825D2E6E0D9EDB154DC77B8.tmp' to '../../../../../../../Unreal Projects/Bridge/Content/Linear_Stair_Brush_StaticMesh.uasset'
[2015.04.12-01.20.37:485][961]Cmd: OBJ SAVEPACKAGE PACKAGE="/Game/Meshes/Monitor_1_StaticMesh" FILE="../../../../../../../Unreal Projects/Bridge/Content/Meshes/Monitor_1_StaticMesh.uasset" SILENT=true
[2015.04.12-01.20.37:781][961]LogSavePackage: Save=295.055115ms
[2015.04.12-01.20.37:781][961]LogSavePackage: Moving '../../../../../../../Unreal Projects/Bridge/Saved/Monitor_1_StaticMesh14D0A3974E421DDE650B78AC0604F5AC.tmp' to '../../../../../../../Unreal Projects/Bridge/Content/Meshes/Monitor_1_StaticMesh.uasset'
[2015.04.12-01.20.37:789][961]Cmd: OBJ SAVEPACKAGE PACKAGE="/Game/Monitor_1_StaticMesh" FILE="../../../../../../../Unreal Projects/Bridge/Content/Monitor_1_StaticMesh.uasset" SILENT=true
[2015.04.12-01.20.37:799][961]LogSavePackage: Save=1.681744ms
[2015.04.12-01.20.37:799][961]LogSavePackage: Moving '../../../../../../../Unreal Projects/Bridge/Saved/Monitor_1_StaticMesh03F9195944BC73012961F3B7D6A5FDD1.tmp' to '../../../../../../../Unreal Projects/Bridge/Content/Monitor_1_StaticMesh.uasset'
[2015.04.12-01.20.37:842][961]Cmd: OBJ SAVEPACKAGE PACKAGE="/Game/Meshes/Moon1_Mesh" FILE="../../../../../../../Unreal Projects/Bridge/Content/Meshes/Moon1_Mesh.uasset" SILENT=true
[2015.04.12-01.20.38:050][961]LogSavePackage: Save=206.089096ms
[2015.04.12-01.20.38:050][961]LogSavePackage: Moving '../../../../../../../Unreal Projects/Bridge/Saved/Moon1_Mesh0F9B12E44742E8DD3C4FFA80BC765825.tmp' to '../../../../../../../Unreal Projects/Bridge/Content/Meshes/Moon1_Mesh.uasset'
[2015.04.12-01.20.38:057][961]Cmd: OBJ SAVEPACKAGE PACKAGE="/Game/Moon1_Mesh" FILE="../../../../../../../Unreal Projects/Bridge/Content/Moon1_Mesh.uasset" SILENT=true
[2015.04.12-01.20.38:067][961]LogSavePackage: Save=1.685327ms
[2015.04.12-01.20.38:067][961]LogSavePackage: Moving '../../../../../../../Unreal Projects/Bridge/Saved/Moon1_Mesh68374D6D4F2E2F61F3841B94BDDB2ECD.tmp' to '../../../../../../../Unreal Projects/Bridge/Content/Moon1_Mesh.uasset'
[2015.04.12-01.20.38:147][961]Cmd: OBJ SAVEPACKAGE PACKAGE="/Game/Meshes/Planet1_Mesh" FILE="../../../../../../../Unreal Projects/Bridge/Content/Meshes/Planet1_Mesh.uasset" SILENT=true
[2015.04.12-01.20.38:353][961]LogSavePackage: Save=205.086960ms
[2015.04.12-01.20.38:353][961]LogSavePackage: Moving '../../../../../../../Unreal Projects/Bridge/Saved/Planet1_Mesh013CF89A4E5017318BCCADB05E382AB3.tmp' to '../../../../../../../Unreal Projects/Bridge/Content/Meshes/Planet1_Mesh.uasset'
[2015.04.12-01.20.44:027][329]Cmd: OBJ SAVEPACKAGE PACKAGE="/Game/Blueprints/SimpleProximityLight" FILE="../../../../../../../Unreal Projects/Bridge/Content/Blueprints/SimpleProximityLight.uasset" SILENT=true
[2015.04.12-01.20.44:397][329]LogSavePackage: Save=360.293457ms
[2015.04.12-01.20.44:397][329]LogSavePackage: Moving '../../../../../../../Unreal Projects/Bridge/Saved/SimpleProximityLight2BB34D87467F7C823EF283A0A7C10BFD.tmp' to '../../../../../../../Unreal Projects/Bridge/Content/Blueprints/SimpleProximityLight.uasset'
[2015.04.12-01.20.44:424][329]Cmd: OBJ SAVEPACKAGE PACKAGE="/Game/Blueprints/SimpleSwitchLight" FILE="../../../../../../../Unreal Projects/Bridge/Content/Blueprints/SimpleSwitchLight.uasset" SILENT=true
[2015.04.12-01.20.44:757][329]LogSavePackage: Save=331.397919ms
[2015.04.12-01.20.44:757][329]LogSavePackage: Moving '../../../../../../../Unreal Projects/Bridge/Saved/SimpleSwitchLight333FDE5A433832C39F370AACE75F00A1.tmp' to '../../../../../../../Unreal Projects/Bridge/Content/Blueprints/SimpleSwitchLight.uasset'
[2015.04.12-01.20.46:804][434]LogContentBrowser:Verbose: The content browser source was changed by the sources view to '/Game/Levels'
[2015.04.12-01.20.47:916][481]Cmd: MAP LOAD FILE="../../../../../../../Unreal Projects/Bridge/Content/Levels/Bridge.umap" TEMPLATE=0 SHOWPROGRESS=1 FEATURELEVEL=3
[2015.04.12-01.20.47:916][481]LightingResults: New page: Lighting Build
[2015.04.12-01.20.47:950][481]LoadErrors: New page: Loading map: Bridge.umap
[2015.04.12-01.20.47:965][481]MapCheck: New page: Map Check
[2015.04.12-01.20.47:966][481]LightingResults: New page: Lighting Build
[2015.04.12-01.20.48:012][481]LogParticles: Destroying 0 GPU particle simulations for FXSystem 0x000000000C703420
[2015.04.12-01.20.48:047][481]LogEditorServer: Finished looking for orphan Actors (0.000 secs)
[2015.04.12-01.20.48:048][481]LogAIModule: Creating AISystem for world Bridge
[2015.04.12-01.20.48:077][481]Cmd: MAP CHECKDEP
[2015.04.12-01.20.48:077][481]MapCheck: New page: Bridge - Apr 11, 2015, 5:20:48 PM
[2015.04.12-01.20.48:173][481]MapCheck: Info Map check complete: 0 Error(s), 0 Warning(s), took 95.644ms to complete.
[2015.04.12-01.20.48:174][481]LogFileHelpers: Loading map 'Bridge' took 0.261
[2015.04.12-01.21.04:464][214]LogEditorViewport: Clicking on Actor (LMB): SimpleProximityLight_C (SimpleProximityLight)
[2015.04.12-01.21.16:047][913]Cmd: DUPLICATE
[2015.04.12-01.21.16:047][913]Cmd: ACTOR DUPLICATE
[2015.04.12-01.21.24:960][354]Cmd: DUPLICATE
[2015.04.12-01.21.24:960][354]Cmd: ACTOR DUPLICATE
[2015.04.12-01.21.30:898][706]Cmd: DUPLICATE
[2015.04.12-01.21.30:898][706]Cmd: ACTOR DUPLICATE
[2015.04.12-01.21.36:069][130]Cmd: TRANSACTION UNDO
[2015.04.12-01.21.36:069][130]LogEditorTransaction: Undo Move Actors
[2015.04.12-01.22.46:234][693]Cmd: OBJ SAVEPACKAGE PACKAGE="/Game/Levels/Bridge" FILE="../../../../../../../Unreal Projects/Bridge/Content/Levels/Bridge.umap" SILENT=true AUTOSAVING=false KEEPDIRTY=false
[2015.04.12-01.22.46:434][693]LogSavePackage: Save=148.056396ms
[2015.04.12-01.22.46:434][693]LogSavePackage: Moving '../../../../../../../Unreal Projects/Bridge/Saved/BridgeF46C0F2747F7580EB3CE35BF5D5CDDFF.tmp' to '../../../../../../../Unreal Projects/Bridge/Content/Levels/Bridge.umap'
[2015.04.12-01.22.48:002][751]BlueprintLog: New page: Pre-PIE auto-recompile
[2015.04.12-01.22.48:016][751]LogPlayLevel: [PIE] Compiling SimpleProximityLight before PIE...
[2015.04.12-01.22.48:096][751]LogPlayLevel: [PIE] Compiling Bridge before PIE...
[2015.04.12-01.22.48:179][751]LogPlayLevel: PIE:  Blueprint regeneration took 176 ms (2 blueprints)
[2015.04.12-01.22.48:179][751]PIE: New page: PIE session: Bridge (Apr 11, 2015, 5:22:48 PM)
[2015.04.12-01.22.48:192][751]LogPlayLevel: PIE: StaticDuplicateObject took: (0.013271s)
[2015.04.12-01.22.48:193][751]LogPlayLevel: PIE: World Init took: (0.000804s)
[2015.04.12-01.22.48:193][751]LogPlayLevel: PIE: Created PIE world by copying editor world from /Game/Levels/Bridge.Bridge to /Game/Levels/UEDPIE_0_Bridge.Bridge (0.014261s)
[2015.04.12-01.22.48:332][751]LogWorld: Game class is 'GameMode_Bridge_C'
[2015.04.12-01.22.48:463][751]LogAIModule: Creating AISystem for world Bridge
[2015.04.12-01.22.48:468][751]LogWorld: Bringing World /Game/Levels/UEDPIE_0_Bridge.Bridge up for play (max tick rate 0) at 2015.04.11-21.22.48
[2015.04.12-01.22.48:508][751]LogWorld: Bringing up level for play took: 0.044031
[2015.04.12-01.22.48:586][751]PIE: Info Play in editor start time for /Game/Levels/UEDPIE_0_Bridge 1.072
[2015.04.12-01.23.44:002][206]LogParticles: Destroying 0 GPU particle simulations for FXSystem 0x000000000F2F42C0
[2015.04.12-01.23.45:258][279]LogContentBrowser:Verbose: The content browser source was changed by the sources view to '/Game/Blueprints'
[2015.04.12-01.28.11:569][112]BlueprintLog: New page: Compile SimpleSwitchLight
[2015.04.12-01.28.11:689][112]BlueprintEditorCompileResults: Info [0675.39] Compile of SimpleSwitchLight successful! [in 119 ms]
[2015.04.12-01.28.14:102][202]Cmd: OBJ SAVEPACKAGE PACKAGE="/Game/Blueprints/SimpleSwitchLight" FILE="../../../../../../../Unreal Projects/Bridge/Content/Blueprints/SimpleSwitchLight.uasset" SILENT=true
[2015.04.12-01.28.14:518][202]LogSavePackage: Save=392.351013ms
[2015.04.12-01.28.14:518][202]LogSavePackage: Moving '../../../../../../../Unreal Projects/Bridge/Saved/SimpleSwitchLightB075D8E04FE16417EB32E989F0F8BD6B.tmp' to '../../../../../../../Unreal Projects/Bridge/Content/Blueprints/SimpleSwitchLight.uasset'
[2015.04.12-01.28.42:786][912]Cmd: OBJ SAVEPACKAGE PACKAGE="/Game/Levels/Bridge" FILE="../../../../../../../Unreal Projects/Bridge/Content/Levels/Bridge.umap" SILENT=true AUTOSAVING=false KEEPDIRTY=false
[2015.04.12-01.28.42:998][912]LogSavePackage: Save=161.146088ms
[2015.04.12-01.28.42:998][912]LogSavePackage: Moving '../../../../../../../Unreal Projects/Bridge/Saved/Bridge4E2B4F604B5FC621D5AAF8B24B736DB6.tmp' to '../../../../../../../Unreal Projects/Bridge/Content/Levels/Bridge.umap'
[2015.04.12-01.28.44:734][957]BlueprintLog: New page: Pre-PIE auto-recompile
[2015.04.12-01.28.44:734][957]LogPlayLevel: [PIE] Compiling Bridge before PIE...
[2015.04.12-01.28.44:834][957]LogPlayLevel: PIE:  Blueprint regeneration took 100 ms (1 blueprints)
[2015.04.12-01.28.44:834][957]PIE: New page: PIE session: Bridge (Apr 11, 2015, 5:28:44 PM)
[2015.04.12-01.28.44:850][957]LogPlayLevel: PIE: StaticDuplicateObject took: (0.015015s)
[2015.04.12-01.28.44:851][957]LogPlayLevel: PIE: World Init took: (0.001616s)
[2015.04.12-01.28.44:851][957]LogPlayLevel: PIE: Created PIE world by copying editor world from /Game/Levels/Bridge.Bridge to /Game/Levels/UEDPIE_0_Bridge.Bridge (0.016921s)
[2015.04.12-01.28.44:888][957]LogWorld: Game class is 'GameMode_Bridge_C'
[2015.04.12-01.28.44:891][957]LogAIModule: Creating AISystem for world Bridge
[2015.04.12-01.28.44:895][957]LogWorld: Bringing World /Game/Levels/UEDPIE_0_Bridge.Bridge up for play (max tick rate 0) at 2015.04.11-21.28.44
[2015.04.12-01.28.44:896][957]LogWorld: Bringing up level for play took: 0.004949
[2015.04.12-01.28.44:900][957]PIE: Info Play in editor start time for /Game/Levels/UEDPIE_0_Bridge -0.582
[2015.04.12-01.30.40:552][781]LogParticles: Destroying 0 GPU particle simulations for FXSystem 0x000000001AB80E00
[2015.04.12-01.36.51:868][305]BlueprintLog: New page: Compile SimpleSwitchLight
[2015.04.12-01.36.52:019][305]BlueprintEditorCompileResults: Info [1195.77] Compile of SimpleSwitchLight successful! [in 150 ms]
[2015.04.12-01.37.43:729][693]BlueprintLog: New page: Compile SimpleSwitchLight
[2015.04.12-01.37.43:913][693]BlueprintEditorCompileResults: Info [1247.67] Compile of SimpleSwitchLight successful! [in 183 ms]
[2015.04.12-01.37.47:317][876]Cmd: OBJ SAVEPACKAGE PACKAGE="/Game/Levels/Bridge" FILE="../../../../../../../Unreal Projects/Bridge/Content/Levels/Bridge.umap" SILENT=true AUTOSAVING=false KEEPDIRTY=false
[2015.04.12-01.37.47:509][876]LogSavePackage: Save=153.807861ms
[2015.04.12-01.37.47:509][876]LogSavePackage: Moving '../../../../../../../Unreal Projects/Bridge/Saved/Bridge79F1B7F649EDEE995F47BEB282929AF7.tmp' to '../../../../../../../Unreal Projects/Bridge/Content/Levels/Bridge.umap'
[2015.04.12-01.37.47:539][876]LogFileHelpers: Saving map 'Bridge' took 0.328
[2015.04.12-01.37.47:579][876]Cmd: OBJ SAVEPACKAGE PACKAGE="/Game/Blueprints/SimpleProximityLight" FILE="../../../../../../../Unreal Projects/Bridge/Content/Blueprints/SimpleProximityLight.uasset" SILENT=true
[2015.04.12-01.37.47:943][876]LogSavePackage: Save=354.301636ms
[2015.04.12-01.37.47:943][876]LogSavePackage: Moving '../../../../../../../Unreal Projects/Bridge/Saved/SimpleProximityLight86D492FB4E9E269C66D7318EE1CD315C.tmp' to '../../../../../../../Unreal Projects/Bridge/Content/Blueprints/SimpleProximityLight.uasset'
[2015.04.12-01.37.47:983][876]Cmd: OBJ SAVEPACKAGE PACKAGE="/Game/Blueprints/SimpleSwitchLight" FILE="../../../../../../../Unreal Projects/Bridge/Content/Blueprints/SimpleSwitchLight.uasset" SILENT=true
[2015.04.12-01.37.48:377][876]LogSavePackage: Save=373.811646ms
[2015.04.12-01.37.48:377][876]LogSavePackage: Moving '../../../../../../../Unreal Projects/Bridge/Saved/SimpleSwitchLightA5DF540C4AE531885064F68CBAAB8E26.tmp' to '../../../../../../../Unreal Projects/Bridge/Content/Blueprints/SimpleSwitchLight.uasset'
[2015.04.12-01.37.52:889][964]BlueprintLog: New page: Pre-PIE auto-recompile
[2015.04.12-01.37.52:889][964]LogPlayLevel: [PIE] Compiling Bridge before PIE...
[2015.04.12-01.37.52:985][964]LogPlayLevel: PIE:  Blueprint regeneration took 95 ms (1 blueprints)
[2015.04.12-01.37.52:985][964]PIE: New page: PIE session: Bridge (Apr 11, 2015, 5:37:52 PM)
[2015.04.12-01.37.53:004][964]LogPlayLevel: PIE: StaticDuplicateObject took: (0.018285s)
[2015.04.12-01.37.53:006][964]LogPlayLevel: PIE: World Init took: (0.002237s)
[2015.04.12-01.37.53:006][964]LogPlayLevel: PIE: Created PIE world by copying editor world from /Game/Levels/Bridge.Bridge to /Game/Levels/UEDPIE_0_Bridge.Bridge (0.020906s)
[2015.04.12-01.37.53:040][964]LogWorld: Game class is 'GameMode_Bridge_C'
[2015.04.12-01.37.53:043][964]LogAIModule: Creating AISystem for world Bridge
[2015.04.12-01.37.53:048][964]LogWorld: Bringing World /Game/Levels/UEDPIE_0_Bridge.Bridge up for play (max tick rate 0) at 2015.04.11-21.37.53
[2015.04.12-01.37.53:049][964]LogWorld: Bringing up level for play took: 0.004637
[2015.04.12-01.37.53:051][964]PIE: Info Play in editor start time for /Game/Levels/UEDPIE_0_Bridge -0.38
[2015.04.12-01.38.40:721][ 75]LogParticles: Destroying 0 GPU particle simulations for FXSystem 0x0000000004F37F60
[2015.04.12-01.39.10:661][452]BlueprintLog: New page: Compile SimpleSwitchLight
[2015.04.12-01.39.10:842][452]BlueprintEditorCompileResults: Info [1334.61] Compile of SimpleSwitchLight successful! [in 180 ms]
[2015.04.12-01.39.39:292][640]LogEditorTransaction: Undo Remove Variable
[2015.04.12-01.39.46:909][203]Cmd: OBJ SAVEPACKAGE PACKAGE="/Game/Levels/Bridge" FILE="../../../../../../../Unreal Projects/Bridge/Content/Levels/Bridge.umap" SILENT=true AUTOSAVING=false KEEPDIRTY=false
[2015.04.12-01.39.47:097][203]LogSavePackage: Save=152.349579ms
[2015.04.12-01.39.47:097][203]LogSavePackage: Moving '../../../../../../../Unreal Projects/Bridge/Saved/Bridge2CAED7F6493C5B8BBF1422A8ABB9D3FA.tmp' to '../../../../../../../Unreal Projects/Bridge/Content/Levels/Bridge.umap'
[2015.04.12-01.39.47:127][203]LogFileHelpers: Saving map 'Bridge' took 0.326
[2015.04.12-01.39.47:155][203]Cmd: OBJ SAVEPACKAGE PACKAGE="/Game/Blueprints/SimpleProximityLight" FILE="../../../../../../../Unreal Projects/Bridge/Content/Blueprints/SimpleProximityLight.uasset" SILENT=true
[2015.04.12-01.39.47:538][203]LogSavePackage: Save=374.561890ms
[2015.04.12-01.39.47:538][203]LogSavePackage: Moving '../../../../../../../Unreal Projects/Bridge/Saved/SimpleProximityLight9CA3BD9E45D5C9AB184FD887A4729039.tmp' to '../../../../../../../Unreal Projects/Bridge/Content/Blueprints/SimpleProximityLight.uasset'
[2015.04.12-01.39.47:570][203]Cmd: OBJ SAVEPACKAGE PACKAGE="/Game/Blueprints/SimpleSwitchLight" FILE="../../../../../../../Unreal Projects/Bridge/Content/Blueprints/SimpleSwitchLight.uasset" SILENT=true
[2015.04.12-01.39.47:963][203]LogSavePackage: Save=384.635986ms
[2015.04.12-01.39.47:963][203]LogSavePackage: Moving '../../../../../../../Unreal Projects/Bridge/Saved/SimpleSwitchLightDEC4D2F34FCD696E2E665FBB9D801334.tmp' to '../../../../../../../Unreal Projects/Bridge/Content/Blueprints/SimpleSwitchLight.uasset'
[2015.04.12-01.40.02:802][184]LogEditorViewport: Clicking on Actor (LMB): SimpleSwitchLight_C (SimpleSwitchLight)
[2015.04.12-01.40.25:085][699]BlueprintLog: New page: Pre-PIE auto-recompile
[2015.04.12-01.40.25:105][699]LogPlayLevel: [PIE] Compiling SimpleProximityLight before PIE...
[2015.04.12-01.40.25:203][699]LogPlayLevel: [PIE] Compiling SimpleSwitchLight before PIE...
[2015.04.12-01.40.25:294][699]LogPlayLevel: [PIE] Compiling Bridge before PIE...
[2015.04.12-01.40.25:398][699]LogPlayLevel: PIE:  Blueprint regeneration took 312 ms (3 blueprints)
[2015.04.12-01.40.25:398][699]PIE: New page: PIE session: Bridge (Apr 11, 2015, 5:40:25 PM)
[2015.04.12-01.40.25:412][699]LogPlayLevel: PIE: StaticDuplicateObject took: (0.013339s)
[2015.04.12-01.40.25:412][699]LogPlayLevel: PIE: World Init took: (0.000863s)
[2015.04.12-01.40.25:413][699]LogPlayLevel: PIE: Created PIE world by copying editor world from /Game/Levels/Bridge.Bridge to /Game/Levels/UEDPIE_0_Bridge.Bridge (0.014397s)
[2015.04.12-01.40.25:451][699]LogWorld: Game class is 'GameMode_Bridge_C'
[2015.04.12-01.40.25:454][699]LogAIModule: Creating AISystem for world Bridge
[2015.04.12-01.40.25:458][699]LogWorld: Bringing World /Game/Levels/UEDPIE_0_Bridge.Bridge up for play (max tick rate 0) at 2015.04.11-21.40.25
[2015.04.12-01.40.25:459][699]LogWorld: Bringing up level for play took: 0.004460
[2015.04.12-01.40.25:461][699]PIE: Info Play in editor start time for /Game/Levels/UEDPIE_0_Bridge 0.047
[2015.04.12-01.41.26:363][169]LogParticles: Destroying 0 GPU particle simulations for FXSystem 0x0000000026A3F600
[2015.04.12-01.41.46:215][901]Cmd: OBJ SAVEPACKAGE PACKAGE="/Game/Levels/Bridge" FILE="../../../../../../../Unreal Projects/Bridge/Content/Levels/Bridge.umap" SILENT=true AUTOSAVING=false KEEPDIRTY=false
[2015.04.12-01.41.46:410][901]LogSavePackage: Save=152.646255ms
[2015.04.12-01.41.46:410][901]LogSavePackage: Moving '../../../../../../../Unreal Projects/Bridge/Saved/Bridge786C2BBB41E5636ED79162A8B5CBEC57.tmp' to '../../../../../../../Unreal Projects/Bridge/Content/Levels/Bridge.umap'
[2015.04.12-01.41.46:440][901]LogFileHelpers: Saving map 'Bridge' took 0.330
[2015.04.12-01.41.46:470][901]Cmd: OBJ SAVEPACKAGE PACKAGE="/Game/Blueprints/SimpleSwitchLight" FILE="../../../../../../../Unreal Projects/Bridge/Content/Blueprints/SimpleSwitchLight.uasset" SILENT=true
[2015.04.12-01.41.46:864][901]LogSavePackage: Save=384.250732ms
[2015.04.12-01.41.46:864][901]LogSavePackage: Moving '../../../../../../../Unreal Projects/Bridge/Saved/SimpleSwitchLight45AD4BBB4D74CCE6A35CDB9C9B61B1A0.tmp' to '../../../../../../../Unreal Projects/Bridge/Content/Blueprints/SimpleSwitchLight.uasset'
[2015.04.12-01.42.53:954][997]Cmd: OBJ SAVEPACKAGE PACKAGE="/Game/Levels/Bridge" FILE="../../../../../../../Unreal Projects/Bridge/Content/Levels/Bridge.umap" SILENT=true AUTOSAVING=false KEEPDIRTY=false
[2015.04.12-01.42.54:151][997]LogSavePackage: Save=151.602905ms
[2015.04.12-01.42.54:151][997]LogSavePackage: Moving '../../../../../../../Unreal Projects/Bridge/Saved/Bridge13777464470638CAD89CC6851B555A81.tmp' to '../../../../../../../Unreal Projects/Bridge/Content/Levels/Bridge.umap'
[2015.04.12-01.42.54:183][997]LogFileHelpers: Saving map 'Bridge' took 0.335
[2015.04.12-01.42.54:213][997]Cmd: OBJ SAVEPACKAGE PACKAGE="/Game/Blueprints/SimpleSwitchLight" FILE="../../../../../../../Unreal Projects/Bridge/Content/Blueprints/SimpleSwitchLight.uasset" SILENT=true
[2015.04.12-01.42.54:587][997]LogSavePackage: Save=364.096710ms
[2015.04.12-01.42.54:587][997]LogSavePackage: Moving '../../../../../../../Unreal Projects/Bridge/Saved/SimpleSwitchLightD16D9FB94834F2EA3E3491A904D8492E.tmp' to '../../../../../../../Unreal Projects/Bridge/Content/Blueprints/SimpleSwitchLight.uasset'
[2015.04.12-01.43.22:891][526]BlueprintLog: New page: Compile SimpleSwitchLight
[2015.04.12-01.43.23:039][526]BlueprintEditorCompileResults: Info [1586.83] Compile of SimpleSwitchLight successful! [in 147 ms]
[2015.04.12-01.43.26:297][792]Cmd: OBJ SAVEPACKAGE PACKAGE="/Game/Levels/Bridge" FILE="../../../../../../../Unreal Projects/Bridge/Content/Levels/Bridge.umap" SILENT=true AUTOSAVING=false KEEPDIRTY=false
[2015.04.12-01.43.26:482][792]LogSavePackage: Save=149.661865ms
[2015.04.12-01.43.26:482][792]LogSavePackage: Moving '../../../../../../../Unreal Projects/Bridge/Saved/Bridge65D01B624705C5EE885950A69F5AB395.tmp' to '../../../../../../../Unreal Projects/Bridge/Content/Levels/Bridge.umap'
[2015.04.12-01.43.26:511][792]LogFileHelpers: Saving map 'Bridge' took 0.315
[2015.04.12-01.43.26:536][792]Cmd: OBJ SAVEPACKAGE PACKAGE="/Game/Blueprints/SimpleSwitchLight" FILE="../../../../../../../Unreal Projects/Bridge/Content/Blueprints/SimpleSwitchLight.uasset" SILENT=true
[2015.04.12-01.43.26:906][792]LogSavePackage: Save=361.792694ms
[2015.04.12-01.43.26:906][792]LogSavePackage: Moving '../../../../../../../Unreal Projects/Bridge/Saved/SimpleSwitchLightBC57463B43A42374294793B413ABA2E0.tmp' to '../../../../../../../Unreal Projects/Bridge/Content/Blueprints/SimpleSwitchLight.uasset'
[2015.04.12-01.43.29:999][936]Cmd: OBJ SAVEPACKAGE PACKAGE="/Game/Levels/Bridge" FILE="../../../../../../../Unreal Projects/Bridge/Content/Levels/Bridge.umap" SILENT=true AUTOSAVING=false KEEPDIRTY=false
[2015.04.12-01.43.30:194][936]LogSavePackage: Save=157.105820ms
[2015.04.12-01.43.30:194][936]LogSavePackage: Moving '../../../../../../../Unreal Projects/Bridge/Saved/BridgeCBE467A74377B7BE0F1DE99D3B4467DC.tmp' to '../../../../../../../Unreal Projects/Bridge/Content/Levels/Bridge.umap'
[2015.04.12-01.43.30:222][936]LogFileHelpers: Saving map 'Bridge' took 0.328
[2015.04.12-01.43.31:423][993]BlueprintLog: New page: Pre-PIE auto-recompile
[2015.04.12-01.43.31:423][993]LogPlayLevel: [PIE] Compiling Bridge before PIE...
[2015.04.12-01.43.31:515][993]LogPlayLevel: PIE:  Blueprint regeneration took 92 ms (1 blueprints)
[2015.04.12-01.43.31:516][993]PIE: New page: PIE session: Bridge (Apr 11, 2015, 5:43:31 PM)
[2015.04.12-01.43.31:530][993]LogPlayLevel: PIE: StaticDuplicateObject took: (0.013684s)
[2015.04.12-01.43.31:530][993]LogPlayLevel: PIE: World Init took: (0.000776s)
[2015.04.12-01.43.31:531][993]LogPlayLevel: PIE: Created PIE world by copying editor world from /Game/Levels/Bridge.Bridge to /Game/Levels/UEDPIE_0_Bridge.Bridge (0.014658s)
[2015.04.12-01.43.31:569][993]LogWorld: Game class is 'GameMode_Bridge_C'
[2015.04.12-01.43.31:571][993]LogAIModule: Creating AISystem for world Bridge
[2015.04.12-01.43.31:577][993]LogWorld: Bringing World /Game/Levels/UEDPIE_0_Bridge.Bridge up for play (max tick rate 0) at 2015.04.11-21.43.31
[2015.04.12-01.43.31:578][993]LogWorld: Bringing up level for play took: 0.005893
[2015.04.12-01.43.31:580][993]PIE: Info Play in editor start time for /Game/Levels/UEDPIE_0_Bridge 0.184
[2015.04.12-01.43.42:065][902]LogParticles: Destroying 0 GPU particle simulations for FXSystem 0x0000000013DB9940
[2015.04.12-01.43.45:017][ 50]BlueprintLog: New page: Pre-PIE auto-recompile
[2015.04.12-01.43.45:017][ 50]LogPlayLevel: [PIE] Compiling Bridge before PIE...
[2015.04.12-01.43.45:116][ 50]LogPlayLevel: PIE:  Blueprint regeneration took 98 ms (1 blueprints)
[2015.04.12-01.43.45:116][ 50]PIE: New page: PIE session: Bridge (Apr 11, 2015, 5:43:45 PM)
[2015.04.12-01.43.45:129][ 50]LogPlayLevel: PIE: StaticDuplicateObject took: (0.012687s)
[2015.04.12-01.43.45:130][ 50]LogPlayLevel: PIE: World Init took: (0.001325s)
[2015.04.12-01.43.45:131][ 50]LogPlayLevel: PIE: Created PIE world by copying editor world from /Game/Levels/Bridge.Bridge to /Game/Levels/UEDPIE_0_Bridge.Bridge (0.014244s)
[2015.04.12-01.43.45:167][ 50]LogWorld: Game class is 'GameMode_Bridge_C'
[2015.04.12-01.43.45:169][ 50]LogAIModule: Creating AISystem for world Bridge
[2015.04.12-01.43.45:175][ 50]LogWorld: Bringing World /Game/Levels/UEDPIE_0_Bridge.Bridge up for play (max tick rate 0) at 2015.04.11-21.43.45
[2015.04.12-01.43.45:176][ 50]LogWorld: Bringing up level for play took: 0.005981
[2015.04.12-01.43.45:179][ 50]PIE: Info Play in editor start time for /Game/Levels/UEDPIE_0_Bridge -0.216
[2015.04.12-01.43.55:530][918]LogParticles: Destroying 0 GPU particle simulations for FXSystem 0x0000000021043E20
[2015.04.12-01.45.20:144][709]LogEditorViewport: Clicking on Actor (context menu): StaticMeshActor (Planet1_Mesh)
[2015.04.12-01.45.21:407][758]LogEditorViewport: Clicking on Actor (LMB): SkyBoxBlueprint_C (SkyBoxBlueprint)
[2015.04.12-01.53.51:518][911]Cmd: OBJ SAVEPACKAGE PACKAGE="/Game/Levels/Bridge" FILE="../../../../../../../Unreal Projects/Bridge/Saved/Autosaves/Game/Levels/Bridge_Auto1.umap" SILENT=true AUTOSAVING=true KEEPDIRTY=false
[2015.04.12-01.53.51:931][911]LogSavePackage: Save=163.505142ms
[2015.04.12-01.53.51:931][911]LogSavePackage: Moving '../../../../../../../Unreal Projects/Bridge/Saved/Bridge_Auto1897747184616FC0EB891408E2743AD01.tmp' to '../../../../../../../Unreal Projects/Bridge/Saved/Autosaves/Game/Levels/Bridge_Auto1.umap'
[2015.04.12-01.53.51:942][911]LogFileHelpers: Editor autosave (incl. sublevels) for '/Game/Levels/Bridge' took 0.624
[2015.04.12-01.53.51:942][911]LogFileHelpers: Editor autosave (incl. sublevels) for all levels took 0.624
[2015.04.12-03.57.04:942][377]LogD3D11RHI: Timed out while waiting for GPU to catch up. (0.5 s)
[2015.04.12-03.57.07:272][378]LogD3D11RHI: Timed out while waiting for GPU to catch up. (0.5 s)
[2015.04.12-04.00.15:060][940]LogD3D11RHI: Timed out while waiting for GPU to catch up. (0.5 s)
[2015.04.12-04.29.55:953][283]LogD3D11RHI: Timed out while waiting for GPU to catch up. (0.5 s)
[2015.04.12-04.29.56:455][284]LogD3D11RHI: Timed out while waiting for GPU to catch up. (0.5 s)
[2015.04.12-04.29.56:957][285]LogD3D11RHI: Timed out while waiting for GPU to catch up. (0.5 s)
[2015.04.12-04.29.57:797][286]LogD3D11RHI: Timed out while waiting for GPU to catch up. (500 ms)
[2015.04.12-04.30.08:978][320]LogD3D11RHI: Timed out while waiting for GPU to catch up. (0.5 s)
[2015.04.12-04.30.10:977][324]LogD3D11RHI: Timed out while waiting for GPU to catch up. (0.5 s)
[2015.04.12-04.30.15:836][333]LogD3D11RHI: Timed out while waiting for GPU to catch up. (0.5 s)
[2015.04.12-04.30.18:626][334]LogD3D11RHI: Timed out while waiting for GPU to catch up. (0.5 s)
[2015.04.12-04.30.37:692][387]LogD3D11RHI: Timed out while waiting for GPU to catch up. (0.5 s)
[2015.04.12-04.38.11:382][746]LogD3D11RHI: Timed out while waiting for GPU to catch up. (0.5 s)
[2015.04.12-04.40.09:343][ 98]LogD3D11RHI: Timed out while waiting for GPU to catch up. (0.5 s)
[2015.04.12-04.40.50:033][220]LogD3D11RHI: Timed out while waiting for GPU to catch up. (0.5 s)
[2015.04.12-04.41.39:592][368]LogD3D11RHI: Timed out while waiting for GPU to catch up. (0.5 s)
[2015.04.12-05.04.13:922][426]LogD3D11RHI: Timed out while waiting for GPU to catch up. (0.5 s)
[2015.04.12-05.04.19:478][427]LogD3D11RHI: Timed out while waiting for GPU to catch up. (0.5 s)
[2015.04.12-05.04.30:639][566]Cmd: OBJ SAVEPACKAGE PACKAGE="/Game/Levels/Bridge" FILE="../../../../../../../Unreal Projects/Bridge/Content/Levels/Bridge.umap" SILENT=true AUTOSAVING=false KEEPDIRTY=false
[2015.04.12-05.04.31:267][566]LogSavePackage: Save=360.795929ms
[2015.04.12-05.04.31:267][566]LogSavePackage: Moving '../../../../../../../Unreal Projects/Bridge/Saved/BridgeE50270E44D0B2D471B0861AC65275E31.tmp' to '../../../../../../../Unreal Projects/Bridge/Content/Levels/Bridge.umap'
[2015.04.12-05.04.31:330][566]LogFileHelpers: Saving map 'Bridge' took 1.354
[2015.04.12-05.04.32:715][567]Cmd: QUIT_EDITOR
[2015.04.12-05.04.33:299][567]LogExit: Preparing to exit.
[2015.04.12-05.04.34:560][567]LogExit: Editor shut down
[2015.04.12-05.04.34:567][567]LogExit: Transaction tracking system shut down
[2015.04.12-05.04.34:572][567]LogParticles: Destroying 0 GPU particle simulations for FXSystem 0x000000000EC66520
[2015.04.12-05.04.34:582][567]LogParticles: Destroying 0 GPU particle simulations for FXSystem 0x00000000159ECE00
[2015.04.12-05.04.34:586][567]LogParticles: Destroying 0 GPU particle simulations for FXSystem 0x000000001D738D60
[2015.04.12-05.04.34:586][567]LogParticles: Destroying 0 GPU particle simulations for FXSystem 0x000000001A05EC00
[2015.04.12-05.04.34:586][567]LogParticles: Destroying 0 GPU particle simulations for FXSystem 0x000000001BEE0E00
[2015.04.12-05.04.34:589][567]LogParticles: Destroying 0 GPU particle simulations for FXSystem 0x000000001A1D53A0
[2015.04.12-05.04.36:206][567]LogParticles: Destroying 0 GPU particle simulations for FXSystem 0x000000000AB5B920
[2015.04.12-05.04.36:206][567]LogExit: Object subsystem successfully closed.
[2015.04.12-05.04.37:222][567]LogModuleManager: Shutting down and abandoning module CrashTracker (177)
[2015.04.12-05.04.37:223][567]LogModuleManager: Shutting down and abandoning module SuperSearch (176)
[2015.04.12-05.04.37:223][567]LogModuleManager: Shutting down and abandoning module SceneOutliner (175)
[2015.04.12-05.04.37:223][567]LogModuleManager: Shutting down and abandoning module EditorWidgets (174)
[2015.04.12-05.04.37:223][567]LogModuleManager: Shutting down and abandoning module CollectionManager (173)
[2015.04.12-05.04.37:245][567]LogModuleManager: Shutting down and abandoning module StatsViewer (172)
[2015.04.12-05.04.37:277][567]LogModuleManager: Shutting down and abandoning module FoliageEdit (171)
[2015.04.12-05.04.37:277][567]LogModuleManager: Shutting down and abandoning module LandscapeEditor (170)
[2015.04.12-05.04.37:298][567]LogModuleManager: Shutting down and abandoning module MeshPaint (169)
[2015.04.12-05.04.37:315][567]LogModuleManager: Shutting down and abandoning module ActorPickerMode (168)
[2015.04.12-05.04.37:315][567]LogModuleManager: Shutting down and abandoning module GeometryMode (167)
[2015.04.12-05.04.37:315][567]LogModuleManager: Shutting down and abandoning module TextureAlignMode (166)
[2015.04.12-05.04.37:315][567]LogModuleManager: Shutting down and abandoning module BspMode (165)
[2015.04.12-05.04.37:315][567]LogModuleManager: Shutting down and abandoning module PlacementMode (164)
[2015.04.12-05.04.37:315][567]LogModuleManager: Shutting down and abandoning module AutomationWorker (163)
[2015.04.12-05.04.37:315][567]LogModuleManager: Shutting down and abandoning module CharacterAI (162)
[2015.04.12-05.04.37:315][567]LogModuleManager: Shutting down and abandoning module SmartSnapping (161)
[2015.04.12-05.04.37:316][567]LogModuleManager: Shutting down and abandoning module ViewportSnapping (160)
[2015.04.12-05.04.37:316][567]LogModuleManager: Shutting down and abandoning module LogVisualizer (159)
[2015.04.12-05.04.37:341][567]LogModuleManager: Shutting down and abandoning module GameProjectGeneration (158)
[2015.04.12-05.04.37:354][567]LogModuleManager: Shutting down and abandoning module IntroTutorials (157)
[2015.04.12-05.04.37:410][567]LogModuleManager: Shutting down and abandoning module EditorLiveStreaming (156)
[2015.04.12-05.04.37:410][567]LogModuleManager: Shutting down and abandoning module HardwareTargeting (155)
[2015.04.12-05.04.37:410][567]LogModuleManager: Shutting down and abandoning module DeviceProfileEditor (154)
[2015.04.12-05.04.37:425][567]LogModuleManager: Shutting down and abandoning module UndoHistory (153)
[2015.04.12-05.04.37:440][567]LogModuleManager: Shutting down and abandoning module GameplayTagsEditor (152)
[2015.04.12-05.04.37:440][567]LogModuleManager: Shutting down and abandoning module UserFeedback (151)
[2015.04.12-05.04.37:440][567]LogModuleManager: Shutting down and abandoning module XmlParser (150)
[2015.04.12-05.04.37:452][567]LogModuleManager: Shutting down and abandoning module Blutility (149)
[2015.04.12-05.04.37:452][567]LogModuleManager: Shutting down and abandoning module IOSPlatformEditor (148)
[2015.04.12-05.04.37:453][567]LogModuleManager: Shutting down and abandoning module IOSRuntimeSettings (147)
[2015.04.12-05.04.37:453][567]LogModuleManager: Shutting down and abandoning module AndroidDeviceDetection (146)
[2015.04.12-05.04.37:830][567]LogModuleManager: Shutting down and abandoning module AndroidPlatformEditor (145)
[2015.04.12-05.04.37:830][567]LogModuleManager: Shutting down and abandoning module AndroidRuntimeSettings (144)
[2015.04.12-05.04.37:830][567]LogModuleManager: Shutting down and abandoning module ProjectTargetPlatformEditor (143)
[2015.04.12-05.04.37:849][567]LogModuleManager: Shutting down and abandoning module ProjectSettingsViewer (142)
[2015.04.12-05.04.37:850][567]LogModuleManager: Shutting down and abandoning module InputBindingEditor (141)
[2015.04.12-05.04.37:894][567]LogModuleManager: Shutting down and abandoning module EditorSettingsViewer (140)
[2015.04.12-05.04.37:895][567]LogModuleManager: Shutting down and abandoning module SettingsEditor (139)
[2015.04.12-05.04.37:895][567]LogModuleManager: Shutting down and abandoning module ProjectLauncher (138)
[2015.04.12-05.04.37:923][567]LogModuleManager: Shutting down and abandoning module SessionFrontend (137)
[2015.04.12-05.04.37:938][567]LogModuleManager: Shutting down and abandoning module ProfilerClient (136)
[2015.04.12-05.04.37:954][567]LogModuleManager: Shutting down and abandoning module TargetDeviceServices (135)
[2015.04.12-05.04.37:954][567]LogModuleManager: Shutting down and abandoning module DeviceManager (134)
[2015.04.12-05.04.37:966][567]LogModuleManager: Shutting down and abandoning module AutomationController (133)
[2015.04.12-05.04.37:980][567]LogModuleManager: Shutting down and abandoning module AutomationWindow (132)
[2015.04.12-05.04.37:992][567]LogModuleManager: Shutting down and abandoning module Layers (131)
[2015.04.12-05.04.38:028][567]LogModuleManager: Shutting down and abandoning module ComponentVisualizers (130)
[2015.04.12-05.04.38:028][567]LogModuleManager: Shutting down and abandoning module DetailCustomizations (129)
[2015.04.12-05.04.38:028][567]LogModuleManager: Shutting down and abandoning module PackagesDialog (128)
[2015.04.12-05.04.38:028][567]LogModuleManager: Shutting down and abandoning module AssetRegistry (127)
[2015.04.12-05.04.38:239][567]LogModuleManager: Shutting down and abandoning module Persona (126)
[2015.04.12-05.04.38:257][567]LogModuleManager: Shutting down and abandoning module SlateReflector (125)
[2015.04.12-05.04.38:280][567]LogModuleManager: Shutting down and abandoning module LevelEditor (124)
[2015.04.12-05.04.38:298][567]LogModuleManager: Shutting down and abandoning module Kismet (123)
[2015.04.12-05.04.38:298][567]LogModuleManager: Shutting down and abandoning module GraphEditor (122)
[2015.04.12-05.04.38:298][567]LogModuleManager: Shutting down and abandoning module ClassViewer (121)
[2015.04.12-05.04.38:298][567]LogModuleManager: Shutting down and abandoning module Toolbox (120)
[2015.04.12-05.04.38:299][567]LogModuleManager: Shutting down and abandoning module ModuleUI (119)
[2015.04.12-05.04.38:306][567]LogModuleManager: Shutting down and abandoning module MovieSceneTools (118)
[2015.04.12-05.04.38:351][567]LogModuleManager: Shutting down and abandoning module OutputLog (117)
[2015.04.12-05.04.38:351][567]LogModuleManager: Shutting down and abandoning module GammaUI (116)
[2015.04.12-05.04.38:351][567]LogModuleManager: Shutting down and abandoning module Documentation (115)
[2015.04.12-05.04.38:352][567]LogModuleManager: Shutting down and abandoning module GameLiveStreaming (114)
[2015.04.12-05.04.38:376][567]LogModuleManager: Shutting down and abandoning module StreamingPauseRendering (113)
[2015.04.12-05.04.38:396][567]LogModuleManager: Shutting down and abandoning module HTTP (112)
[2015.04.12-05.04.38:397][567]LogModuleManager: Shutting down and abandoning module AnalyticsET (111)
[2015.04.12-05.04.38:397][567]LogModuleManager: Shutting down and abandoning module Analytics (110)
[2015.04.12-05.04.38:397][567]LogModuleManager: Shutting down and abandoning module AITestSuite (109)
[2015.04.12-05.04.38:406][567]LogModuleManager: Shutting down and abandoning module GameplayDebugger (108)
[2015.04.12-05.04.38:406][567]LogModuleManager: Shutting down and abandoning module AIModule (107)
[2015.04.12-05.04.38:440][567]LogModuleManager: Shutting down and abandoning module ProfilerService (106)
[2015.04.12-05.04.38:661][567]LogModuleManager: Shutting down and abandoning module TaskGraph (105)
[2015.04.12-05.04.38:684][567]LogModuleManager: Shutting down and abandoning module SlateRemote (104)
[2015.04.12-05.04.38:684][567]LogModuleManager: Shutting down and abandoning module ScriptEditorPlugin (103)
[2015.04.12-05.04.38:684][567]LogModuleManager: Shutting down and abandoning module CustomMeshComponent (102)
[2015.04.12-05.04.38:684][567]LogModuleManager: Shutting down and abandoning module CableComponent (101)
[2015.04.12-05.04.38:692][567]LogModuleManager: Shutting down and abandoning module MessagingDebugger (100)
[2015.04.12-05.04.38:724][567]LogModuleManager: Shutting down and abandoning module MediaPlayerEditor (99)
[2015.04.12-05.04.38:736][567]LogModuleManager: Shutting down and abandoning module SpeedTreeImporter (98)
[2015.04.12-05.04.38:736][567]LogModuleManager: Shutting down and abandoning module PluginsEditor (97)
[2015.04.12-05.04.38:754][567]LogModuleManager: Shutting down and abandoning module MainFrame (96)
[2015.04.12-05.04.38:754][567]LogModuleManager: Shutting down and abandoning module EpicSurvey (95)
[2015.04.12-05.04.38:775][567]LogModuleManager: Shutting down and abandoning module DesktopPlatform (94)
[2015.04.12-05.04.38:808][567]LogModuleManager: Shutting down and abandoning module DirectoryWatcher (93)
[2015.04.12-05.04.38:821][567]LogModuleManager: Shutting down and abandoning module HotReload (92)
[2015.04.12-05.04.38:821][567]LogModuleManager: Shutting down and abandoning module VisualStudioSourceCodeAccess (91)
[2015.04.12-05.04.38:821][567]LogModuleManager: Shutting down and abandoning module UObjectPlugin (90)
[2015.04.12-05.04.38:821][567]LogModuleManager: Shutting down and abandoning module SubversionSourceControl (89)
[2015.04.12-05.04.38:835][567]LogModuleManager: Shutting down and abandoning module PerforceSourceControl (88)
[2015.04.12-05.04.38:859][567]LogModuleManager: Shutting down and abandoning module SourceControl (87)
[2015.04.12-05.04.38:873][567]LogModuleManager: Shutting down and abandoning module GitSourceControl (86)
[2015.04.12-05.04.38:881][567]LogModuleManager: Shutting down and abandoning module BlankPlugin (85)
[2015.04.12-05.04.38:881][567]LogModuleManager: Shutting down and abandoning module PaperTiledImporter (84)
[2015.04.12-05.04.38:881][567]LogModuleManager: Shutting down and abandoning module PaperJsonImporter (83)
[2015.04.12-05.04.38:881][567]LogModuleManager: Shutting down and abandoning module ContentBrowser (82)
[2015.04.12-05.04.38:884][567]LogModuleManager: Shutting down and abandoning module Paper2DEditor (81)
[2015.04.12-05.04.38:946][567]LogModuleManager: Shutting down and abandoning module ScriptPlugin (80)
[2015.04.12-05.04.38:959][567]LogModuleManager: Shutting down and abandoning module UdpMessaging (79)
[2015.04.12-05.04.39:059][567]LogModuleManager: Shutting down and abandoning module Paper2D (78)
[2015.04.12-05.04.39:080][567]LogModuleManager: Shutting down and abandoning module WindowsMoviePlayer (77)
[2015.04.12-05.04.39:109][567]LogModuleManager: Shutting down and abandoning module Media (76)
[2015.04.12-05.04.39:109][567]LogModuleManager: Shutting down and abandoning module WmfMedia (75)
[2015.04.12-05.04.39:121][567]LogModuleManager: Shutting down and abandoning module OnlineBlueprintSupport (74)
[2015.04.12-05.04.39:121][567]LogModuleManager: Shutting down and abandoning module PropertyEditor (73)
[2015.04.12-05.04.39:121][567]LogModuleManager: Shutting down and abandoning module BehaviorTreeEditor (72)
[2015.04.12-05.04.39:153][567]LogModuleManager: Shutting down and abandoning module FunctionalTesting (71)
[2015.04.12-05.04.39:170][567]LogModuleManager: Shutting down and abandoning module CollisionAnalyzer (70)
[2015.04.12-05.04.39:186][567]LogModuleManager: Shutting down and abandoning module WorkspaceMenuStructure (69)
[2015.04.12-05.04.39:186][567]LogModuleManager: Shutting down and abandoning module MessageLog (68)
[2015.04.12-05.04.39:186][567]LogModuleManager: Shutting down and abandoning module Sequencer (67)
[2015.04.12-05.04.39:203][567]LogModuleManager: Shutting down and abandoning module AssetTools (66)
[2015.04.12-05.04.39:241][567]LogModuleManager: Shutting down and abandoning module UMGEditor (65)
[2015.04.12-05.04.39:268][567]LogModuleManager: Shutting down and abandoning module UMG (64)
[2015.04.12-05.04.39:287][567]LogModuleManager: Shutting down and abandoning module Slate (63)
[2015.04.12-05.04.39:287][567]LogModuleManager: Shutting down and abandoning module EditorStyle (62)
[2015.04.12-05.04.39:299][567]LogModuleManager: Shutting down and abandoning module SessionServices (61)
[2015.04.12-05.04.39:299][567]LogModuleManager: Shutting down and abandoning module SourceCodeAccess (60)
[2015.04.12-05.04.39:300][567]LogModuleManager: Shutting down and abandoning module HeadMountedDisplay (59)
[2015.04.12-05.04.39:300][567]LogModuleManager: Shutting down and abandoning module XAudio2 (58)
[2015.04.12-05.04.39:300][567]LogModuleManager: Shutting down and abandoning module Networking (56)
[2015.04.12-05.04.39:300][567]LogModuleManager: Shutting down and abandoning module Core (55)
[2015.04.12-05.04.39:300][567]LogModuleManager: Shutting down and abandoning module KismetCompiler (54)
[2015.04.12-05.04.39:300][567]LogModuleManager: Shutting down and abandoning module PhysXFormats (53)
[2015.04.12-05.04.39:300][567]LogModuleManager: Shutting down and abandoning module MeshUtilities (52)
[2015.04.12-05.04.39:313][567]LogModuleManager: Shutting down and abandoning module DerivedDataCache (51)
[2015.04.12-05.04.39:341][567]LogDerivedDataCache: Shutdown
[2015.04.12-05.04.39:341][567]LogModuleManager: Shutting down and abandoning module ShaderFormatOpenGL (50)
[2015.04.12-05.04.39:359][567]LogModuleManager: Shutting down and abandoning module ShaderFormatD3D (49)
[2015.04.12-05.04.39:365][567]LogModuleManager: Shutting down and abandoning module MetalShaderFormat (48)
[2015.04.12-05.04.39:380][567]LogModuleManager: Shutting down and abandoning module TextureFormatUncompressed (47)
[2015.04.12-05.04.39:380][567]LogModuleManager: Shutting down and abandoning module TextureFormatPVR (46)
[2015.04.12-05.04.39:393][567]LogModuleManager: Shutting down and abandoning module TextureFormatIntelISPCTexComp (45)
[2015.04.12-05.04.39:403][567]LogModuleManager: Shutting down and abandoning module TextureFormatDXT (44)
[2015.04.12-05.04.39:409][567]LogModuleManager: Shutting down and abandoning module ImageWrapper (43)
[2015.04.12-05.04.39:409][567]LogModuleManager: Shutting down and abandoning module TextureFormatASTC (42)
[2015.04.12-05.04.39:412][567]LogModuleManager: Shutting down and abandoning module TextureFormatAndroid (41)
[2015.04.12-05.04.39:413][567]LogModuleManager: Shutting down and abandoning module AudioFormatOpus (40)
[2015.04.12-05.04.39:422][567]LogModuleManager: Shutting down and abandoning module AudioFormatOgg (39)
[2015.04.12-05.04.39:423][567]LogModuleManager: Shutting down and abandoning module AudioFormatADPCM (38)
[2015.04.12-05.04.39:423][567]LogModuleManager: Shutting down and abandoning module LinuxTargetPlatform (37)
[2015.04.12-05.04.39:424][567]LogModuleManager: Shutting down and abandoning module LinuxServerTargetPlatform (36)
[2015.04.12-05.04.39:443][567]LogModuleManager: Shutting down and abandoning module LinuxNoEditorTargetPlatform (35)
[2015.04.12-05.04.39:462][567]LogModuleManager: Shutting down and abandoning module Messaging (34)
[2015.04.12-05.04.39:462][567]LogModuleManager: Shutting down and abandoning module IOSTargetPlatform (33)
[2015.04.12-05.04.39:463][567]LogModuleManager: Shutting down and abandoning module HTML5TargetPlatform (32)
[2015.04.12-05.04.39:463][567]LogModuleManager: Shutting down and abandoning module Android_PVRTCTargetPlatform (31)
[2015.04.12-05.04.39:463][567]LogModuleManager: Shutting down and abandoning module Android_ETC2TargetPlatform (30)
[2015.04.12-05.04.39:464][567]LogModuleManager: Shutting down and abandoning module Android_ETC1TargetPlatform (29)
[2015.04.12-05.04.39:464][567]LogModuleManager: Shutting down and abandoning module Android_ES31TargetPlatform (28)
[2015.04.12-05.04.39:464][567]LogModuleManager: Shutting down and abandoning module Android_DXTTargetPlatform (27)
[2015.04.12-05.04.39:464][567]LogModuleManager: Shutting down and abandoning module Android_ATCTargetPlatform (26)
[2015.04.12-05.04.39:464][567]LogModuleManager: Shutting down and abandoning module AndroidTargetPlatform (25)
[2015.04.12-05.04.39:465][567]LogModuleManager: Shutting down and abandoning module WindowsTargetPlatform (24)
[2015.04.12-05.04.39:466][567]LogModuleManager: Shutting down and abandoning module WindowsServerTargetPlatform (23)
[2015.04.12-05.04.39:466][567]LogModuleManager: Shutting down and abandoning module WindowsNoEditorTargetPlatform (22)
[2015.04.12-05.04.39:466][567]LogModuleManager: Shutting down and abandoning module WindowsClientTargetPlatform (21)
[2015.04.12-05.04.39:466][567]LogModuleManager: Shutting down and abandoning module TargetPlatform (20)
[2015.04.12-05.04.39:467][567]LogModuleManager: Shutting down and abandoning module InputCore (19)
[2015.04.12-05.04.39:467][567]LogModuleManager: Shutting down and abandoning module Settings (18)
[2015.04.12-05.04.39:467][567]LogModuleManager: Shutting down and abandoning module OnlineSubsystem (16)
[2015.04.12-05.04.39:467][567]LogModuleManager: Shutting down and abandoning module OculusRift (15)
[2015.04.12-05.04.39:467][567]LogModuleManager: Shutting down and abandoning module ExampleDeviceProfileSelector (14)
[2015.04.12-05.04.39:468][567]LogModuleManager: Shutting down and abandoning module TextureCompressor (13)
[2015.04.12-05.04.39:483][567]LogModuleManager: Shutting down and abandoning module ShaderCore (12)
[2015.04.12-05.04.39:483][567]LogModuleManager: Shutting down and abandoning module Landscape (11)
[2015.04.12-05.04.39:483][567]LogModuleManager: Shutting down and abandoning module SlateRHIRenderer (10)
[2015.04.12-05.04.39:653][567]LogModuleManager: Shutting down and abandoning module OpenGLDrv (9)
[2015.04.12-05.04.39:653][567]LogModuleManager: Shutting down and abandoning module D3D11RHI (8)
[2015.04.12-05.04.39:653][567]LogModuleManager: Shutting down and abandoning module Renderer (7)
[2015.04.12-05.04.39:653][567]LogModuleManager: Shutting down and abandoning module Engine (6)
[2015.04.12-05.04.39:653][567]LogModuleManager: Shutting down and abandoning module CoreUObject (5)
[2015.04.12-05.04.39:653][567]LogModuleManager: Shutting down and abandoning module NetworkFile (4)
[2015.04.12-05.04.39:671][567]LogModuleManager: Shutting down and abandoning module StreamingFile (3)
[2015.04.12-05.04.39:686][567]LogModuleManager: Shutting down and abandoning module SandboxFile (2)
[2015.04.12-05.04.39:699][567]LogModuleManager: Shutting down and abandoning module PakFile (1)
[2015.04.12-05.04.39:718][567]LogExit: Exiting.
[2015.04.12-05.04.39:759][567]Log file closed, 04/12/15 01:04:39
